<Issue id="42682" key="FAB-16795" number="16795" project="10002" reporter="vijaypunugubati" assignee="suryalnvs" creator="vijaypunugubati" type="10004" summary="fabric-test-daily-pte-master job: All 8 test cases failed with common error &quot;channel creation&quot;." priority="3" resolution="10000" status="6" created="2019-10-08 17:37:43.0" updated="2020-06-11 15:31:10.0" resolutiondate="2019-10-11 15:20:04.0" votes="0" watches="2" workflowId="55759"> <description><! CDATA fabric-test-daily-pte-master job: All 8 test cases failed with common error "channel creation".  Similar error was observed in fabric project and the bug was already fixed please refer this Jira item https://jira.hyperledger.org/browse/FAB-16776  Test cases: | Test Name|https://jenkins.hyperledger.org/view/fabric-test/job/fabric-test-daily-pte-master-x86_64/366/testReport/systest_pte/# | |!https://jenkins.hyperledger.org/static/d3ce8872/images/16x16/document_add.png!   systest_pte.Perf_Stress_CouchDB.test_FAB3832_4i_FAB3834_4q|https://jenkins.hyperledger.org/view/fabric-test/job/fabric-test-daily-pte-master-x86_64/366/testReport/systest_pte/Perf_Stress_CouchDB/test_FAB3832_4i_FAB3834_4q/ | |!https://jenkins.hyperledger.org/static/d3ce8872/images/16x16/document_add.png!   systest_pte.Perf_Stress_CouchDB.test_FAB3833_2i_FAB3810_2q|https://jenkins.hyperledger.org/view/fabric-test/job/fabric-test-daily-pte-master-x86_64/366/testReport/systest_pte/Perf_Stress_CouchDB/test_FAB3833_2i_FAB3810_2q/ | |!https://jenkins.hyperledger.org/static/d3ce8872/images/16x16/document_add.png!   systest_pte.Perf_Stress_CouchDB.test_FAB6813_4i_marbles_FAB8199_4q_FAB8200_4q_FAB8201_4q|https://jenkins.hyperledger.org/view/fabric-test/job/fabric-test-daily-pte-master-x86_64/366/testReport/systest_pte/Perf_Stress_CouchDB/test_FAB6813_4i_marbles_FAB8199_4q_FAB8200_4q_FAB8201_4q/ | |!https://jenkins.hyperledger.org/static/d3ce8872/images/16x16/document_add.png!   systest_pte.Perf_Stress_LevelDB.test_FAB3807_4i_FAB3835_4q|https://jenkins.hyperledger.org/view/fabric-test/job/fabric-test-daily-pte-master-x86_64/366/testReport/systest_pte/Perf_Stress_LevelDB/test_FAB3807_4i_FAB3835_4q/ | |!https://jenkins.hyperledger.org/static/d3ce8872/images/16x16/document_add.png!   systest_pte.Perf_Stress_LevelDB.test_FAB3808_2i_FAB3811_2q|https://jenkins.hyperledger.org/view/fabric-test/job/fabric-test-daily-pte-master-x86_64/366/testReport/systest_pte/Perf_Stress_LevelDB/test_FAB3808_2i_FAB3811_2q/ | |!https://jenkins.hyperledger.org/static/d3ce8872/images/16x16/document_add.png!   systest_pte.Perf_Stress_LevelDB.test_FAB7329_4i_channel_events|https://jenkins.hyperledger.org/view/fabric-test/job/fabric-test-daily-pte-master-x86_64/366/testReport/systest_pte/Perf_Stress_LevelDB/test_FAB7329_4i_channel_events/ | |!https://jenkins.hyperledger.org/static/d3ce8872/images/16x16/document_add.png!   systest_pte.Perf_Stress_LevelDB.test_FAB7333_4i_filtered_block_events|https://jenkins.hyperledger.org/view/fabric-test/job/fabric-test-daily-pte-master-x86_64/366/testReport/systest_pte/Perf_Stress_LevelDB/test_FAB7333_4i_filtered_block_events/ | |!https://jenkins.hyperledger.org/static/d3ce8872/images/16x16/document_add.png!   systest_pte.Perf_Stress_LevelDB.test_FAB7647_1i_latency|https://jenkins.hyperledger.org/view/fabric-test/job/fabric-test-daily-pte-master-x86_64/366/testReport/systest_pte/Perf_Stress_LevelDB/test_FAB7647_1i_latency/ |  *Branch:* Master  *Platform:* x86_64  *Error Snippet:* {code:java} /+ echo './pte_driver.sh CITest/FAB-3832-4i/preconfig/channels/runCases-chan-create-TLS.txt' + ./pte_driver.sh CITest/FAB-3832-4i/preconfig/channels/runCases-chan-create-TLS.txt #x1B 31merror#x1B 39m:  2019-10-05T00:59:20.244Z PTE 0 main :  createOrUpdateOneChannel  Failed to created/updated the channel (testorgschannel1) with result: {"status":"BAD_REQUEST","info":"error validating channel creation transaction for new channel 'testorgschannel1', could not successfully apply update to template configuration: error authorizing update: error validating DeltaSet: policy for  Group   /Channel/Application not satisfied: implicit policy evaluation failed - 0 sub-policies were satisfied, but this policy requires 1 of the 'Admins' sub-policies to be satisfied"} fs.js:646 return binding.open(pathModule._makeLong(path), stringToFlags(flags), mode); ^  Error: ENOENT: no such file or directory, open '../../pteReport.txt' at Object.fs.openSync (fs.js:646:18) at Object.fs.readFileSync (fs.js:551:33) at Object.<anonymous> (/w/workspace/fabric-test-daily-pte-master-x86_64/gopath/src/github.com/hyperledger/fabric-test/tools/PTE/CITest/scripts/get_pteReport.js:68:16) at Module._compile (module.js:652:30) at Object.Module._extensions..js (module.js:663:10) at Module.load (module.js:565:32) at tryModuleLoad (module.js:505:12) at Function.Module._load (module.js:497:3) at Function.Module.runMain (module.js:693:10) at startup (bootstrap_node.js:191:16) cat: ../../pteReport.txt: No such file or directory/ code placeholder {code} *Build Logs:*    https://jenkins.hyperledger.org/view/fabric-test/job/fabric-test-daily-pte-master-x86_64/366/artifact/gopath/src/github.com/hyperledger/fabric-test/tools/PTE/CITest/Logs/    https://jenkins.hyperledger.org/view/fabric-test/job/fabric-test-daily-pte-master-x86_64/366/consoleFull      ></description> </Issue>
