<Action id="63739" issue="42302" author="denyeart" type="comment" body=" ~andrew-coleman  Sounds like this one is happening frequently (timeout at different locations), can you take a look?" created="2019-09-12 19:17:57.0" updateauthor="denyeart" updated="2019-09-12 19:17:57.0"/>
<Action id="63970" issue="42302" author="heatherp" type="comment" created="2019-09-23 14:59:53.0" updateauthor="heatherp" updated="2019-09-23 14:59:53.0"> <body><! CDATA {{The same file is complaining in the latest merge build:}}  {{ https://jenkins.hyperledger.org/view/fabric-sdk-node/job/fabric-sdk-node-merge-x86_64/500/console }}  {{}} {code:java} 19:21:05  31mâœ– And I can call init on chaincode named example_cc_node as organization org1 on channel lifecyclechannel with args  "a","1000","b","2000"  39m #  90mtest/scenario/features/steps/chaincode_steps.js:206 39m 19:21:05  31mError: make sure the chaincode example_cc_node has been successfully defined on channel lifecyclechannel and try again: chaincode definition for 'example_cc_node' exists, but chaincode is not installed 39m 90m 39m{code}  ></body> </Action>
<Action id="64027" issue="42302" author="mbwhite" type="comment" body="Looking at this I would concur that this is a timing issue... the chaincode just isn&apos;t ready yet.Â " created="2019-09-24 13:34:12.0" updateauthor="mbwhite" updated="2019-09-24 13:34:12.0"/>
<Action id="64153" issue="42302" author="heatherp" type="comment" body=" ~vijaypunugubati  we believe Simon&apos;s latest commits have at least fixed the node sdk merge builds - can you let us know if this fixes the fabric end-2-end tests too?" created="2019-09-26 11:11:08.0" updateauthor="heatherp" updated="2019-09-26 11:11:08.0"/>
<Action id="64158" issue="42302" author="vijaypunugubati" type="comment" created="2019-09-26 14:10:58.0" updateauthor="vijaypunugubati" updated="2019-09-26 14:10:58.0"> <body><! CDATA  ~heatherp  It's good to see the sdk-node merge builds were fixed, and in fabric end-2-end testing we hit with new error missing `lib/gateway` module. Let me give some more info on gulp targets we execute on sdk-node and fabric end2end builds which could help to debug more:  in sdk-node builds we run `gulpÂ test, gulpÂ test-logging andÂ gulp run-test-scenario`  in fabric end -2-end we run `gulp run-test-merge` from this fileÂ  https://github.com/hyperledger/fabric-sdk-node/blob/master/build/tasks/test.js  {code:java} /00:33:12.130  13:33:36  Starting 'run-test-cucumber'... 00:33:12.445  00:33:12.445 > fabric-sdk-node@2.0.0-snapshot test:cucumber /w/workspace/fabric-merge-end-2-end-x86_64/gopath/src/github.com/hyperledger/fabric-sdk-node 00:33:12.445 > cucumber-js ./test/scenario/features/*.feature 00:33:12.445  00:33:13.452 Error: Cannot find module './lib/gateway' 00:33:13.452     at Function.Module._resolveFilename (internal/modules/cjs/loader.js:582:15) 00:33:13.452     at Function.Module._load (internal/modules/cjs/loader.js:508:25) 00:33:13.452     at Module.require (internal/modules/cjs/loader.js:637:17) 00:33:13.452     at require (internal/modules/cjs/helpers.js:22:18) 00:33:13.452     at Object.<anonymous> (/w/workspace/fabric-merge-end-2-end-x86_64/gopath/src/github.com/hyperledger/fabric-sdk-node/fabric-network/index.js:146:26) 00:33:13.452     at Module._compile (internal/modules/cjs/loader.js:701:30) 00:33:13.452     at Object.Module._extensions..js (internal/modules/cjs/loader.js:712:10) 00:33:13.452     at Module.load (internal/modules/cjs/loader.js:600:32) 00:33:13.452     at tryModuleLoad (internal/modules/cjs/loader.js:539:12) 00:33:13.452     at Function.Module._load (internal/modules/cjs/loader.js:531:3) 00:33:13.452     at Module.require (internal/modules/cjs/loader.js:637:17) 00:33:13.452     at require (internal/modules/cjs/helpers.js:22:18) 00:33:13.452     at Object.<anonymous> (/w/workspace/fabric-merge-end-2-end-x86_64/gopath/src/github.com/hyperledger/fabric-sdk-node/test/scenario/features/lib/network.js:7:28) 00:33:13.452     at Module._compile (internal/modules/cjs/loader.js:701:30) 00:33:13.452     at Object.Module._extensions..js (internal/modules/cjs/loader.js:712:10) 00:33:13.452     at Module.load (internal/modules/cjs/loader.js:600:32) 00:33:13.460 npm ERR! code ELIFECYCLE 00:33:13.460 npm ERR! errno 1 00:33:13.461 npm ERR! fabric-sdk-node@2.0.0-snapshot test:cucumber: `cucumber-js ./test/scenario/features/*.feature` 00:33:13.462 npm ERR! Exit status 1 00:33:13.462 npm ERR!  00:33:13.463 npm ERR! Failed at the fabric-sdk-node@2.0.0-snapshot test:cucumber script. 00:33:13.463 npm ERR! This is probably not a problem with npm. There is likely additional logging output above. 00:33:13.471  00:33:13.472 npm ERR! A complete log of this run can be found in: 00:33:13.472 npm ERR!     /home/jenkins/.npm/_logs/2019-09-26T13_33_37_993Z-debug.log 00:33:13.477  13:33:38  'run-test-cucumber' errored after 1.35 s 00:33:13.477  13:33:38   31mError 39m in plugin " 36mgulp-shell 39m" 00:33:13.477 Message: 00:33:13.477     Command `export HFC_LOGGING='{"debug":"/w/workspace/fabric-merge-end-2-end-x86_64/gopath/src/github.com/hyperledger/fabric-sdk-node/test/temp/debugc.log"}'; npm run test:cucumber` failed with exit code 1 00:33:13.479  13:33:38  'run-test-merge' errored after 3.44 s/ code placeholder {code}  ></body> </Action>
<Action id="64179" issue="42302" author="heatherp" type="comment" body="Ah ok, not good to hear you&apos;ve hit something new - as it&apos;s a different error to this one, could you raise a separate issue please? I&apos;m going to close this one." created="2019-09-27 10:25:02.0" updateauthor="heatherp" updated="2019-09-27 10:25:02.0"/>
