<Issue id="34818" key="FAB-12560" number="12560" project="10002" reporter="sambhavdutt" assignee="adnanchoudhury" creator="sambhavdutt" type="10004" summary="fabric-test-daily-lte job failed in perf_couchdb FAB_3876b due to Assertion error." priority="1" resolution="10002" status="6" created="2018-10-22 11:38:40.0" updated="2019-07-15 11:29:44.0" resolutiondate="2018-11-06 18:50:24.0" votes="0" watches="5" workflowId="46233"> <description><! CDATA There was one test case that failed in today's daily run for ledger_lte tests, perf_couchdb, *FAB_3876b* ,   {code:java} ledger_lte.perf_couchdb.test_FAB_3876b_VaryNumReadsInEachTx (from pytest)  02:47:39 =================================== FAILURES =================================== 02:47:39 _______________ perf_couchdb.test_FAB_3876b_VaryNumReadsInEachTx _______________ AssertionError: varyNumReadsPerTx for CouchDB performance test failed.  Please check the logfile output_VaryNumReadsPerTx_couchdb.log for more details.  logfile = open("output_VaryNumReadsPerTx_couchdb.log", "w") returncode = subprocess.call( "./runbenchmarks.sh -f parameters_couchdb_daily_CI.sh " "varyNumReadsPerTx", shell=True, stderr=subprocess.STDOUT, stdout=logfile, cwd=tool_directory) logfile.close() self.assertEqual(returncode, 0, msg="varyNumReadsPerTx for CouchDB " "performance test failed. \nPlease check the logfile " >               +logfile.name +" for more details.") E       AssertionError: varyNumReadsPerTx for CouchDB performance test failed.  E       Please check the logfile output_VaryNumReadsPerTx_couchdb.log for more details.  ledger_lte.py:364: AssertionError {code}  *Build Logs*  https://logs.hyperledger.org/production/vex-yul-hyp-jenkins-3/fabric-test-daily-lte-master-x86_64/62/  https://jenkins.hyperledger.org/view/Daily/job/fabric-test-daily-lte-master-x86_64/62/console  ></description> </Issue>
