<Issue id="33849" key="FABCN-272" number="272" project="11207" reporter="sambhavdutt" assignee="rameshthoomu" creator="sambhavdutt" type="10000" summary="fabric-merge and fabric-ca-merge end-2-end-x86_64 jobs are failing due to node chaincode." priority="3" resolution="10000" status="6" created="2018-09-18 14:30:31.0" updated="2019-11-30 21:15:02.0" resolutiondate="2018-10-02 11:27:07.0" votes="0" watches="7" workflowId="57090"> <description><! CDATA The fabric and fabric-ca end-2-end merge jobs are failing failing due to node chaincode, Copying the errors observed,   {code:java} 16:36:48 Tests run: 50, Failures: 0, Errors: 1, Skipped: 3, Time elapsed: 627.647 sec <<< FAILURE! - in org.hyperledger.fabric.sdkintegration.IntegrationSuite 16:36:48 setup(org.hyperledger.fabric.sdkintegration.End2endAndBackAgainNodeIT)  Time elapsed: 102.074 sec  <<< ERROR! 16:36:48 java.lang.RuntimeException:  16:36:48 java.util.concurrent.ExecutionException: java.lang.AssertionError: Test failed with java.lang.AssertionError exception Not enough endorsers for upgrade :1.  error starting container: error starting container: Failed to generate platform-specific docker build: Error returned from build: 1 "npm WARN deprecated @types/winston@2.4.4: This is a stub types definition. winston provides its own type definitions, so you do not need this installed. 16:36:48 npm WARN tar ENOENT: no such file or directory, open '/chaincode/output/node_modules/.staging/bytebuffer-f77373f8/dist/bytebuffer-node.js' 16:36:48 npm WARN tar ENOENT: no such file or directory, open '/chaincode/output/node_modules/.staging/jsrsasign-ad843b72/lib/jsrsasign-jwths-min.js' 16:36:48 npm WARN tar ENOENT: no such file or directory, open '/chaincode/output/node_modules/.staging/@types/node-4d8ae03d/inspector.d.ts' 16:36:48 npm WARN example_cc@1.0.0 No description 16:36:48 npm WARN example_cc@1.0.0 No repository field. 16:36:48  16:36:48 npm ERR! code EINTEGRITY {code}  *Build Logs*  https://logs.hyperledger.org/production/vex-yul-hyp-jenkins-3/fabric-merge-end-2-end-x86_64/3217/  https://logs.hyperledger.org/production/vex-yul-hyp-jenkins-3/fabric-ca-merge-end-2-end-x86_64/123/  ></description> </Issue>
