<Issue id="31180" key="FAB-10715" number="10715" project="10002" reporter="jtclark" assignee="latitiah" creator="jtclark" type="10004" summary="Inconsistencies in the fabric-nightly-release and fabric-verify-integration-tests jobs." priority="3" resolution="10000" status="6" created="2018-06-19 17:21:30.0" updated="2018-07-20 14:16:59.0" resolutiondate="2018-06-21 20:19:05.0" votes="0" watches="2" workflowId="42484"> <description><! CDATA h1. fabric-nightly-release  The fabric-nightly-release job is inconsistently failing with the following error(s): {code:java} 00:33:20.083 • Failure  34.111 seconds  00:33:20.084 EndToEndACL  It  enforces access control list policies  00:33:20.085 /w/workspace/fabric-nightly-release-job-x86_64/gopath/src/github.com/hyperledger/fabric/integration/e2e/acl_test.go:92 00:33:20.085  00:33:20.085   Timed out after 1.000s. 00:33:20.086   Expected process to exit.  It did not. 00:33:20.086  00:33:20.086   /w/workspace/fabric-nightly-release-job-x86_64/gopath/src/github.com/hyperledger/fabric/integration/e2e/acl_test.go:212 00:33:20.087 ------------------------------ 00:33:20.087  00:33:20.087  00:33:20.088 Summarizing 1 Failure: 00:33:20.088  00:33:20.093  Fail  EndToEndACL  It  enforces access control list policies  00:33:20.094 /w/workspace/fabric-nightly-release-job-x86_64/gopath/src/github.com/hyperledger/fabric/integration/e2e/acl_test.go:212 00:33:20.094  00:33:20.095 Ran 3 of 3 Specs in 164.030 seconds 00:33:20.098 FAIL! -- 2 Passed | 1 Failed | 0 Pending | 0 Skipped 00:33:20.098 --- FAIL: TestEndToEnd (164.03s) {code}  +*Commits*+  *FABRIC_COMMIT :* ec398ed *FABRIC_CA_COMMIT* : 744e032  +*Build Logs*+  Current Log (failure):  https://logs.hyperledger.org/production/vex-yul-hyp-jenkins-3/fabric-nightly-release-job-x86_64/20   Previous Log (failure):  https://logs.hyperledger.org/production/vex-yul-hyp-jenkins-3/fabric-nightly-release-job-x86_64/19     ---- h1. fabric-verify-integration-tests  The fabric-verify-integration-tests-x86_64 is failing with the following error(s): {code:java} 00:07:50.472 • Failure  9.831 seconds  00:07:50.475 CouchDB Runner  It  starts and stops a docker container with the specified image  00:07:50.477 /w/workspace/fabric-verify-integration-tests-x86_64/gopath/src/github.com/hyperledger/fabric/integration/runner/couchdb_test.go:158 00:07:50.478  00:07:50.479   Timed out after 1.000s. 00:07:50.479   Expected 00:07:50.479       <<-chan error | len:0, cap:1>: 0xc4205f49c0 00:07:50.480   to receive something. 00:07:50.480  00:07:50.481   /w/workspace/fabric-verify-integration-tests-x86_64/gopath/src/github.com/hyperledger/fabric/integration/runner/couchdb_test.go:198 00:07:50.482 ------------------------------ 00:08:15.137 •••••••••••••••••••••••••••••••••••••• 00:08:15.137  00:08:15.138 Summarizing 1 Failure: 00:08:15.138  00:08:15.142  Fail  CouchDB Runner  It  starts and stops a docker container with the specified image  00:08:15.143 /w/workspace/fabric-verify-integration-tests-x86_64/gopath/src/github.com/hyperledger/fabric/integration/runner/couchdb_test.go:198 00:08:15.143  00:08:15.144 Ran 40 of 40 Specs in 62.533 seconds 00:08:15.157 FAIL! -- 39 Passed | 1 Failed | 0 Pending | 0 Skipped 00:08:15.157 --- FAIL: TestRunner (62.53s) {code}  *+Commits+*  *FABRIC_GIT_COMMIT* =========> c227c81e7b51bac6f3371fa9a33e40a344d553b0   *+Build Logs+*  Current Log (failure): https://logs.hyperledger.org/production/vex-yul-hyp-jenkins-3/fabric-verify-integration-tests-x86_64/294  ></description> </Issue>
