<Issue id="36484" key="FAB-13492" number="13492" project="10002" reporter="sambhavdutt" assignee="latitiah" creator="sambhavdutt" type="10004" summary="CouchDB indexing tests (FAB-7264, FAB-7269) are failing consistently in the daily Behave tests." priority="2" resolution="10000" status="6" created="2019-01-05 19:33:44.0" updated="2019-03-19 11:12:55.0" resolutiondate="2019-01-11 14:43:14.0" votes="0" watches="6" workflowId="48022"> <description><! CDATA The CouchDB indexing tests are failing consistently in the release-1.4 and in the master branch for FAB-7264, FAB-7269 there is no response from the container *peer0.org1.example.com*  There is another CouchDB_index test failing in the last behave daily test,  *CouchDB_index.Testing Fabric CouchDB indexing.FAB-7270, FAB-7271, FAB-7272: Test CouchDB indexing using CC upgrade with marbles chaincode using NODE with 3 channels and 3 upgrade – @1.2* --> NPM Err observed.  *Consistent:* Yes  *Branches:* Master, release-1.4  *Error Snippet:* {code:java} 10:21:37 Failing scenarios: 10:21:37   CouchDB_index.feature:237  FAB-7264: Test CouchDB indexing using CC upgrade with marbles chaincode using GOLANG with 3 channels and 1 upgrade -- @1.1  . . 10:21:37   CouchDB_index.feature:238  FAB-7269: Test CouchDB indexing using CC upgrade with marbles chaincode using NODE with 3 channels and 1 upgrade -- @1.2  {code} {code:java} CouchDB_index.Testing Fabric CouchDB indexing.FAB-7270, FAB-7271, FAB-7272: Test CouchDB indexing using CC upgrade with marbles chaincode using NODE with 3 channels and 3 upgrade -- @1.2   EINTEGRITY\nnpm ERR! sha512-55Kcx1MhPZX0zTbVosMQEO5R6/rikNXd9b6RQK4KSPcrSIIwoXTtebIczUrXlwaSrbz4x8XUVThGPob1n8I4QA== integrity checksum failed when using sha512: wanted sha512-55Kcx1MhPZX0zTbVosMQEO5R6/rikNXd9b6RQK4KSPcrSIIwoXTtebIczUrXlwaSrbz4x8XUVThGPob1n8I4QA== but got sha512-PiJq19YTknEgnbAoc5Bmppu5qZgVNadeoBkmHPeVuXkcHjJshu29VZa4ADxkSAG2bHpUWrsOyUw+AuSYw+tMSw==. (428678 bytes)\n\nnpm ERR! A complete log of this run can be found in:\nnpm ERR!     /root/.npm/_logs/2019-01-09T02_11_51_323Z-debug.log\n"\n'} {code} *Error Logs*  https://jenkins.hyperledger.org/view/fabric-test/job/fabric-test-daily-behave-release-1.4-x86_64/24/testReport/CouchDB_index/Testing%20Fabric%20CouchDB%20indexing/FAB_7264__Test_CouchDB_indexing_using_CC_upgrade_with_marbles_chaincode_using_GOLANG_with_3_channels_and_1_upgrade_____1_1_/    https://jenkins.hyperledger.org/view/fabric-test/job/fabric-test-daily-behave-release-1.4-x86_64/24/testReport/CouchDB_index/Testing%20Fabric%20CouchDB%20indexing/FAB_7269__Test_CouchDB_indexing_using_CC_upgrade_with_marbles_chaincode_using_NODE_with_3_channels_and_1_upgrade_____1_2_/     https://jenkins.hyperledger.org/view/fabric-test/job/fabric-test-daily-behave-release-1.4-x86_64/24/testReport/CouchDB_index/Testing%20Fabric%20CouchDB%20indexing/FAB_7270__FAB_7271__FAB_7272__Test_CouchDB_indexing_using_CC_upgrade_with_marbles_chaincode_using_NODE_with_3_channels_and_3_upgrade_____1_2_/   *Build Log*  https://logs.hyperledger.org/production/vex-yul-hyp-jenkins-3/fabric-test-daily-behave-release-1.4-x86_64/24/Behave_Test_Logs/   ></description> </Issue>
