<Issue id="28827" key="FAB-9104" number="9104" project="10002" reporter="sykesm" assignee="mastersingh24" creator="sykesm" type="10001" summary="Test flakes in core/comm package related to context deadline timeouts" priority="4" resolution="10000" status="6" created="2018-03-25 16:22:24.0" updated="2019-03-19 10:57:27.0" resolutiondate="2018-03-31 19:37:28.0" votes="0" watches="2" workflowId="41623"> <description><! CDATA Hitting the following unit-test issue: {code:java} unit-tests_1  | --- FAIL: TestNewConnection (0.03s)  unit-tests_1  |     --- FAIL: TestNewConnection/client_TLS_/_server_TLS_match (10.00s)  unit-tests_1  |     client_test.go:273: starting server with TLS  unit-tests_1  |     client_test.go:282: server: accepted from 127.0.0.1:39454  unit-tests_1  |     client_test.go:286: tls handshake error: tls: first record does not look like a TLS handshake          Error Trace:    client_test.go:297  unit-tesError:      Received unexpected error:  unit-tes            context deadline exceeded  unit-tes            github.com/hyperledger/fabric/core/comm.(*GRPCClient).NewConnection  unit-tes            github.com/hyperledger/fabric/core/comm/_test/_obj_test/client.go:191  unit-tes            github.com/hyperledger/fabric/core/comm_test.TestNewConnection.func1  unit-tes            /opt/gopath/src/github.com/hyperledger/fabric/core/comm/client_test.go:294  unit-tes            testing.tRunner  unit-tes            /opt/go/src/testing/testing.go:746  unit-tes            runtime.goexit  unit-tes            /opt/go/src/runtime/asm_amd64.s:2337  unit-tes            failed to create new connection  unit-tesTest:       TestNewConnection/client_TLS_/_server_TLS_match          Error Trace:    client_test.go:298  unit-tesError:      Expected value not to be nil.  unit-tesTest:       TestNewConnection/client_TLS_/_server_TLS_match  unit-tests_1  | FAIL  unit-tests_1  | coverage: 90.5% of statements  unit-tests_1  | FAIL	github.com/hyperledger/fabric/core/comm	24.667s{code} Similar (though not identical) issues have been observed in jenkins builds. For example:  https://jenkins.hyperledger.org/job/fabric-verify-x86_64/21824/consoleFull  ></description> </Issue>
