<Issue id="37491" key="FABN-1129" number="1129" project="10604" reporter="vijaypunugubati" creator="vijaypunugubati" type="10004" summary="test-fv-scenario fail in fabric-sdk-node@2.0.0-snapshot test cucumber " priority="3" resolution="10203" status="6" created="2019-02-07 15:02:58.0" updated="2019-03-19 11:13:43.0" resolutiondate="2019-02-27 16:07:48.0" votes="0" watches="3" workflowId="49099"> <description><! CDATA *Summary:* one of the scenario out of four fail while running cucumber test on the fabric-sdk-node-merge job.  *Firsttime: yes*  *Branch: master***  *Platform:* ** *s390x*  *Error Snippet:* {code:java} /00:37:52.917    ��� And I can create a gateway named discovery_gateway as user User1 within Org1 using the discovery common connection profile # test/scenario/features/steps/network_steps.js:18 00:37:52.917    ��� And I use the gateway named discovery_gateway to submit a transaction with args  initMarble,marble1,blue,35,tom  for chaincode marbles instantiated on channel mychannel # test/scenario/features/steps/network_steps.js:35 00:37:52.917        Error: Endorsement has failed 00:37:52.917            at DiscoveryEndorsementHandler._endorse (/w/workspace/fabric-sdk-node-merge-s390x/gopath/src/github.com/hyperledger/fabric-sdk-node/fabric-client/lib/impl/DiscoveryEndorsementHandler.js:29:713) 00:37:52.917            at <anonymous> 00:37:52.917            at process._tickCallback (internal/process/next_tick.js:189:7) 00:37:52.918    - And I use the gateway named discovery_gateway to evaluate transaction with args  readMarble,marble1  for chaincode marbles instantiated on channel mychannel with the response matching {"color":"blue","docType":"marble","name":"marble1","owner":"tom","size":35} # test/scenario/features/steps/network_steps.js:39 00:37:52.918    - And I can disconnect from the gateway named discovery_gateway # test/scenario/features/steps/network_steps.js:50 00:37:52.918    ��� After # test/scenario/features/support/hooks.js:17 00:37:52.918  00:37:52.918 4 scenarios (1 failed, 3 passed) 00:37:52.918 30 steps (1 failed, 2 skipped, 27 passed) 00:37:52.918 8m48.359s 00:37:52.918 npm ERR! code ELIFECYCLE 00:37:52.918 npm ERR! errno 1 00:37:52.918 npm ERR! fabric-sdk-node@2.0.0-snapshot test:cucumber: `cucumber-js ./test/scenario/features/*.feature` 00:37:52.918 npm ERR! Exit status 1 00:37:52.918 npm ERR!  00:37:52.918 npm ERR! Failed at the fabric-sdk-node@2.0.0-snapshot test:cucumber script. 00:37:52.918 npm ERR! This is probably not a problem with npm. There is likely additional logging output above. 00:37:52.918 / code placeholder {code} *Build Logs: https://jenkins.hyperledger.org/view/fabric-sdk-node/job/fabric-sdk-node-merge-s390x/206/consoleFull*  *Attachments:* ** *< None>*  ></description> </Issue>
