<Issue id="41790" key="FABJ-469" number="469" project="10605" reporter="vijaypunugubati" assignee="bestbeforetoday" creator="vijaypunugubati" type="10004" summary="fabric-merge-end-2-end job: sdkintegration.End2endIT test failure " priority="1" resolution="10000" status="6" created="2019-08-14 10:19:59.0" updated="2019-09-09 17:25:22.0" resolutiondate="2019-09-09 17:25:04.0" votes="0" watches="7" workflowId="54829"> <description><! CDATA sdkintegration.End2endIT tets failure in blockwalker:1011 expected github.com/example_cc but got null value.  We don't know when which commit introduced the first failure, but the first observed failure was 13th August.  Prior to this there was a problem with sdk-node which stopped end-to-end builds before executing the sdk-java test. As such, this failure was hidden.  *Branch:* Master  *Platform:* x86_64  *Error Snippet:*  {code:java} /00:37:43.667  ERROR  Tests run: 50, Failures: 1, Errors: 0, Skipped: 0, Time elapsed: 795.294 s <<< FAILURE! - in org.hyperledger.fabric.sdkintegration.IntegrationSuite 00:37:43.667  ERROR  setup(org.hyperledger.fabric.sdkintegration.End2endIT)  Time elapsed: 46.07 s  <<< FAILURE! 00:37:43.667 org.junit.ComparisonFailure: expected:< github.com/example_cc > but was:<  > 00:37:43.667 	at org.hyperledger.fabric.sdkintegration.End2endIT.blockWalker(End2endIT.java:1011) 00:37:43.667 	at org.hyperledger.fabric.sdkintegration.End2endIT.runFabricTest(End2endIT.java:231) 00:37:43.667 	at org.hyperledger.fabric.sdkintegration.End2endIT.setup(End2endIT.java:190) 00:37:43.667  00:37:44.082  INFO   00:37:44.082  INFO  Results: 00:37:44.082  INFO   00:37:44.083  ERROR  Failures:  00:37:44.083  ERROR    End2endIT.setup:190->runFabricTest:231->blockWalker:1011 expected:< github.com/example_cc > but was:<  > 00:37:44.083  INFO  / code placeholder {code} *Build:*  https://jenkins.hyperledger.org/view/Merge/job/fabric-merge-end-2-end-x86_64/6111/consoleFull  **      ></description> </Issue>
