<Issue id="38181" key="FABG-823" number="823" project="10610" reporter="sambhavdutt" assignee="troyronda" creator="sambhavdutt" type="10004" summary="The sdk-go tests are failing consistently in the sdkgo integration tests" priority="3" resolution="10000" status="6" created="2019-03-04 16:09:01.0" updated="2019-03-19 11:13:14.0" resolutiondate="2019-03-11 16:53:22.0" votes="0" watches="3" workflowId="49801"> <description><! CDATA The sdkgo tests are failing in the integration tests, error getting additional Endorsers,   *Consistent:* Yes *Branch:* master *Platform:* s390x, x86_64 *Error Snippet:*  {code:java} 15:25:10 chaincoded_1         | 2019-03-01 20:25:10.483 UTC  shim  handleGetState -> ERRO 001  7b7527e2  GetState received error ERROR 15:25:10 integration-tests_1  | Installing and instantiating example chaincode...Done  739 ms  15:25:10 integration-tests_1  |   fabsdk/client  2019/03/01 20:25:05 UTC - invoke.(*SelectAndEndorseHandler).Handle -> WARN error getting additional endorsers: error getting additional endorsers: error getting channel response for channel  orgchannel : Discovery status Code: (11) UNKNOWN. Description: error received from Discovery Server: failed constructing descriptor for chaincodes:<name:"example_pvt_cc_20190301202135rb3izm7gml" collection_names:"collection1" >  15:25:10 integration-tests_1  | --- FAIL: TestPrivateDataReconcilePutAndGet (2.75s) 15:25:10 integration-tests_1  |     channel_client_pvt_test.go:423: Got response payload:    15:25:10 integration-tests_1  |     channel_client_pvt_test.go:435: Got response payload:    {code}  *Build Log*  https://logs.hyperledger.org/production/vex-yul-hyp-jenkins-3/fabric-sdk-go-tests-merge-x86_64/979/  ></description> </Issue>
