<Issue id="35634" key="FAB-13001" number="13001" project="10002" reporter="sambhavdutt" assignee="manish-sethi" creator="sambhavdutt" type="10004" summary="The fabric-test-lte-daily-master job has been failing consistently in all test cases, Assertion Error VaryNumParallelTxPerChain" priority="2" resolution="10000" status="6" created="2018-11-27 16:16:41.0" updated="2019-03-19 11:13:10.0" resolutiondate="2018-11-30 16:08:29.0" votes="0" watches="7" workflowId="47108"> <description><! CDATA The lte daily test for master branch has been failing consistently in master branch, VaryNumParallelTxPerChain error observed in all lte test cases(goleveldb, couchdb)   These tests failed in just 4 minutes after start, it usually takes around 3 hours on Jenkins vm for the complete lte test.  This has been observed in two runs as the tests were not triggered from 17th November to 26th November.   {code:java} 15:39:08 ledger_lte.py::perf_goleveldb::test_FAB_3790_VaryNumParallelTxPerChain FAILED 15:39:12 ledger_lte.py::perf_goleveldb::test_FAB_3795_VaryNumChains FAILED 15:39:16 ledger_lte.py::perf_goleveldb::test_FAB_3798_VaryNumParallelTxWithSingleChain FAILED 15:39:20 ledger_lte.py::perf_goleveldb::test_FAB_3799_VaryNumChainsWithNoParallelism FAILED 15:39:24 ledger_lte.py::perf_goleveldb::test_FAB_3800a_VaryNumWritesInEachTx FAILED 15:39:29 ledger_lte.py::perf_goleveldb::test_FAB_3800b_VaryNumReadsInEachTx FAILED 15:39:33 ledger_lte.py::perf_goleveldb::test_FAB_3801_VaryKVSize FAILED 15:39:37 ledger_lte.py::perf_goleveldb::test_FAB_3802_VaryBatchSize FAILED 15:39:40 ledger_lte.py::perf_goleveldb::test_FAB_3803_VaryNumTxs FAILED 15:39:53 ledger_lte.py::perf_couchdb::test_FAB_3870_VaryNumParallelTxPerChain FAILED 15:40:04 ledger_lte.py::perf_couchdb::test_FAB_3871_VaryNumChain FAILED 15:40:16 ledger_lte.py::perf_couchdb::test_FAB_3872_VaryNumParallelTxWithSingleChain FAILED 15:40:28 ledger_lte.py::perf_couchdb::test_FAB_3873_VaryNumChainWithNoParallelism FAILED 15:40:40 ledger_lte.py::perf_couchdb::test_FAB_3874_VaryKVSize FAILED 15:40:55 ledger_lte.py::perf_couchdb::test_FAB_3875_VaryBatchSize FAILED 15:41:09 ledger_lte.py::perf_couchdb::test_FAB_3876a_VaryNumWritesInEachTx FAILED 15:41:21 ledger_lte.py::perf_couchdb::test_FAB_3876b_VaryNumReadsInEachTx FAILED 15:41:33 ledger_lte.py::perf_couchdb::test_FAB_3877_VaryNumTxs FAILED . . 15:41:33         logfile = open("output_VaryNumParallelTxPerChain.log", "w") 15:41:33         returncode = subprocess.call( 15:41:33                 "./runbenchmarks.sh -f parameters_daily_CI.sh " 15:41:33                 "varyNumParallelTxPerChain", 15:41:33                 shell=True, stderr=subprocess.STDOUT, stdout=logfile, 15:41:33                 cwd=tool_directory) 15:41:33         logfile.close() 15:41:33         self.assertEqual(returncode, 0, msg="VaryNumParallelTxPerChain " 15:41:33                 "performance test failed. \nPlease check the logfile " 15:41:33 >               +logfile.name+" for more details.") 15:41:33 E       AssertionError: VaryNumParallelTxPerChain performance test failed.  15:41:33 E       Please check the logfile output_VaryNumParallelTxPerChain.log for more details. {code}   *Error Logs* https://jenkins.hyperledger.org/view/fabric-test/job/fabric-test-daily-lte-master-x86_64/85/testReport/  https://github.com/hyperledger/fabric-test/blob/9475b717fd889fbaabe71403d729a200b47599de/regression/daily/ledger_lte.py#L46  *Build Logs*  https://jenkins.hyperledger.org/view/fabric-test/job/fabric-test-daily-lte-master-x86_64/85/console  https://logs.hyperledger.org/production/vex-yul-hyp-jenkins-3/fabric-test-daily-lte-master-x86_64/85/  ></description> </Issue>
