<Action id="49363" issue="33208" author="denyeart" type="comment" body=" ~muralisr  I think you have background with this test... could you take a look at why it may be failing unit test intermittently?" created="2018-08-24 22:09:57.0" updateauthor="denyeart" updated="2018-08-24 22:09:57.0"/>
<Action id="49368" issue="33208" author="wlahti" type="comment" body="Harsha reached out to me yesterday and already provided access to a ppc64le machine where the issue can be reproduced. I&apos;ve started looking into it and will reach out to Murali if I have any questions regarding the test. " created="2018-08-25 12:03:57.0" updateauthor="wlahti" updated="2018-08-25 12:03:57.0"/>
<Action id="49372" issue="33208" author="muralisr" type="comment" created="2018-08-25 14:00:31.0" updateauthor="muralisr" updated="2018-08-25 14:00:31.0"> <body><! CDATA Sounds good  ~wlahti      This is the error we are talking about correct ? {code:java} unit-tests_1  | removing dir = /tmp/hyperledger/test/tmpdb/ledgersDataunit-tests_1  | removing dir = /tmp/hyperledger/test/tmpdb/ledgersDataunit-tests_1  | --- FAIL: TestChaincodeInvokeChaincode (177.66s)unit-tests_1  |     --- FAIL: TestChaincodeInvokeChaincode/GOLANG (68.52s)unit-tests_1  |      exectransaction_test.go:675: Error invoking <cc_go_927067>: Error invoking chaincode: Failed to invoke chaincode. Got error: INVOKE_CHAINCODE failed: transaction ID: 36d9b34b-4d28-4536-8ae0-6836905f7c67: cannot retrieve package for chaincode cc_go_820744/0, error open /tmp/hyperledger/test/tmpdb/chaincodes/cc_go_820744.0: no such file or directory{code}  ></body> </Action>
<Action id="49377" issue="33208" author="harsha544" type="comment" created="2018-08-25 18:03:33.0" updateauthor="harsha544" updated="2018-08-25 18:03:33.0"> <body><! CDATA  ~muralisr  That's right, that's the failing func i.e TestChaincodeInvokeChaincode.  ~wlahti  do correct me if my understanding is wrong.  ></body> </Action>
<Action id="49381" issue="33208" author="denyeart" type="comment" body="Ok, sorry for the confusion  ~wlahti !  I talked to Harsha and I thought he was saying he assigned to you because you reported the problem to him, not because you are working it. Thanks for looking into it!" created="2018-08-26 11:34:41.0" updateauthor="denyeart" updated="2018-08-26 11:34:41.0"/>
<Action id="49566" issue="33208" author="wlahti" type="comment" body="Well I tried entirely too many different things with refactoring tests / ccprovider code before stepping back and starting from the beginning. Think I found the root cause and it&apos;s an easy fix. I&apos;ve run &quot;make unit-test&quot; a few times now on the ppc64le machine and each run has been successful so far. I&apos;ll have a CR available shortly. " created="2018-08-29 16:50:48.0" updateauthor="wlahti" updated="2018-08-29 16:50:48.0"/>
<Action id="49567" issue="33208" author="wlahti" type="comment" body="https://gerrit.hyperledger.org/r/c/25956/" created="2018-08-29 17:20:52.0" updateauthor="wlahti" updated="2018-08-29 17:20:52.0"/>
<Action id="49569" issue="33208" author="harsha544" type="comment" created="2018-08-29 19:31:16.0" updateauthor="harsha544" updated="2018-08-29 19:31:16.0"> <body><! CDATA Thank you for the fix  ~wlahti    Have triggered multiple jobs in Sandbox Env ( https://jenkins.hyperledger.org/sandbox/job/fabric-daily-ppc64le/)  with Will's PR, reported  UT now consistently passes on ppc64le nodes.   FWIW,  the latest fabric-daily-ppc64le status is here https://jenkins.hyperledger.org/sandbox/job/fabric-daily-ppc64le/8/console  ></body> </Action>
