<Issue id="42421" key="FAB-16657" number="16657" project="10002" reporter="vijaypunugubati" assignee="vijaypunugubati" creator="vijaypunugubati" type="10004" summary="fabric-test-daily-behave-master job: Fabric-ca feature, failed to launch chaincode container, only when using java cc shim" priority="3" resolution="10000" status="6" created="2019-09-19 14:37:35.0" updated="2019-11-01 13:09:42.0" resolutiondate="2019-10-25 15:34:45.0" votes="0" watches="4" workflowId="55478"> <description><! CDATA fabric-test-daily-behave-master job: Fabric-ca feature FAB-11621, FAB-6489 failed to launch chaincode container due to docker image build failed with runtime_launcher exited.  The first-time failure was observed on Sep 14, 2019. (Build job 348 was clean; job 349 on Sep 14 showed the two tests failing, and every day since.)   *Branch:* Master  *Platform:* x86_64  *Error Snippet:*  {code:java} /Error: could not assemble transaction, err proposal response was not successful, error code 500, msg error in simulation: could not launch chaincode mycc:0: error starting container: error building image: failed external (no builders defined) and docker build: docker image build failed: docker build failed: Error returned from build: 1 "Gradle build/ code placeholder {code} *From peer logs:* {code:java} /docker image build failed github.com/hyperledger/fabric/core/container/dockercontroller.(*DockerVM).Build 	/go/src/github.com/hyperledger/fabric/core/container/dockercontroller/dockercontroller.go:195 github.com/hyperledger/fabric/core/container.(*Router).Build 	/go/src/github.com/hyperledger/fabric/core/container/container.go:111 github.com/hyperledger/fabric/core/chaincode.(*ContainerRuntime).Start 	/go/src/github.com/hyperledger/fabric/core/chaincode/container_runtime.go:58 github.com/hyperledger/fabric/core/chaincode.(*RuntimeLauncher).Launch.func1 	/go/src/github.com/hyperledger/fabric/core/chaincode/runtime_launcher.go:41 runtime.goexit 	/usr/local/go/src/runtime/asm_amd64.s:1337 failed external (no builders defined) and docker build error building image error starting container could not launch chaincode mycc:0/ code placeholder {code} *Build Logs:*    https://logs.hyperledger.org/production/vex-yul-hyp-jenkins-3/fabric-test-daily-behave-master-x86_64/354/Behave_Test_Logs/    https://jenkins.hyperledger.org/view/fabric-test/job/fabric-test-daily-behave-master-x86_64/354/consoleFull      ></description> </Issue>
