<Issue id="33469" key="FAB-11858" number="11858" project="10002" reporter="sambhavdutt" assignee="scottz" creator="sambhavdutt" type="10004" summary="fabric-test-daily PTE (master branch) is failing due to AssertionError." priority="1" resolution="10000" status="6" created="2018-09-04 15:13:47.0" updated="2019-03-19 11:13:33.0" resolutiondate="2018-09-05 00:07:58.0" votes="0" watches="6" workflowId="44757"> <description><! CDATA The daily PTE tests for master branch are failing due to Assertion, Copying the errors observed,  {code:java} systest_pte.Perf_Stress_CouchDB.test_FAB3832_4i_FAB3834_4q (from pytest)   22:56:51 systest_pte.py::Perf_Stress_CouchDB::test_FAB3832_4i_FAB3834_4q FAILED 23:24:23 systest_pte.py::Perf_Stress_CouchDB::test_FAB3833_2i_FAB3810_2q FAILED 23:48:53 systest_pte.py::Perf_Stress_LevelDB::test_FAB3807_4i_FAB3835_4q FAILED 00:12:55 systest_pte.py::Perf_Stress_LevelDB::test_FAB3808_2i_FAB3811_2q FAILED  Error Message  AssertionError: 0 != 2  self.assertEqual(returncode, 0, msg="Test Failed; check for errors in fabric-test/tools/PTE/CITest/Logs/")  # tear down the network, including all the nodes docker containers returncode = subprocess.call("./networkLauncher.sh -a down", cwd=nl_directory, shell=True)  # (#orgs * #chaincodes * #channels * #threads per org * 10,000 TX per thread): #     2*1*1*2*10000=40000 # and the expected count of occurances will be the number of orgs: #     2 invokeTxSucceeded = subprocess.check_output( "grep \"Channel: all, tx Num: 40000,\" result_FAB-3832-4i.log | wc -l", cwd=scenarios_directory, shell=True) self.assertEqual(int(invokeTxSucceeded.strip()), 2)  # (#chaincodes * #channels * #threads per org * 10,000 TX per thread): #     1*1*2*10000=20000 # and compute the count of occurances as (#orgs * #threads per org * #channels): #     2*1*1=2 queryTxSucceeded = subprocess.check_output( "grep \"Total QUERY transaction 20000,\" result_FAB-3832-4i.log | wc -l", cwd=scenarios_directory, shell=True) >       self.assertEqual(int(queryTxSucceeded.strip()), 2) E       AssertionError: 0 != 2  systest_pte.py:164: AssertionError {code}  *Build Logs*  https://jenkins.hyperledger.org/view/fabric-test/job/fabric-test-daily-pte-master-x86_64/22/testReport/systest_pte/Perf_Stress_CouchDB/test_FAB3832_4i_FAB3834_4q/  https://logs.hyperledger.org/production/vex-yul-hyp-jenkins-3/fabric-test-daily-pte-master-x86_64/22/  ></description> </Issue>
