<Issue id="34681" key="FAB-12464" number="12464" project="10002" reporter="sambhavdutt" assignee="baha-sk" creator="sambhavdutt" type="10004" summary="fabric-sdk-go-tests-merge-s390x job is failing due to Integration error." priority="3" resolution="10000" status="6" created="2018-10-15 12:44:36.0" updated="2019-03-19 11:13:45.0" resolutiondate="2018-11-05 14:28:35.0" votes="0" watches="4" workflowId="46085"> <description><! CDATA Observed the below errors in the go tests merge jobs for s390x,  {code:java} 07:23:10 integration-tests_1  | Installing and instantiating example chaincode...Done  802 ms  07:23:10 integration-tests_1  |   fabsdk/fab  2018/10/13 11:22:59 UTC - txn.getTargetsWithoutDuplicates -> WARN Duplicate target peers in configuration 07:23:10 integration-tests_1  | --- FAIL: TestCCToCC (1.53s) 07:23:10 integration-tests_1  |     --- FAIL: TestCCToCC/Should_fail (0.01s) 07:23:10 integration-tests_1  |     	assertions.go:247:   	Error Trace:	channel_client_test.go:282 07:23:10 integration-tests_1  |     		 	Error:      	Not equal:  07:23:10 integration-tests_1  |     		 	            	expected: 10 07:23:10 integration-tests_1  |     		 	            	actual  : 500 07:23:10 integration-tests_1  |     		 	Test:       	TestCCToCC/Should_fail 07:23:10 integration-tests_1  | FAIL 07:23:10 integration-tests_1  | FAIL	github.com/hyperledger/fabric-sdk-go/test/integration/pkg/client/channel	218.493s 07:23:25 integration-tests_1  | ok  	github.com/hyperledger/fabric-sdk-go/test/integration/pkg/client/common/discovery	13.500s 07:23:50 integration-tests_1  | ok  	github.com/hyperledger/fabric-sdk-go/test/integration/pkg/client/common/selection	22.829s 07:23:54 integration-tests_1  | ok  	github.com/hyperledger/fabric-sdk-go/test/integration/pkg/client/event	3.330s 07:23:59 integration-tests_1  | --- FAIL: TestLedgerQueries (1.57s) 07:23:59 integration-tests_1  | 	channel_ledger_test.go:111: Failed to change block state (invoke transaction). Return error: query funds failed: Transaction processing for endorser  peer1.org1.example.com:7151 : Chaincode status Code: (500) UNKNOWN. Description: {"Error":"Nil amount for key-TestLedgerQueries-08h234ze1i"} 07:23:59 integration-tests_1  | FAIL 07:23:59 integration-tests_1  | FAIL	github.com/hyperledger/fabric-sdk-go/test/integration/pkg/client/ledger	2.523s 07:24:03 integration-tests_1  | ok  	github.com/hyperledger/fabric-sdk-go/test/integration/pkg/client/msp	3.298s 07:24:06 integration-tests_1  | ok  	github.com/hyperledger/fabric-sdk-go/test/integration/pkg/client/resmgmt	0.797s 07:24:08 integration-tests_1  | ok  	github.com/hyperledger/fabric-sdk-go/test/integration/pkg/context	0.820s 07:24:20 integration-tests_1  | ok  	github.com/hyperledger/fabric-sdk-go/test/integration/pkg/fab	10.521s 07:24:26 integration-tests_1  | ok  	github.com/hyperledger/fabric-sdk-go/test/integration/pkg/fabsdk/provider	3.863s 07:24:26 integration-tests_1  | ?   	github.com/hyperledger/fabric-sdk-go/test/integration/util/runner	 no test files  07:24:26 fabsdkgo_integration-tests_1 exited with code 1 {code}  *Build Log*  https://logs.hyperledger.org/production/vex-yul-hyp-jenkins-3/fabric-sdk-go-tests-merge-s390x/866/  ></description> </Issue>
