<Issue id="15464" key="FAB-2890" number="2890" project="10002" reporter="rameshthoomu" assignee="rameshthoomu" creator="rameshthoomu" type="10004" summary="Build failures with log config issue in Jenkins (CI)" priority="3" resolution="10000" status="6" created="2017-03-27 13:44:15.0" updated="2018-07-20 14:12:03.0" resolutiondate="2017-04-02 15:14:44.0" votes="0" watches="1" workflowId="37847"> <description><! CDATA noticed builds are failing with below error **jenkins-log-archives-settings but can not find the config**  {code:java} 04:23:57 ERROR: your Apache Maven build is setup to use a config with id jenkins-log-archives-settings but can not find the config 04:23:57 ERROR: Build step failed with exception 04:23:57 java.lang.IllegalStateException: your Apache Maven build is setup to use a config with id jenkins-log-archives-settings but can not find the config 04:23:57 	at org.jenkinsci.plugins.configfiles.maven.job.MvnSettingsProvider.supplySettings(MvnSettingsProvider.java:76) 04:23:57 	at jenkins.mvn.SettingsProvider.getSettingsFilePath(SettingsProvider.java:53) 04:23:57 	at jenkins.mvn.SettingsProvider.getSettingsRemotePath(SettingsProvider.java:70) 04:23:57 	at hudson.tasks.Maven.perform(Maven.java:331) 04:23:57 	at org.jenkinsci.plugins.postbuildscript.PostBuildScript.processBuildSteps(PostBuildScript.java:204) 04:23:57 	at org.jenkinsci.plugins.postbuildscript.PostBuildScript.processScripts(PostBuildScript.java:143) 04:23:57 	at org.jenkinsci.plugins.postbuildscript.PostBuildScript._perform(PostBuildScript.java:105) 04:23:57 	at org.jenkinsci.plugins.postbuildscript.PostBuildScript.perform(PostBuildScript.java:85) 04:23:57 	at hudson.tasks.BuildStepMonitor$1.perform(BuildStepMonitor.java:20) 04:23:57 	at hudson.model.AbstractBuild$AbstractBuildExecution.perform(AbstractBuild.java:779) 04:23:57 	at hudson.model.AbstractBuild$AbstractBuildExecution.performAllBuildSteps(AbstractBuild.java:720) 04:23:57 	at hudson.model.Build$BuildExecution.post2(Build.java:185) 04:23:57 	at hudson.model.AbstractBuild$AbstractBuildExecution.post(AbstractBuild.java:665) 04:23:57 	at hudson.model.Run.execute(Run.java:1753) 04:23:57 	at hudson.model.FreeStyleBuild.run(FreeStyleBuild.java:43) 04:23:57 	at hudson.model.ResourceController.execute(ResourceController.java:98) 04:23:57 	at hudson.model.Executor.run(Executor.java:404) 04:23:57 Build step 'Execute a set of scripts' marked build as failure 04:23:57 Archiving artifacts 04:23:58 Recording fingerprints 04:23:58 Finished: FAILURE {code}   ></description> </Issue>
