<Issue id="39187" key="IS-1230" number="1230" project="10401" reporter="pranav_kirtani" assignee="pranav_kirtani" creator="pranav_kirtani" type="10004" summary="Unable to install indy-sdk on Windows 10" priority="1" resolution="10000" status="10001" created="2019-04-10 05:57:11.0" updated="2019-07-08 12:10:18.0" resolutiondate="2019-07-08 09:16:34.0" votes="0" watches="3" workflowId="52064"> <description><! CDATA Hi,  I tried following the steps in the guide to install indy-sdk but I get the below error:  D:\indy-sdk\indy-sdk\samples\nodejs>npm install indy-sdk  > indy-sdk@1.8.2 install D:\indy-sdk\indy-sdk\samples\nodejs\node_modules\indy-sdk > node-gyp rebuild   D:\indy-sdk\indy-sdk\samples\nodejs\node_modules\indy-sdk>if not defined npm_config_node_gyp (node "C:\Program Files\nodejs\node_modules\npm\node_modules\npm-lifecycle\node-gyp-bin\\..\..\node_modules\node-gyp\bin\node-gyp.js" rebuild ) else (node "C:\Program Files\nodejs\node_modules\npm\node_modules\node-gyp\bin\node-gyp.js" rebuild ) Building the projects in this solution one at a time. To enable parallel build, please add the "/m" switch. indy.cc win_delay_load_hook.cc ..\src\indy.cc(1133): error C3861: 'indy_pack_message': identifier not found  D:\indy-sdk\indy-sdk\samples\nodejs\node_ modules\indy-sdk\build\indynodejs.vcxproj  ..\src\indy.cc(1154): error C3861: 'indy_unpack_message': identifier not found  D:\indy-sdk\indy-sdk\samples\nodejs\nod e_modules\indy-sdk\build\indynodejs.vcxproj  ..\src\indy.cc(2065): error C3861: 'indy_build_auth_rule_request': identifier not found  D:\indy-sdk\indy-sdk\samples\n odejs\node_modules\indy-sdk\build\indynodejs.vcxproj  ..\src\indy.cc(2097): error C3861: 'indy_build_get_auth_rule_request': identifier not found  D:\indy-sdk\indy-sdk\sampl es\nodejs\node_modules\indy-sdk\build\indynodejs.vcxproj  ..\src\indy.cc(2118): error C3861: 'indy_get_response_metadata': identifier not found  D:\indy-sdk\indy-sdk\samples\nod ejs\node_modules\indy-sdk\build\indynodejs.vcxproj  ..\src\indy.cc(2979): error C3861: 'indy_generate_wallet_key': identifier not found  D:\indy-sdk\indy-sdk\samples\nodej s\node_modules\indy-sdk\build\indynodejs.vcxproj  ..\src\indy.cc(2988): error C3861: 'indy_set_runtime_config': identifier not found  D:\indy-sdk\indy-sdk\samples\nodejs \node_modules\indy-sdk\build\indynodejs.vcxproj  ..\src\indy.cc(2998): error C3861: 'indy_get_current_error': identifier not found  D:\indy-sdk\indy-sdk\samples\nodejs\ node_modules\indy-sdk\build\indynodejs.vcxproj  ..\src\indy.cc(3087): error C3861: 'indy_set_logger': identifier not found  D:\indy-sdk\indy-sdk\samples\nodejs\node_mo dules\indy-sdk\build\indynodejs.vcxproj  ..\src\indy.cc(3095): error C3861: 'indy_set_default_logger': identifier not found  D:\indy-sdk\indy-sdk\samples\nodejs \node_modules\indy-sdk\build\indynodejs.vcxproj   ></description> </Issue>
