<Action id="54868" issue="36189" author="vijaypunugubati" type="comment" created="2018-12-17 15:00:44.0" updateauthor="vijaypunugubati" updated="2018-12-17 15:00:44.0"> <body><! CDATA  ~gennadyl ,   ~C0rWin  Builds are failing consistently from 4 days, failures observed after this patch is merged https://gerrit.hyperledger.org/r/#/c/28095/  {code:java} /09:31:24 :fabric-chaincode-integration-test:processTestResources 09:31:24 :fabric-chaincode-integration-test:testClasses 09:32:39 :fabric-chaincode-integration-test:test 09:32:39  09:32:39 org.hyperleder.fabric.shim.integration.SACCIntegrationTest > classMethod FAILED 09:32:39     org.testcontainers.containers.ContainerLaunchException 09:32:39         Caused by: org.rnorth.ducttape.RetryCountExceededException 09:32:39             Caused by: org.testcontainers.containers.ContainerLaunchException 09:32:39                 Caused by: org.rnorth.ducttape.TimeoutException 09:32:39                     Caused by: java.lang.RuntimeException 09:33:19  09:33:19 org.hyperleder.fabric.shim.integration.SBECCIntegrationTest > classMethod FAILED 09:33:19     org.testcontainers.containers.ContainerLaunchException 09:33:19         Caused by: org.rnorth.ducttape.RetryCountExceededException 09:33:19             Caused by: org.testcontainers.containers.ContainerLaunchException 09:33:19                 Caused by: org.rnorth.ducttape.TimeoutException 09:33:19                     Caused by: java.lang.RuntimeException 09:33:20  09:33:20 2 tests completed, 2 failed 09:33:20 :fabric-chaincode-integration-test:test FAILED 09:33:20  09:33:20 FAILURE: Build failed with an exception. 09:33:20  09:33:20 * What went wrong: 09:33:20 Execution failed for task ':fabric-chaincode-integration-test:test'. 09:33:20 > There were failing tests. See the report at: file:///w/workspace/****-merge-x86_64/fabric-chaincode-integration-test/build/reports/tests/test/index.html 09:33:20  09:33:20 * Try: 09:33:20 Run with --stacktrace option to get the stack trace. Run with --info or --debug option to get more log output. Run with --scan to get full insights. 09:33:20  09:33:20 * Get more help at https://help.gradle.org/ code placeholder {code} Build log:   https://jenkins.hyperledger.org/view/fabric-chaincode-java/job/fabric-chaincode-java-merge-x86_64/26/consoleFull  {code:java} /10:53:19 :fabric-chaincode-protos:generateProto 10:53:19 FAILED 10:53:19  91m 10:53:19 FAILURE: Build failed with an exception. 10:53:19  91m 10:53:19  10:53:19 * What went wrong: 10:53:19 Could not resolve all files for configuration ':fabric-chaincode-protos:protobufToolsLocator_grpc'. 10:53:19 > Could not download protoc-gen-grpc-java-linux-x86_64.exe (io.grpc:protoc-gen-grpc-java:1.9.0) 10:53:19     10:53:19  91m> Could not get resource 'https://jcenter.bintray.com/io/grpc/protoc-gen-grpc-java/1.9.0/protoc-gen-grpc-java-1.9.0-linux-x86_64.exe'. 10:53:19  10:53:19  91m      > Connection reset 10:53:19  10:53:19 * Try: 10:53:19 Run with  10:53:19  91m--stacktrace option to get the stack trace. Run with --info or --debug 10:53:19  91m option to get more log output. Run with --scan to get full insights. 10:53:19  10:53:19  91m 10:53:19  10:53:19  91m* Get more help at https://help.gradle.org 10:53:19  10:53:19 Deprecated Gradle features were used in this build, making it incompatible with Gradle 5.0. 10:53:19 See https://docs.gradle.org/4.6/userguide/command_line_interface.html#sec:command_line_warnings 10:53:19 4 actionable tasks: 3 executed, 1 up-to-date 10:53:19  91m 10:53:19 BUILD FAILED in 22s 10:53:19  10:53:20 :fabric-chaincode-docker:buildImage FAILED 10:53:20  10:53:20 FAILURE: Build failed with an exception. 10:53:20  10:53:20 * What went wrong: 10:53:20 Execution failed for task ':fabric-chaincode-docker:buildImage'. 10:53:20 > Could not build image: The command '/bin/bash -c source /root/.sdkman/bin/sdkman-init.sh; gradle clean build install publishToMavenLocal' returned a non-zero code: 1 10:53:20  10:53:20 * Try: 10:53:20 Run with --stacktrace option to get the stack trace. Run with --info or --debug option to get more log output. Run with --scan to get full insights. 10:53:20  10:53:20 * Get more help at https://help.gradle.org 10:53:20  10:53:20 BUILD FAILED in 59s 10:53:20 22 actionable tasks: 3 executed, 19 up-to-date/ code placeholder {code} Build log:   https://jenkins.hyperledger.org/view/fabric-chaincode-java/job/fabric-chaincode-java-merge-x86_64/28/consoleFull      ></body> </Action>
