<Issue id="36482" key="FAB-13491" number="13491" project="10002" reporter="sambhavdutt" assignee="adnanchoudhury" creator="sambhavdutt" type="10004" summary="FAB-3874 CouchDB test failed in ledger_lte daily, Assertion error observed." priority="3" resolution="10203" status="6" created="2019-01-05 16:17:46.0" updated="2019-03-19 11:13:35.0" resolutiondate="2019-01-06 14:42:59.0" votes="0" watches="4" workflowId="48019"> <description><! CDATA There was one failed test case *ledger_lte.perf_couchdb.test_FAB_3874_VaryKVSize* in the daily lte tests due to Assertion Error. This is the first fail in the +release-1.4+ test run.   Intermittent: No  Branch: release-1.4  Error Snippet:   {code:java} ledger_lte.py::perf_couchdb::test_FAB_3874_VaryKVSize FAILED . ____________________ perf_couchdb.test_FAB_3874_VaryKVSize _____________________ . 03:51:57.730         self.assertEqual(returncode, 0, msg="varyKVSize for CouchDB performance" 03:51:57.730 >               " test failed. \nPlease check the logfile "+logfile.name+" for " 03:51:57.730                 "more details.") 03:51:57.730 E       AssertionError: varyKVSize for CouchDB performance test failed.  03:51:57.730 E       Please check the logfile output_VaryKVSize_couchdb.log for more details. 03:51:57.730  03:51:57.730 ledger_lte.py:300: AssertionError 03:51:57.731 =================== 1 failed, 17 passed in 13875.02 seconds ==================== {code}  I am creating this with Medium priority for now as this could be due to network lag.   *Build Log*  https://logs.hyperledger.org/production/vex-yul-hyp-jenkins-3/fabric-test-daily-lte-release-1.4-x86_64/20/  ></description> </Issue>
