<Action id="53459" issue="35353" author="scottz" type="comment" created="2018-11-14 19:33:17.0" updateauthor="scottz" updated="2018-11-14 19:33:17.0"> <body><! CDATA All other test variations of this scenario outline, and all other chaincode.feature tests passed today (including another one using node sdk).  As for the test failure, the only one I see in the console logs for 5791 is scenario 1.3; the error indicates the chaincode container is not running. {{ Failing step: When an admin deploys chaincode at path "../../fabric-test/chaincodes/marbles/node" with args  ""  with name "mycc" with language "NODE" ... failed in 318.123s Location: chaincodes.feature:394 Assertion Failed: The expected chaincode container f6672ecae7cc11e8a0fafa163ef099cc-peer0.org1.example.com-mycc-0 is not running }}  And the NPM error is included here, during the instantiation: {{ 05:21:36.908 UTC  chaincodeCmd  checkChaincodeCmdParams -> INFO 001\x1b 0m Using default escc\n\x1b 34m2018-11-14 05:21:36.908 UTC  chaincodeCmd  checkChaincodeCmdParams -> INFO 002\x1b 0m Using default vscc\nError: could not assemble transaction, err proposal response was not successful, error code 500, msg error starting container: error starting container: Failed to generate platform-specific docker build: Error returned from build: 1 "npm WARN deprecated @types/winston@2.4.4: This is a stub types definition. winston provides its own type definitions, so you do not need this installed.\nnpm WARN deprecated boom@4.3.1: This version is no longer maintained. Please upgrade to the latest version.\nnpm ERR! cb() never called!\n\nnpm ERR! This is an error with npm itself. Please report this error at:\nnpm ERR!     <https://github.com/npm/npm/issues>\n\nnpm ERR! A complete log of this run can be found in:\nnpm ERR!     /root/.npm/_logs/2018-11-14T05_21_40_867Z-debug.log\n"\n'}} }}  Did you report the error, as suggested, to npm? Did you create a bug to upgrade the npm?  ~vijaypunugubati  might have done that. Link that bug which relates to this one, and pasted in the bug for NPM if appropriate, and then we can close this.  ></body> </Action>
<Action id="53815" issue="35353" author="scottz" type="comment" body="Assigning to you Sambhav, to be sure you noticed that I analyzed and provided comments for you to follow up on them, and possibly close this IF it is a duplicate, or IF it is no longer occurring. Or, if you are not the right person to own this then please reassign to the correct person on the CI team." created="2018-11-26 20:02:25.0" updateauthor="scottz" updated="2018-11-26 20:02:25.0"/>
<Action id="62208" issue="35353" author="vijaypunugubati" type="comment" created="2019-07-28 17:59:37.0" updateauthor="vijaypunugubati" updated="2019-07-30 04:15:29.0"> <body><! CDATA These behave tests are for older chaincode shim. The fabric/core/chaincode/shim/ contains tests for current shim.  The test case is covered in the fabric integration tests. Nothing to do but deprecate the behave test.  ></body> </Action>
