<Issue id="35353" key="FAB-12862" number="12862" project="10002" reporter="sambhavdutt" assignee="sambhavdutt" creator="sambhavdutt" type="10004" summary="Chaincodes testing is failing in FAB-5791 in the daily behave test master, NPM error" priority="2" resolution="10001" status="6" created="2018-11-14 17:19:53.0" updated="2019-07-30 04:15:41.0" resolutiondate="2019-07-30 04:15:41.0" votes="0" watches="5" workflowId="46818"> <description><! CDATA The behave feature daily test suite job starting Nov 13 at 8:38 PM EST failed in Chaincodes test in FAB-5791 with NPM error. The behave-tests completed after ten hours,  The same test case passed in the previous day build    {code:java} chaincodes.Chaincodes Testing.FAB-5791: Test API in SHIM interface using marbles02 and shimApiDriver chaincodes for solo orderer leveldb db NODE lang -- @1.3   The expected chaincode container f6672ecae7cc11e8a0fafa163ef099cc-peer0.org1.example.com-mycc-0 is not running . . . CORE_PEER_ADDRESS=peer0.org1.example.com:7051 peer chaincode instantiate --name mycc --version 0 --lang NODE --channelID behavesystest --ctor \\\'{\\\\"Args\\\\":  \\\\"\\\\" }\\\' --orderer orderer0.example.com:7050 "\' : \x1b 34m2018-11-14 05:21:36.908 UTC  chaincodeCmd  checkChaincodeCmdParams -> INFO 001\x1b 0m Using default escc\n\x1b 34m2018-11-14 05:21:36.908 UTC  chaincodeCmd  checkChaincodeCmdParams -> INFO 002\x1b 0m Using default vscc\nError: could not assemble transaction, err proposal response was not successful, error code 500, msg error starting container: error starting container: Failed to generate platform-specific docker build: Error returned from build: 1 "npm WARN deprecated @types/winston@2.4.4: This is a stub types definition. winston provides its own type definitions, so you do not need this installed.\nnpm WARN deprecated boom@4.3.1: This version is no longer maintained. Please upgrade to the latest version.\nnpm ERR! cb() never called!\n\nnpm ERR! This is an error with npm itself. Please report this error at:\nnpm ERR!     <https://github.com/npm/npm/issues>\n\nnpm ERR! A complete log of this run can be found in:\nnpm ERR!     /root/.npm/_logs/2018-11-14T05_21_40_867Z-debug.log\n"\n'}} {code}   *Error Log* https://logs.hyperledger.org/production/vex-yul-hyp-jenkins-3/fabric-test-daily-behave-master-x86_64/82/Behave_Test_Logs/orderer0.example.com_FAB-5791:_Test_API_in_SHIM_interface_using_marbles02_and_shimApiDriver_chaincodes_for_solo_orderer_leveldb_db_NODE_lang_--_@1.3_.log  There are errors in CouchDB indexing(FAB-12733) and container timeout in peer tests.  *Build Logs*  https://logs.hyperledger.org/production/vex-yul-hyp-jenkins-3/fabric-test-daily-behave-master-x86_64/82/  https://jenkins.hyperledger.org/view/fabric-test/job/fabric-test-daily-behave-master-x86_64/82/consoleFull  ></description> </Issue>
