<Issue id="37580" key="FABCJ-188" number="188" project="11208" reporter="c0rwin" assignee="gennadyl" creator="c0rwin" type="10000" summary="Java shim integratio tests intermitently fails" priority="3" resolution="10203" status="6" created="2019-02-11 14:17:23.0" updated="2019-11-30 21:10:45.0" resolutiondate="2019-05-01 07:59:14.0" votes="0" watches="2" workflowId="56803"> <description><! CDATA https://jenkins.hyperledger.org/job/fabric-chaincode-java-verify-x86_64/36/console  {quote} 14:02:14 FAILURE: Build failed with an exception. 14:02:14  14:02:14 * What went wrong: 14:02:14 A problem occurred configuring root project 'fabric-chaincode-example-gradle'. 14:02:14 > Could not resolve all artifacts for configuration ':classpath'. 14:02:14    > Could not download shadow.jar (com.github.jengelman.gradle.plugins:shadow:2.0.3) 14:02:14       > Could not get resource 'https://plugins.gradle.org/m2/com/github/jengelman/gradle/plugins/shadow/2.0.3/shadow-2.0.3.jar'. 14:02:14  91m 14:02:14          > Connection reset 14:02:14  14:02:14 * Try: 14:02:14 Run with --stacktrace option to get the stack trace. Run with --info or --debug option to get more log output. Run with --scan to get full insights. 14:02:14  14:02:14  14:02:14  91m* Get more help at https://help.gradle.org 14:02:14  14:02:14 BUILD FAILED 14:02:14  91m in 11s {quote}  ></description> </Issue>
