<Issue id="43418" key="FAB-17124" number="17124" project="10002" reporter="vijaypunugubati" creator="vijaypunugubati" type="10004" summary="fabric-test daily jobs, behave and pte and other tools regression tests: Unable to find the genesis block file, Failed to create deliver client for orderer in all feature tests" priority="1" resolution="10002" status="6" created="2019-11-21 17:35:38.0" updated="2019-12-02 16:13:10.0" resolutiondate="2019-12-02 16:02:51.0" votes="0" watches="4" workflowId="56526"> <description><! CDATA Example error messgaes are similar for many tests, e,g.: * Unable to find the genesis block file behavesystest.block * Unable to find the genesis block file configsz.block  In the orderer debug logs, we see this error in every test: * fabric-test-daily-behave-master job: Failed to create deliver client for orderer in all feature tests.  *Branch:* Master. Failures first occurred on Nov 21.  *Platform:* x86_64  *Error Snippet:* {code:java} /2019-11-21 02:27:40.883 UTC  grpc  createTransport -> DEBU 024 grpc: addrConn.createTransport failed to connect to {orderer0.example.com:7050 0  <nil>}. Err :connection error: desc = "transport: error while dialing: dial tcp: lookup orderer0.example.com on 127.0.0.11:53: no such host". Reconnecting... 2019-11-21 02:27:40.883 UTC  grpc  HandleSubConnStateChange -> DEBU 025 pickfirstBalancer: HandleSubConnStateChange: 0xc00032c600, TRANSIENT_FAILURE Error: failed to create deliver client for orderer: orderer client failed to connect to orderer0.example.com:7050: failed to create new connection: connection error: desc = "transport: error while dialing: dial tcp: lookup orderer0.example.com on 127.0.0.11:53: no such host"/ code placeholder {code} The ** above error snippet is observed on almost every test case failed in the daily-behave test suite except the bootstrap feature test in master.  *Build Logs:*  https://jenkins.hyperledger.org/view/fabric-test/job/fabric-test-daily-behave-master-x86_64/405/testReport/    https://logs.hyperledger.org/production/vex-yul-hyp-jenkins-3/fabric-test-daily-behave-master-x86_64/405/   !Screen Shot 2019-11-21 at 12.34.18 PM.png|width=563,height=82!     ></description> </Issue>
