<Issue id="38763" key="FAB-14817" number="14817" project="10002" reporter="sykesm" assignee="yacovm" creator="sykesm" type="10004" summary="Test failure in TestBlockingSend/ConsensusRequest" priority="3" resolution="10002" status="6" created="2019-03-26 15:24:14.0" updated="2019-04-01 13:54:16.0" resolutiondate="2019-04-01 13:54:16.0" votes="0" watches="1" workflowId="50412"> <description><! CDATA {code} 11:17:52 --- FAIL: TestBlockingSend (1.40s) 11:17:52     --- FAIL: TestBlockingSend/ConsensusRequest (0.22s) 11:17:52         <autogenerated>:1:  11:17:52             	Error Trace:	comm_test.go:430 11:17:52             	Error:      	An error is expected but got nil. 11:17:52             	Test:       	TestBlockingSend/ConsensusRequest 11:17:52         comm_test.go:446: Elapsed time: 126.882Âµs 11:17:52 2019-03-26 15:16:33.518 UTC  test  Configure -> INFO 492 Entering, channel: test, nodes:  ID: 50 11:17:52 Endpoint: 127.0.0.1:44622 11:17:52 ServerTLSCert:-----BEGIN CERTIFICATE----- 11:17:52 MIIBozCCAUmgAwIBAgIQJJWu1v0+R5PTad/pRO4QAjAKBggqhkjOPQQDAjAyMTAw 11:17:52 LgYDVQQFEycxODM4NzAwMzE1NzI4Mzc5Mzc0ODQyMDA5MDEwMjU1OTcyOTM1NDQw 11:17:52 HhcNMTkwMzI1MTUxNjMzWhcNMjkwMzIzMTUxNjMzWjAxMS8wLQYDVQQFEyY0ODYy 11:17:52 OTQwNjI1MjY1MTQ3MzA4NDk1MjEzNTM0NzEyNTIyNzUyMjBZMBMGByqGSM49AgEG 11:17:52 CCqGSM49AwEHA0IABKaToNZ47DyYCA+g8Sz5YvbzgIl0RFikPsXCdmY3iya1tifk 11:17:52 b4ZO35cT8IWhIAJOcw0GSuY9THBBcVAheVWJfTKjQjBAMA4GA1UdDwEB/wQEAwIF 11:17:52 oDAdBgNVHSUEFjAUBggrBgEFBQcDAgYIKwYBBQUHAwEwDwYDVR0RBAgwBocEfwAA 11:17:52 ATAKBggqhkjOPQQDAgNIADBFAiAihc90Wv+4Afk71CgFrwwLKNA2qs8Z0jcfGN/H 11:17:52 xFm/pwIhALxXk++LsviggDozjzmP3BdvAzVPuR5vZHO88ElTgn4r 11:17:52 -----END CERTIFICATE----- 11:17:52  ClientTLSCert:-----BEGIN CERTIFICATE----- 11:17:52 MIIBhzCCAS2gAwIBAgIQAmWoA2zBKZwq9XZI5syHdTAKBggqhkjOPQQDAjAyMTAw 11:17:52 LgYDVQQFEycxODM4NzAwMzE1NzI4Mzc5Mzc0ODQyMDA5MDEwMjU1OTcyOTM1NDQw 11:17:52 HhcNMTkwMzI1MTUxNjMzWhcNMTkwMzI3MTUxNjMzWjAwMS4wLAYDVQQFEyUzMTg2 11:17:52 Mjg1NjkwNDM3NjUwNjAxNDE3NzA0NTUwMTY3MjUwODA1MFkwEwYHKoZIzj0CAQYI 11:17:52 KoZIzj0DAQcDQgAEq3vvDStPfmfhXkgHQSye7nMKs9ud7Bf4PzevkAyEmJKC8+m3 11:17:52 bgHdYYp68OPK65t1yKZogOQAZ+PH0vRRfY5826MnMCUwDgYDVR0PAQH/BAQDAgWg 11:17:52 MBMGA1UdJQQMMAoGCCsGAQUFBwMCMAoGCCqGSM49BAMCA0gAMEUCIA7FBU/wMDd5 11:17:52 0iUOWNpbK3oMcVbE0UfRT7jAfNkeALb0AiEAyYnyDRbYiHc4EtrtjogeIHLzjfPk 11:17:52 nJuGxrsNRuSqCjc= 11:17:52 -----END CERTIFICATE----- 11:17:52   11:17:52 2019-03-26 15:16:33.519 UTC  test  updateStubInMapping -> INFO 493 Allocating a new stub for node 50 with endpoint of 127.0.0.1:44622 for channel test 11:17:52 2019-03-26 15:16:33.519 UTC  test  updateStubInMapping -> INFO 494 Deactivating node 50 in channel test with endpoint of 127.0.0.1:44622 due to TLS certificate change 11:17:52 2019-03-26 15:16:33.520 UTC  test  applyMembershipConfig -> INFO 495 50 exists in both old and new membership for channel test , skipping its deactivation 11:17:52 2019-03-26 15:16:33.521 UTC  test  Configure -> INFO 496 Exiting 11:17:52 2019-03-26 15:16:34.147 UTC  common.tools.configtxgen.localconfig  completeInitialization -> INFO 497 orderer type: solo 11:17:52 2019-03-26 15:16:34.148 UTC  common.tools.configtxgen.localconfig  Load -> INFO 498 Loaded configuration: /w/workspace/fabric-verify-unit-tests-x86_64/gopath/src/github.com/hyperledger/fabric/sampleconfig/configtx.yaml 11:17:52 2019-03-26 15:16:34.150 UTC  test  VerifyBlockSignature -> ERRO 499 Failed creating a new bundle for channel mychannel, Config content is: { 11:17:52 	"channel_group": null, 11:17:52 	"sequence": "0" 11:17:52 } 11:17:52 2019-03-26 15:16:34.153 UTC  test  VerifyBlockSignature -> INFO 49a Initializing new PolicyManager for channel mychannel 11:17:52 2019-03-26 15:16:34.295 UTC  common.tools.configtxgen.localconfig  completeInitialization -> INFO 49b orderer type: solo 11:17:52 2019-03-26 15:16:34.305 UTC  common.tools.configtxgen.localconfig  Load -> INFO 49c Loaded configuration: /w/workspace/fabric-verify-unit-tests-x86_64/gopath/src/github.com/hyperledger/fabric/sampleconfig/configtx.yaml 11:17:52 FAIL 11:17:52 coverage: 96.3% of statements 11:17:52 FAIL	github.com/hyperledger/fabric/orderer/common/cluster	23.549s {code}  https://jenkins.hyperledger.org/job/fabric-verify-unit-tests-x86_64/10901/consoleFull  ></description> </Issue>
