<Issue id="35044" key="FAB-12680" number="12680" project="10002" reporter="sambhavdutt" creator="sambhavdutt" type="10004" summary="ledger_lte_smoke test_FAB_9708 (&quot;varyNumTxs&quot;) is failing" priority="1" resolution="10000" status="6" created="2018-11-01 14:14:10.0" updated="2019-03-19 11:12:47.0" resolutiondate="2018-11-07 15:57:19.0" votes="0" watches="5" workflowId="46478"> <description><! CDATA Observed the following errors in FAB_9708 Couchdb and LevelDB, in fabric-test-merge jobs  *Failing consistently* {code:java} ledger_lte_smoke.smoke_ledger.test_FAB_9708_CouchDB_VaryNumTxs (from pytest)   "./runbenchmarks.sh -f parameters_couchdb_smoke_CI.sh " "varyNumTxs", shell=True, stderr=subprocess.STDOUT, stdout=logfile, cwd=tool_directory) logfile.close() self.assertEqual(returncode, 0, msg="VaryNumTxs " "performance test failed. \nPlease check the logfile " {code} {code:java} ledger_lte_smoke.smoke_ledger.test_FAB_9708_LevelDB_VaryNumTxs (from pytest)   AssertionError: VaryNumTxs performance test failed.  Please check the logfile output_Smoke_LevelDB_VaryNumTxs.log for more details. . . >               +logfile.name+" for more details.") E       AssertionError: VaryNumTxs performance test failed.  E       Please check the logfile output_Smoke_LevelDB_VaryNumTxs.log for more details.  ledger_lte_smoke.py:30: AssertionError {code} *Build Logs*   https://jenkins.hyperledger.org/view/fabric-test/job/fabric-test-merge-x86_64/510/testReport/ledger_lte_smoke/smoke_ledger/test_FAB_9708_LevelDB_VaryNumTxs/    https://logs.hyperledger.org/production/vex-yul-hyp-jenkins-3/fabric-test-merge-x86_64/510/   ></description> </Issue>
