<Issue id="29091" key="FAB-9298" number="9298" project="10002" reporter="sambhavdutt" assignee="sambhavdutt" creator="sambhavdutt" type="10004" summary="Many build tests are not executing in the fabric-test-daily &amp; fabric-smoke-test-daily." priority="2" resolution="10000" status="6" created="2018-04-02 21:39:49.0" updated="2019-03-19 11:12:57.0" resolutiondate="2018-04-12 14:49:18.0" votes="0" watches="2" workflowId="41733"> <description><! CDATA The bootstrap, chaincode , gossip, ledger, peer tests are not executing in the fabric-test-daily and fabric-smoke-test-daily. In some cases, the CI jobs show a successful test result when some of the standard tests are not executed.  *fabric-smoke-test-daily*  {code:java} 05:31:01 ========== Behave feature and system tests... 05:31:02 Feature: Bootstrapping Hyperledger Fabric # bootstrap.feature:7 05:31:02   As a user I want to be able to bootstrap my fabric network 05:31:02   @smoke 05:31:02   Scenario: Access to the fabric protobuf files                    # bootstrap.feature:66 05:31:02     Given I test the access to the generated python protobuf files # steps/orderer_impl.py:26 05:31:02     Then there are no errors                                       # steps/basic_impl.py:370 05:31:02  05:31:02   @smoke 05:31:02   Scenario: Basic operations to create a useful blockchain network  # bootstrap.feature:71 05:31:02     Given I have a bootstrapped fabric network                      # steps/basic_impl.py:178 05:31:02       Traceback (most recent call last): 05:31:02         File "/usr/local/lib/python2.7/dist-packages/behave/model.py", line 1456, in run 05:31:02           match.run(runner.context) 05:31:02         File "/usr/local/lib/python2.7/dist-packages/behave/model.py", line 1903, in run 05:31:02           self.func(context, *args, **kwargs) 05:31:02         File "steps/basic_impl.py", line 180, in step_impl 05:31:02           bootstrapped_impl(context, "solo", "leveldb", False) 05:31:02         File "steps/basic_impl.py", line 93, in bootstrapped_impl 05:31:02           config_util.generateConfig(context, channelID, config_util.CHANNEL_PROFILE, context.ordererProfile) 05:31:02         File "/w/workspace/fabric-smoke-test-daily-x86_64/gopath/src/github.com/hyperledger/fabric-test/feature/steps/config_util.py", line 139, in generateConfig 05:31:02           setupConfigs(context, channelID) 05:31:02         File "/w/workspace/fabric-smoke-test-daily-x86_64/gopath/src/github.com/hyperledger/fabric-test/feature/steps/config_util.py", line 107, in setupConfigs 05:31:02           for orgDir in os.listdir("./{0}/ordererOrganizations".format(testConfigs)): 05:31:02       OSError:  Errno 2  No such file or directory: './configs/5d4e0fe637c911e8876afa163ec7aa44/ordererOrganizations' 05:31:02        05:31:02       Captured stdout: 05:31:02       Unable to generate crypto material:  Errno 2  No such file or directory 05:31:02       testConfigs: configs/5d4e0fe637c911e8876afa163ec7aa44 05:31:02  05:31:02 Exception TypeError: 'NoneType' object is not iterable 05:31:02 Traceback (most recent call last): 05:31:02   File "/usr/local/bin/behave", line 11, in <module> {code}  *fabric-test-daily*  {code:java} 04:06:35         File "/w/workspace/fabric-test-daily-x86_64/gopath/src/github.com/hyperledger/fabric-test/feature/steps/config_util.py", line 139, in generateConfig 04:06:35           setupConfigs(context, channelID) 04:06:35         File "/w/workspace/fabric-test-daily-x86_64/gopath/src/github.com/hyperledger/fabric-test/feature/steps/config_util.py", line 107, in setupConfigs 04:06:35           for orgDir in os.listdir("./{0}/ordererOrganizations".format(testConfigs)): 04:06:35       OSError:  Errno 2  No such file or directory: './configs/90de188a37bd11e89bedfa163eed59ce/ordererOrganizations' 04:06:35        04:06:35       Captured stdout: 04:06:35       Unable to generate crypto material:  Errno 2  No such file or directory 04:06:35       testConfigs: configs/90de188a37bd11e89bedfa163eed59ce 04:06:35  04:06:35 Exception TypeError: 'NoneType' object is not iterable 04:06:35 Traceback (most recent call last): 04:06:35   File "/usr/local/bin/behave", line 11, in <module> {code}   *Build Log*  https://jenkins.hyperledger.org/view/Daily/job/fabric-test-daily-x86_64/test_results_analyzer/  ></description> </Issue>
