<Issue id="38261" key="FAB-14520" number="14520" project="10002" reporter="sambhavdutt" creator="sambhavdutt" type="10004" summary="TestPluginLoadingFailure observed in unit-tests" priority="3" resolution="10203" status="6" created="2019-03-07 00:58:04.0" updated="2019-03-19 11:12:59.0" resolutiondate="2019-03-13 20:09:40.0" votes="0" watches="4" workflowId="49888"> <description><! CDATA The unit-tests are failing intermittently with TestPluginLoadingFailure, panic error observed as could not load msp config  *Intermittent:* Yes *Branch:* master *Platform:* x86_64 *Error Snippet:*  {code:java} 16:24:42 --- FAIL: TestPluginLoadingFailure (14.25s) 16:24:42     <autogenerated>:1:  16:24:42         Got stuck at: 16:24:42             panic: Could not load msp config, err Error obtaining DevConfigDir:  16:24:42              16:24:42             goroutine 1  running : 16:24:42             github.com/hyperledger/fabric/common/ledger/testutil.init.0() 16:24:42             	/w/workspace/fabric-verify-unit-tests-x86_64/gopath/src/github.com/hyperledger/fabric/common/ledger/testutil/test_helper.go:35 +0x15b 16:24:42              16:24:42         Waiting for: 16:24:42             panic: Error opening plugin at path testdata/invalid_plugins/invalidplugin.so 16:24:42     --- FAIL: TestPluginLoadingFailure/ENDORSERS_ESCC (0.12s) 16:24:42         testing.go:782: test executed panic(nil) or runtime.Goexit: subtest may have called FailNow on a parent test 16:24:42 FAIL 16:24:42 coverage: 0.0% of statements 16:24:42 FAIL	github.com/hyperledger/fabric/peer	14.790s {code}  *Build Log*  https://logs.hyperledger.org/production/vex-yul-hyp-jenkins-3/fabric-verify-unit-tests-x86_64/10123/  ></description> </Issue>
