<Issue id="35001" key="FAB-12666" number="12666" project="10002" reporter="vijaypunugubati" creator="vijaypunugubati" type="10004" summary="TestRunner FAIL detected in the following suite &quot;runner ./integration/runner&quot;" priority="2" resolution="10000" status="6" created="2018-10-31 14:13:02.0" updated="2019-03-19 11:12:54.0" resolutiondate="2018-11-05 18:44:16.0" votes="0" watches="4" workflowId="46433"> <description><! CDATA TestRunner FAIL detected in the following suite "runner ./integration/runner" error fails to build integration test in fabric-nightly-release-job-release-1.2-x86_64.  This is an Intermittent failure no commits were seen in the release-1.2 branch. {code:java} /21:54:59 Summarizing 1 Failure: 21:54:59  21:54:59  Fail  CouchDB Runner  It  starts and stops a docker container with the specified image  21:54:59 /w/workspace/fabric-nightly-release-job-release-1.2-x86_64/gopath/src/github.com/hyperledger/fabric/integration/runner/couchdb_test.go:198 21:54:59  21:54:59 Ran 40 of 40 Specs in 66.004 seconds 21:54:59 FAIL! -- 39 Passed | 1 Failed | 0 Pending | 0 Skipped 21:54:59 --- FAIL: TestRunner (66.01s) 21:54:59 FAIL 21:55:30  1540950509  World Suite - 3/3 specs ••• SUCCESS! 30.995147729s PASS 21:55:30  21:55:30 There were failures detected in the following suites: 21:55:30 	runner ./integration/runner 21:55:30  21:55:30 Ginkgo ran 6 suites in 7m1.718516263s 21:55:30 Test Suite Failed 21:55:30 Makefile:187: recipe for target 'integration-test' failed 21:55:30 make: ***  integration-test  Error 1/ code placeholder {code} *Build log:*  https://jenkins.hyperledger.org/view/Daily/job/fabric-nightly-release-job-release-1.2-x86_64/164/console   *For release-1.3 branch:*   https://jenkins.hyperledger.org/view/Daily/job/fabric-nightly-release-job-release-1.3-x86_64/45/console  {code:java} /22:43:19 Summarizing 1 Failure: 22:43:19  22:43:19  Fail  Network kafka network  It  deploys and executes chaincode (the hard way)  22:43:19 /w/workspace/fabric-nightly-release-job-release-1.3-x86_64/gopath/src/github.com/hyperledger/fabric/integration/nwo/network_test.go:160 22:43:19  22:43:19 Ran 2 of 2 Specs in 130.391 seconds 22:43:19 FAIL! -- 1 Passed | 1 Failed | 0 Pending | 0 Skipped 22:43:19 --- FAIL: TestNewWorldOrder (130.39s) 22:43:19 FAIL/ code placeholder {code}       ></description> </Issue>
