<Issue id="43380" key="FABCJ-168" number="168" project="11208" reporter="vijaypunugubati" creator="vijaypunugubati" type="10000" summary="fabric-end-2-end-daily-master: chaincode install fail on End2endLifecycleIT in sdk-java integration test suite." priority="3" resolution="10201" status="6" created="2019-11-19 15:55:00.0" updated="2019-11-30 21:10:41.0" resolutiondate="2019-11-20 16:03:57.0" votes="0" watches="3" workflowId="56783"> <description><! CDATA fabric-merge-end-2-end job: chaincode install fail on End2endLifecycleIT in sdk-java integration test suite.  *Branch:* Master  *Platform:* x86_64  *Error Snippet:* {code:java} /01:10:24.487 Tests run: 50, Failures: 1, Errors: 0, Skipped: 0, Time elapsed: 871.521 sec <<< FAILURE! - in org.hyperledger.fabric.sdkintegration.IntegrationSuite 01:10:24.487 setup(org.hyperledger.fabric.sdkintegration.End2endLifecycleIT)  Time elapsed: 277.256 sec  <<< FAILURE! 01:10:24.487 java.lang.AssertionError:  01:10:24.487 Not enough endorsers for install :1.  failed to invoke backing implementation of 'InstallChaincode': could not build chaincode: docker build failed: docker image build failed: docker build failed: Error returned from build: 1 "+ INPUT_DIR=/chaincode/input 01:10:24.487 + OUTPUT_DIR=/chaincode/output 01:10:24.487 + cp -R /chaincode/input/src/. /chaincode/output 01:10:24.487 + cd /chaincode/output 01:10:24.487 + ' ' -f package-lock.json -o -f npm-shrinkwrap.json   01:10:24.487 + npm install --production 01:10:24.487 + INPUT_DIR=/chaincode/input 01:10:24.487 + OUTPUT_DIR=/chaincode/output 01:10:24.487 + cp -R /chaincode/input/src/. /chaincode/output 01:10:24.488 + cd /chaincode/output 01:10:24.488 + ' ' -f package-lock.json -o -f npm-shrinkwrap.json   01:10:24.488 + npm install --production 01:10:24.488 npm ERR! Unexpected end of JSON input while parsing near '...BcVQA680g==","shasum"' 01:10:24.488  01:10:24.488 npm ERR! A complete log of this run can be found in: 01:10:24.488 npm ERR!     /root/.npm/_logs/2019-11-19T00_46_39_537Z-debug.log 01:10:24.488 " 01:10:24.488 	at org.hyperledger.fabric.sdkintegration.End2endLifecycleIT.lifecycleInstallChaincode(End2endLifecycleIT.java:555) 01:10:24.488 	at org.hyperledger.fabric.sdkintegration.End2endLifecycleIT.runChannel(End2endLifecycleIT.java:360) 01:10:24.488 	at org.hyperledger.fabric.sdkintegration.End2endLifecycleIT.runFabricTest(End2endLifecycleIT.java:303) 01:10:24.488 	at org.hyperledger.fabric.sdkintegration.End2endLifecycleIT.setup(End2endLifecycleIT.java:176)/ code placeholder {code}    *Build Logs:*    https://jenkins.hyperledger.org/view/Daily/job/fabric-end-2-end-daily-master-x86_64/260/consoleFull      ></description> </Issue>
