<Issue id="43186" key="FAB-17016" number="17016" project="10002" reporter="bharadwajambati1" assignee="bharadwajambati1" creator="bharadwajambati1" type="10004" summary=" sysTestSuite_pte.System_Tests_Kafka_Leveldb_NOTLS: test_08samplecc_go_50MB_TX failed due to incorrect number of transactions sent or received" priority="3" resolution="10000" status="6" created="2019-11-06 20:07:33.0" updated="2019-11-19 22:54:08.0" resolutiondate="2019-11-11 18:58:38.0" votes="0" watches="1" workflowId="56292"> <description><! CDATA h3. *Error Message*  AssertionError: Error: incorrect number of INVOKE transactions sent or received h3. *Stacktrace* {code:java} self = <sysTestSuite_pte.System_Tests_Raft_Couchdb_Mutual testMethod=test_08samplecc_go_50MB_TX>  def test_08samplecc_go_50MB_TX(self):  # Run the test scenario: Execute invokes and query tests. returncode = subprocess.call("./operator.sh -t samplecc_go_50MB_TX", cwd=k8s_testsuite, shell=True) self.assertEqual(returncode, 0, msg=testScriptFailed)  # check the counts count = subprocess.check_output( "grep \"CONSTANT INVOKE Overall transactions: sent 2 received 2\" samplecc_go_50MB_i_pteReport.txt | wc -l", cwd=logs_directory, shell=True) >       self.assertEqual(int(count.strip()), 1, msg=invokeFailure) E       AssertionError: Error: incorrect number of INVOKE transactions sent or received  sysTestSuite_pte.py:213: AssertionError {code} *Pte Report:*   {code:java} ======= PTE 0 main Test Summary: executed at Wed Nov 06 2019 06:46:21 GMT-0500 (EST) ======= (testorgschannel0:sample_cc_ch0): CONSTANT INVOKE transaction stats (testorgschannel0:sample_cc_ch0):	Total processes 1 (testorgschannel0:sample_cc_ch0):	Total transactions sent 2  received 0 (testorgschannel0:sample_cc_ch0):	failures: proposal 1  transactions 0 (testorgschannel0:sample_cc_ch0):	event: received 0  timeout 0  unreceived 1 (testorgschannel0:sample_cc_ch0):	start 1573040794387  end 1573044456647  duration 3662260 ms  (testorgschannel0:sample_cc_ch0):	TPS 0.00 (testorgschannel0:sample_cc_ch0): peer latency stats (endorsement) (testorgschannel0:sample_cc_ch0):	total transactions: 2  total time: 5039 ms  (testorgschannel0:sample_cc_ch0):	min: 1718 ms  max: 3321 ms  avg: 2519.50 ms  (testorgschannel0:sample_cc_ch0): orderer latency stats (transaction ack) (testorgschannel0:sample_cc_ch0):	total transactions: 1  total time: 4226 ms  (testorgschannel0:sample_cc_ch0):	min: 4226 ms  max: 4226 ms  avg: 4226.00 ms  (testorgschannel0:sample_cc_ch0): event latency stats (end-to-end) (testorgschannel0:sample_cc_ch0):	total transactions: 0  total time: 0 ms  =======  CONSTANT INVOKE Overall Performance Summary  ======= CONSTANT INVOKE Overall number of PTE: 1 CONSTANT INVOKE Overall processes: 1 CONSTANT INVOKE Overall transactions: sent 2 received 0 CONSTANT INVOKE Overall failures: proposal 1 transactions 0 CONSTANT INVOKE Overall event: received 0 timeout 0 unreceived 1 CONSTANT INVOKE Overall time: start 1573040794387 end 1573044456647 duration 3662260 CONSTANT INVOKE Overall CONSTANT INVOKE TPS 0.00 CONSTANT INVOKE Overall latency summary CONSTANT INVOKE Overall proposals latency 2 min 1718 ms max 3321 ms avg 2519.50 ms CONSTANT INVOKE Overall transactions latency 1 min 4226 ms max 4226 ms avg 4226.00 ms CONSTANT INVOKE Overall events latency 0 min 0 ms max 0 ms avg NaN ms CONSTANT INVOKE Overall TEST RESULTS FAILED {code}          ></description> </Issue>
