<Action id="51157" issue="33848" author="latitiah" type="comment" body="https://gerrit.hyperledger.org/r/26555" created="2018-09-25 14:30:32.0" updateauthor="latitiah" updated="2018-09-25 14:30:32.0"/>
<Action id="51406" issue="33848" author="sambhavdutt" type="comment" created="2018-09-30 17:09:05.0" updateauthor="sambhavdutt" updated="2018-09-30 17:09:05.0"> <body><! CDATA Observed the following errors in Behave tests daily,   *Found in commit: 6f3c971882523f4c8e0f270d8478914ae1f06cef*  1. Fabric CouchDB Indexing.   {code:java} CouchDB_index.Testing Fabric CouchDB indexing.FAB-7269: Test CouchDB indexing using CC upgrade with marbles chaincode using NODE with 3 channels and 1 upgrade -- @1.2   The expected chaincode container 6e878c64c40611e8be01fa163ef1fccc-peer0.org1.example.com-mycc1-0 is not running  . . cQKh8igo5QUhZ7lg38DYWAxMvjSAKG0A8wGSVimP07SIUEK2UO+arSRKbRZWtelMtN5V0Hkwh5ryOto/SshYIg== integrity checksum failed when using sha512: wanted sha512-cQKh8igo5QUhZ7lg38DYWAxMvjSAKG0A8wGSVimP07SIUEK2UO+arSRKbRZWtelMtN5V0Hkwh5ryOto/SshYIg== but got sha512-ciQGUUCxmMNRlyVUHBXFIck3T15olM/NmmYX+pFbUjKH/596NNcAdLF/+olkoX12L0lwxwzrhKdIzAHrjMwvzQ==. (216472 bytes)\n\nnpm ERR! A complete log of this run can be found in:\nnpm ERR!     /root/.npm/_logs/2018-09-29T16_45_10_809Z-debug.log\n"\n'}} {code}  https://jenkins.hyperledger.org/view/fabric-test/job/fabric-test-daily-behave-master-x86_64/40/testReport/CouchDB_index/Testing%20Fabric%20CouchDB%20indexing/FAB_7269__Test_CouchDB_indexing_using_CC_upgrade_with_marbles_chaincode_using_NODE_with_3_channels_and_1_upgrade_____1_2_/  2. Fabric-CA Service   {code:java} fabric-ca.Fabric-CA Service.FAB-6489: Interoperability Test using kafka based orderer -- @1.2  . There are no kafka brokers set in the orderer environment . . @scenario.begin  @interop @daily Scenario Outline: FAB-6489: Interoperability Test using kafka based orderer -- @1.2  Given I have a bootstrapped fabric network of type kafka using state-database couchdb with tls ... failed in 32.473s And I use the CLI interface ... skipped in 0.000s {code}  https://jenkins.hyperledger.org/view/fabric-test/job/fabric-test-daily-behave-master-x86_64/40/testReport/fabric-ca/Fabric-CA%20Service/  3. Gossip   {code:java} gossip.Gossip Service. FAB-4663   FAB-4664   FAB-4665  A non-leader peer goes down by disconnect, comes back up and catches up eventually. -- @1.3  . There are no kafka brokers set in the orderer environment . Failing step: And I have a bootstrapped fabric network of type kafka ... failed in 21.885s Location: gossip.feature:12 Assertion Failed: There are no kafka brokers set in the orderer environment Captured stdout: testConfigs: configs/f6cfca4ac42011e8be01fa163ef1fccc . @daily Scenario Outline:  FAB-4663   FAB-4664   FAB-4665  A non-leader peer goes down by disconnect, comes back up and catches up eventually. -- @1.3  Given the CORE_LOGGING_GOSSIP environment variable is "DEBUG" ... passed in 0.002s And I have a bootstrapped fabric network of type kafka ... failed in 21.885s {code}  https://jenkins.hyperledger.org/view/fabric-test/job/fabric-test-daily-behave-master-x86_64/40/testReport/gossip/Gossip%20Service/  ></body> </Action>
<Action id="51425" issue="33848" author="latitiah" type="comment" body="This is an unrelated issue from the previous errors. There were logging text changes with the original issue. These new problems look as though there is an environmental issue if the kafka broker containers are not coming up." created="2018-10-01 13:59:42.0" updateauthor="latitiah" updated="2018-10-01 13:59:42.0"/>
<Action id="51498" issue="33848" author="sambhavdutt" type="comment" created="2018-10-02 11:58:04.0" updateauthor="sambhavdutt" updated="2018-10-02 11:58:04.0"> <body><! CDATA https://gerrit.hyperledger.org/r/#/c/26702/  This CR has been merged. Need to wait for the Behave tests to execute.  ></body> </Action>
<Action id="51766" issue="33848" author="sambhavdutt" type="comment" created="2018-10-04 15:07:05.0" updateauthor="sambhavdutt" updated="2018-10-04 15:10:21.0"> <body><! CDATA I have noticed these errors in today's Behave test.  https://jenkins.hyperledger.org/view/fabric-test/job/fabric-test-daily-behave-master-x86_64/44/testReport/CouchDB_index/Testing%20Fabric%20CouchDB%20indexing/  *FAB-7270, FAB-7271, FAB-7272*  {code:java} CouchDB_index.Testing Fabric CouchDB indexing.FAB-7270, FAB-7271, FAB-7272: Test CouchDB indexing using CC upgrade with marbles chaincode using NODE with 3 channels and 3 upgrade -- @1.2   The expected chaincode container ee3b2146c78a11e8987ffa163e5ffef9-peer0.org1.example.com-mycc3-1 is not running {code}  https://jenkins.hyperledger.org/view/fabric-test/job/fabric-test-daily-behave-master-x86_64/44/testReport/CouchDB_index/Testing%20Fabric%20CouchDB%20indexing/FAB_7270__FAB_7271__FAB_7272__Test_CouchDB_indexing_using_CC_upgrade_with_marbles_chaincode_using_NODE_with_3_channels_and_3_upgrade_____1_2_/    *FAB-7253*  {code:java} CouchDB_index.Testing Fabric CouchDB indexing.FAB-7253: Test CouchDB indexing using marbles chaincode using GOLANG with 3 channels and 3 index with 1 selector -- @1.1   The kafka containers are not ready in the allotted time (300 seconds) @daily Scenario Outline: FAB-7253: Test CouchDB indexing using marbles chaincode using GOLANG with 3 channels and 3 index with 1 selector -- @1.1  Given I have a bootstrapped fabric network of type kafka using state-database couchdb with tls ... failed in 329.786s {code}  https://jenkins.hyperledger.org/view/fabric-test/job/fabric-test-daily-behave-master-x86_64/44/testReport/CouchDB_index/Testing%20Fabric%20CouchDB%20indexing/FAB_7253__Test_CouchDB_indexing_using_marbles_chaincode_using_GOLANG_with_3_channels_and_3_index_with_1_selector_____1_1_/    *FAB-7262*  https://jenkins.hyperledger.org/view/fabric-test/job/fabric-test-daily-behave-master-x86_64/44/testReport/CouchDB_index/Testing%20Fabric%20CouchDB%20indexing/FAB_7262__Test_CouchDB_indexing_using_install_after_instantiate_with_marbles_chaincode_using_NODE_with_3_channels_and_3_indexes_____1_2_/  *FAB-7260, FAB-7261* https://jenkins.hyperledger.org/view/fabric-test/job/fabric-test-daily-behave-master-x86_64/44/testReport/CouchDB_index/Testing%20Fabric%20CouchDB%20indexing/FAB_7260__FAB_7261__Test_CouchDB_indexing_using_install_after_instantiate_with_marbles_chaincode_using_NODE_with_3_channels_and_1_index_____1_2_/  *Fabric-CA Service  FAB-6489 1.1, 1.2*   Permission Denied  https://jenkins.hyperledger.org/view/fabric-test/job/fabric-test-daily-behave-master-x86_64/44/testReport/fabric-ca/Fabric-CA%20Service/FAB_6489__Interoperability_Test_using_solo_based_orderer_____1_1_/  https://jenkins.hyperledger.org/view/fabric-test/job/fabric-test-daily-behave-master-x86_64/44/testReport/fabric-ca/Fabric-CA%20Service/FAB_6489__Interoperability_Test_using_kafka_based_orderer_____1_2_/      Orderer Service *FAB-3851*  https://jenkins.hyperledger.org/view/fabric-test/job/fabric-test-daily-behave-master-x86_64/44/testReport/orderer/Orderer%20Service/FAB_3851__Message_Payloads_of_size_125KB__with_default_msg_size___for_kafka_orderer_____1_4_/     ></body> </Action>
<Action id="51863" issue="33848" author="latitiah" type="comment" created="2018-10-08 18:20:43.0" updateauthor="latitiah" updated="2018-10-08 18:24:31.0"> <body><! CDATA From my understanding, these latest couchdb errors were due to changes in the couchdb image that were merged after Sept 20th. The last known successful run was on Sept 20th.   These issues are not related to the original issue, but related to this issue: FAB-12023  ></body> </Action>
<Action id="51864" issue="33848" author="latitiah" type="comment" body="Since the latest failures are not related to the original failures, I&apos;m closing this issue as completed." created="2018-10-08 18:26:08.0" updateauthor="latitiah" updated="2018-10-08 18:26:08.0"/>
