<Issue id="36433" key="FAB-13457" number="13457" project="10002" reporter="sambhavdutt" assignee="sambhavdutt" creator="sambhavdutt" type="10004" summary="The fabric-end-2-end tests are failing in sdk-java test consistently." priority="1" resolution="10000" status="6" created="2018-12-31 02:15:00.0" updated="2019-03-19 11:12:50.0" resolutiondate="2019-01-03 17:04:13.0" votes="0" watches="4" workflowId="47966"> <description><! CDATA The fabric end-2-end tests are failing in the sdk-java tests consistently, with error , `timeout expired while starting chaincode example_cc_node` . This fail is seen more in the master branch when compared to release-1.4  Consistent: Yes  Branch: master, release-1.4  Error Snippet:  {code:java} *00:33:57.100* Tests run: 47, Failures: 3, Errors: 0, Skipped: 0, Time elapsed: 724.478 sec <<< FAILURE! - in org.hyperledger.fabric.sdkintegration.IntegrationSuite*00:33:57.100* setup(org.hyperledger.fabric.sdkintegration.End2endNodeIT)  Time elapsed: 302.941 sec  <<< FAILURE!*00:33:57.100*   java.lang.AssertionError: Not enough endorsers for instantiate :0endorser failed with timeout expired while starting chaincode example_cc_node:1 for transaction. Was verified:false*00:33:57.100* 	at org.hyperledger.fabric.sdkintegration.End2endNodeIT.setup(End2endNodeIT.java:51)*00:33:57.100* *00:33:57.101*  . java.lang.AssertionError: {code}  *Build Log*  https://logs.hyperledger.org/production/vex-yul-hyp-jenkins-3/fabric-merge-end-2-end-x86_64/3988/  ></description> </Issue>
