<Issue id="35308" key="FAB-12838" number="12838" project="10002" reporter="rameshthoomu" creator="rameshthoomu" type="10004" summary="historyleveldb Unit-test case is failed release-1.1 branch" priority="3" resolution="10000" status="6" created="2018-11-13 12:58:58.0" updated="2019-04-24 15:14:55.0" resolutiondate="2019-04-24 15:14:07.0" votes="0" watches="3" workflowId="46754"> <description><! CDATA github.com/hyperledger/fabric/core/ledger/kvledger/history/historydb/*historyleveldb* Test case is failed.  FAILED on build  https://jenkins.hyperledger.org/view/fabric/job/fabric-merge-x86_64/4948/consoleFull   *Branch:* release-1.1 {code:java} 07:11:34 unit-tests_1 | --- FAIL: TestHistory (0.04s) 07:11:34 unit-tests_1 | panic: Error while trying to open DB: open /tmp/fabric/ledgertests/kvledger/history/historydb/historyleveldb/ledgersData/stateLeveldb: no such file or directory  recovered  07:11:34 unit-tests_1 | panic: Error while trying to open DB: open /tmp/fabric/ledgertests/kvledger/history/historydb/historyleveldb/ledgersData/stateLeveldb: no such file or directory{code}  ></description> </Issue>
