<Issue id="39657" key="FAB-15372" number="15372" project="10002" reporter="bharadwajambati1" creator="bharadwajambati1" type="10004" summary="Failing test in lifecycle.feature from fabric-test repo; dependent on unimplemented SDK" priority="3" resolution="10001" status="6" created="2019-05-07 03:51:49.0" updated="2019-07-30 19:44:13.0" resolutiondate="2019-07-30 19:44:13.0" votes="0" watches="2" workflowId="52542"> <description><! CDATA Disable test case scenarios in lifecycle.feature from fabric-test repo; looks like unimplemented SDK code for the lifecycle feature is causing the failure while running the svt-daily-behavesuite. We can reenable these testcase scenarios after the Java SDK and Node SDK lifecycle feature code is finished.     *Scenario:* {code:java} 15:40:54   @daily 15:40:54   Scenario Outline: FAB-13701: Test new chaincode lifecycle - Basic workflow using Java SDK with GOLANG chaincode -- @1.3              # lifecycle.feature:38 15:40:54     Given I changed the "Application" capability to version "V2_0"                                                                     # steps/basic_impl.py:316 15:40:54     And I have a bootstrapped fabric network of type solo using state-database leveldb                                                 # steps/basic_impl.py:308 15:40:54 org1.example.com 15:40:54 org2.example.com 15:40:54 2019-05-06 19:40:54.345 UTC  common.tools.configtxgen  main -> INFO 001 Loading configuration 15:40:54 2019-05-06 19:40:54.578 UTC  common.tools.configtxgen.localconfig  completeInitialization -> INFO 002 orderer type: solo 15:40:54 2019-05-06 19:40:54.578 UTC  common.tools.configtxgen.localconfig  Load -> INFO 003 Loaded configuration: /w/workspace/fabric-test-daily-behave-master-x86_64_1/gopath/src/github.com/hyperledger/fabric-test/feature/configs/dc8d122e703611e9983dfa163e02b5dc/configtx.yaml 15:40:54 2019-05-06 19:40:54.822 UTC  common.tools.configtxgen.localconfig  completeInitialization -> INFO 004 orderer type: solo 15:40:54 2019-05-06 19:40:54.822 UTC  common.tools.configtxgen.localconfig  LoadTopLevel -> INFO 005 Loaded configuration: /w/workspace/fabric-test-daily-behave-master-x86_64_1/gopath/src/github.com/hyperledger/fabric-test/feature/configs/dc8d122e703611e9983dfa163e02b5dc/configtx.yaml 15:40:54 2019-05-06 19:40:54.828 UTC  common.tools.configtxgen  doOutputBlock -> INFO 006 Generating genesis block 15:40:54 2019-05-06 19:40:54.829 UTC  common.tools.configtxgen  doOutputBlock -> INFO 007 Writing genesis block 15:40:54 2019-05-06 19:40:54.868 UTC  common.tools.configtxgen  main -> INFO 001 Loading configuration 15:40:55 2019-05-06 19:40:55.095 UTC  common.tools.configtxgen.localconfig  Load -> INFO 002 Loaded configuration: /w/workspace/fabric-test-daily-behave-master-x86_64_1/gopath/src/github.com/hyperledger/fabric-test/feature/configs/dc8d122e703611e9983dfa163e02b5dc/configtx.yaml  {code} **Found the below error in the logs {code:java} 15:41:55     When each organization admin approves the chaincode package with policy "OR ('org1.example.com.member','org2.example.com.member')" # steps/endorser_impl.py:1049 15:41:56       Traceback (most recent call last): 15:41:56         File "/usr/local/lib/python2.7/dist-packages/behave/model.py", line 1329, in run 15:41:56           match.run(runner.context) 15:41:56         File "/usr/local/lib/python2.7/dist-packages/behave/matchers.py", line 98, in run 15:41:56           self.func(context, *args, **kwargs) 15:41:56         File "steps/endorser_impl.py", line 1052, in step_impl 15:41:56           context.result = context.interface.approve_chaincode(context, peers, user="Admin", policy=policy) 15:41:56         File "/w/workspace/fabric-test-daily-behave-master-x86_64_1/gopath/src/github.com/hyperledger/fabric-test/feature/steps/endorser_util.py", line 383, in approve_chaincode 15:41:56           raise Exception("The code for this has not been implemented for the SDKs yet. Please update in the fabric-test/feature/sdk directory.") 15:41:56       Exception: The code for this has not been implemented for the SDKs yet. Please update in the fabric-test/feature/sdk directory. {code}  Side note: due to another known bug FAB-15241 in behave framework, we also see the ` IOError:  Errno 11  Resource temporarily unavailable` when trying to handle the failure at the end of the test:   {code:java} 15:41:56 Traceback (most recent call last): 15:41:56   File "/usr/local/bin/behave", line 11, in <module> 15:41:56     sys.exit(main()) 15:41:56   File "/usr/local/lib/python2.7/dist-packages/behave/__main__.py", line 183, in main 15:41:56     return run_behave(config) 15:41:56   File "/usr/local/lib/python2.7/dist-packages/behave/__main__.py", line 127, in run_behave 15:41:56     failed = runner.run() 15:41:56   File "/usr/local/lib/python2.7/dist-packages/behave/runner.py", line 804, in run 15:41:56     return self.run_with_paths() 15:41:56   File "/usr/local/lib/python2.7/dist-packages/behave/runner.py", line 824, in run_with_paths 15:41:56     return self.run_model() 15:41:56   File "/usr/local/lib/python2.7/dist-packages/behave/runner.py", line 626, in run_model 15:41:56     failed = feature.run(self) 15:41:56   File "/usr/local/lib/python2.7/dist-packages/behave/model.py", line 321, in run 15:41:56     failed = scenario.run(runner) 15:41:56   File "/usr/local/lib/python2.7/dist-packages/behave/model.py", line 1114, in run 15:41:56     failed = scenario.run(runner) 15:41:56   File "/usr/local/lib/python2.7/dist-packages/behave/model.py", line 711, in run 15:41:56     if not step.run(runner): 15:41:56   File "/usr/local/lib/python2.7/dist-packages/behave/model.py", line 1379, in run 15:41:56     formatter.result(self) 15:41:56   File "/usr/local/lib/python2.7/dist-packages/behave/formatter/pretty.py", line 151, in result 15:41:56     self.stream.write(indent(step.error_message.strip(), u"      ")) 15:41:56   File "/usr/lib/python2.7/codecs.py", line 370, in write 15:41:56     self.stream.write(data) 15:41:56 IOError:  Errno 11  Resource temporarily unavailable {code}  ></description> </Issue>
