<Issue id="34920" key="FAB-12623" number="12623" project="10002" reporter="vijaypunugubati" creator="vijaypunugubati" type="10004" summary="Incorrect number of INVOKE transactions in fabric-test-daily-pte-master-x86_64 job" priority="2" resolution="10203" status="6" created="2018-10-26 14:50:17.0" updated="2019-03-19 11:13:27.0" resolutiondate="2018-11-01 14:42:15.0" votes="0" watches="5" workflowId="46348"> <description><! CDATA AssertionError: incorrect number of INVOKE transactions sent or received  Test case: test_FAB7329_4i {code:java} /systest_pte.Perf_Stress_LevelDB.test_FAB7329_4i_channel_events (from pytest)/ code placeholder AssertionError: Error: incorrect number of INVOKE transactions sent or received  #x1B 31merror#x1B 39m:  PTE 0 main :  chaincodeInstantiate  Failed to send instantiate Proposal or receive valid response. Response null or status is not 200. exiting... #x1B 31merror#x1B 39m:  PTE 0 main :  chaincodeInstantiate(Nid=0)  Failed to instantiate transaction on testorgschannel1 due to error:  Error: Failed to send instantiate Proposal or receive valid response. Response null or status is not 200. exiting... at /w/workspace/fabric-test-daily-pte-master-x86_64/gopath/src/github.com/hyperledger/fabric-test/tools/PTE/pte-main.js:710:23 at <anonymous>  {code} *Build log:*    https://jenkins.hyperledger.org/view/Daily/job/fabric-test-daily-pte-master-x86_64/66/testReport/systest_pte/Perf_Stress_LevelDB/test_FAB7329_4i_channel_events/    https://logs.hyperledger.org/production/vex-yul-hyp-jenkins-3/fabric-test-daily-pte-master-x86_64/66/      ></description> </Issue>
