<Issue id="44405" key="FAB-17531" number="17531" project="10002" reporter="sykesm" creator="sykesm" type="10004" summary="Intermittent UT failure in common/cluster: TestSend/Send_step_succeed expected 1, actual 2" priority="3" status="10300" created="2020-02-24 21:42:13.0" updated="2020-03-24 13:59:06.0" votes="0" watches="1" workflowId="58313" archived="N"> <description><! CDATA {code} 2020-02-24T21:16:20.9670651Z --- FAIL: TestSend (0.01s) 2020-02-24T21:16:20.9671046Z     --- FAIL: TestSend/Send_step_succeed (0.00s) 2020-02-24T21:16:20.9671305Z         rpc_test.go:249:  2020-02-24T21:16:20.9671533Z             	Error Trace:	rpc_test.go:249 2020-02-24T21:16:20.9671790Z             	Error:      	Not equal:  2020-02-24T21:16:20.9672055Z             	            	expected: 1 2020-02-24T21:16:20.9672293Z             	            	actual  : 2 2020-02-24T21:16:20.9672551Z             	Test:       	TestSend/Send_step_succeed 2020-02-24T21:16:20.9673189Z  34m2020-02-24 21:15:43.785 UTC  test  Configure -> INFO 2f4 0m Entering, channel: test, nodes:  ID: 6, {code}  https://dev.azure.com/Hyperledger/Fabric/_build/results?buildId=8355&view=logs&j=ebb37e22-1b6b-50bf-588e-4a3b10a4fc3d&t=5e6c925f-2981-5207-dd06-5e1b24383e25&l=2723  ></description> </Issue>
