<Issue id="26147" key="FAB-7501" number="7501" project="10002" reporter="sambhavdutt" assignee="harrisob@us.ibm.com" creator="sambhavdutt" type="10004" summary="fabric-sdk-node8-merge-x86_64 test failed due to &apos;premature execution&apos; of chaincode." priority="3" resolution="10000" status="6" created="2017-12-18 22:25:47.0" updated="2019-03-19 11:13:25.0" resolutiondate="2018-01-13 17:40:47.0" votes="0" watches="1" workflowId="40818"> <description><! CDATA fabric-sdk-node8-merge-x86_64 failed as the following chaincode error was observed in the build #84,  22:11:56 not ok 1258 Error: error executing chaincode: premature execution - chaincode (end2endnodesdk:v3) is being launched 22:11:56   --- 22:11:56     operator: error 22:11:56     expected: |- 22:11:56       undefined 22:11:56     actual: |- 22:11:56       {  Error: error executing chaincode: premature execution - chaincode (end2endnodesdk:v3) is being launched  code: 2, metadata: { _internal_repr: {} } } 22:11:56     at: process.onetime (/w/workspace/fabric-sdk-node8-merge-x86_64/gopath/src/github.com/hyperledger/fabric-sdk-node/node_modules/tape-promise/node_modules/onetime/index.js:22:12) 22:11:56     stack: |- 22:11:56       Error: error executing chaincode: premature execution - chaincode (end2endnodesdk:v3) is being launched  *Build Log*  https://jenkins.hyperledger.org/view/fabric-sdk-node/job/fabric-sdk-node8-merge-x86_64/84/consoleFull  ></description> </Issue>
