<Action id="40312" issue="27772" author="sambhavdutt" type="comment" created="2018-02-16 22:44:47.0" updateauthor="sambhavdutt" updated="2018-02-16 22:59:43.0"> <body><! CDATA This test case *test_FAB_6996_solo_1ch* has been failing from 10th February    {code:java} AssertionError: 'RESULT=PASSED' not found in '====================Starting FAB-6996 test with OTE====================\n./runote.sh: line 246: FAB-6996: command not found\nError response from daemon: No such container: OTE\nThe testcase variable is not set. Defaulting to a blank string.\nThe numChannels variable is not set. Defaulting to a blank string.\n./runote.sh: line 250: cd: ../../fabric-test/tools/NL: No such file or directory\n./runote.sh: line 251: ./networkLauncher.sh: No such file or directory\n====================Completed FAB-6996 test====================\n' {code}  There have been multiple test case failures from last two tests as the node version was not update to the latest version used by the CI environment - v8.9.4.   The other multiple test case errors in ote will possibly pass the tests, save FAB_6996, as the node version patch(FAB-8316)  has been merged today.  ></body> </Action>
<Action id="40389" issue="27772" author="sambhavdutt" type="comment" created="2018-02-19 14:55:16.0" updateauthor="sambhavdutt" updated="2018-02-19 14:55:16.0"> <body><! CDATA The orderer_ote test has been failing in the smoke-test-daily as well as in fabric-test-daily-x86_64.    {code:java} AssertionError: 'RESULT=PASSED' not found in '====================Starting FAB-7936_100tx_3ch_3ord_3kb test with OTE====================\nnumber of orderers: 3\nnumber of organizations: 1\nnumber of peers: 1\nnumber of channels: 3\nnumber of kafka: 3\nnumber of zookeeper: 1\norderer service type: kafka\nPROFILE_STRING: test\nHostIP1:  localhost\nTLSEnabled: enabled\n PROFILE_STRING=test, ordServType=kafka, nKafka=3, nOrderer=3, nZoo=1\n nOrg=1, nPeersPerOrg=1, ledgerDB=goleveldb, hashType=SHA2, secType=256, comName=example.com\ncurrent working directory: /w/workspace/fabric-smoke-test-daily-x86_64/gopath/src/github.com/hyperledger/fabric-test/tools/NL\nGOPATH=/w/workspace/fabric-smoke-test-daily-x86_64/gopath\n \n        ####################################################### \n        #                generate crypto-config.yaml          # \n        ####################################################### \ngenerate crypto-config.yaml ...\n./gen_crypto_cfg.sh -o 3 -r 1 -p 1 -C example.com\nnOrderer:  3\nnOrg:  1\npeersPerOrg: 1\ncomName:  example.com\nnOrderer=3, peersPerOrg=1, nOrg=1\ncfgOutFile=/w/workspace/fabric-smoke-test-daily-x86_64/gopath/src/github.com/hyperledger/fabric-test/tools/NL/crypto-config.yaml\n \n    {code}  There are multiple test case failures in the orderer_ote section for  fabric-test-daily.  *Build Logs*  smoke-test-daily  https://jenkins.hyperledger.org/view/Daily/job/fabric-smoke-test-daily-x86_64/43/testReport/orderer_ote/OTE_Orderer_Traffic_Engine/test_FAB7936_100tx_3ch_3ord_3kb/  fabric-test daily  https://jenkins.hyperledger.org/view/Daily/job/fabric-test-daily-x86_64/261/testReport/orderer_ote/perf_orderer/test_FAB_6996_solo_1ch/  ></body> </Action>
<Action id="40711" issue="27772" author="sambhavdutt" type="comment" body="The orderer_ote tests have been skipped/disabled for now." created="2018-02-24 14:47:26.0" updateauthor="sambhavdutt" updated="2018-02-24 14:47:26.0"/>
<Action id="42342" issue="27772" author="scottz" type="comment" body="We just merged subtask FAB-8423. Reassigning this to Sambhav for monitoring; this can be closed AFTER the ote tests passes in the next daily test run." created="2018-03-29 16:47:46.0" updateauthor="scottz" updated="2018-03-29 16:47:46.0"/>
<Action id="42448" issue="27772" author="sambhavdutt" type="comment" created="2018-04-02 21:03:32.0" updateauthor="sambhavdutt" updated="2018-04-02 21:04:09.0"> <body><! CDATA The Orderer ote test executed successfully after FAB-8423 was merged.   *Build Log*  https://jenkins.hyperledger.org/view/fabric-test/job/fabric-test-verify-x86_64/1051/testReport/orderer_ote/OTE_Orderer_Traffic_Engine/test_FAB7936_100tx_3ch_3ord_3kb/  ></body> </Action>
