<Issue id="42359" key="FAB-16607" number="16607" project="10002" reporter="denyeart" assignee="sstone1" creator="denyeart" type="10004" summary="fabric-samples-verify job on master failing due to fabcar typescript error" priority="2" resolution="10000" status="6" created="2019-09-14 12:26:51.0" updated="2019-09-19 13:03:53.0" resolutiondate="2019-09-19 13:03:53.0" votes="0" watches="2" workflowId="55415"> <description><! CDATA Repeated failure in verify job, e.g. see  https://gerrit.hyperledger.org/r/#/c/fabric-samples/+/33459/   {code:java} 16:28:25  + npm run build 16:28:25   16:28:25  > fabcar@1.0.0 build /w/workspace/fabric-samples-verify-x86_64/gopath/src/github.com/hyperledger/fabric-samples/chaincode/fabcar/typescript 16:28:25  > tsc 16:28:25   16:28:30  src/fabcar.ts(118,54): error TS2554: Expected 0 arguments, but got 1. 16:28:30  src/fabcar.ts(123,66): error TS2554: Expected 0 arguments, but got 1. 16:28:30  src/fabcar.ts(126,55): error TS2554: Expected 0 arguments, but got 1. 16:28:30  npm ERR! code ELIFECYCLE 16:28:30  npm ERR! errno 2 16:28:30  npm ERR! fabcar@1.0.0 build: `tsc` 16:28:30  npm ERR! Exit status 2 16:28:30  npm ERR!  16:28:30  npm ERR! Failed at the fabcar@1.0.0 build script. 16:28:30  npm ERR! This is probably not a problem with npm. There is likely additional logging output above. 16:28:30   16:28:30  npm ERR! A complete log of this run can be found in: 16:28:30  npm ERR!     /home/jenkins/.npm/_logs/2019-09-12T20_28_29_639Z-debug.log 16:28:30   31m fabcar-typescript test case is FAILED  0m {code}  Errors relate to the code at: https://github.com/hyperledger/fabric-samples/blob/master/chaincode/fabcar/typescript/src/fabcar.ts#L118-L126   ></description> </Issue>
