<Action id="21615" issue="15443" author="rameshthoomu" type="comment" created="2017-03-23 19:54:36.0" updateauthor="rameshthoomu" updated="2017-03-23 19:54:36.0"> <body><! CDATA Below is the progress:  1) updated Makefile with  {code:java} behave-test: testenv @echo "Running Behave Tetss" @ cd bddtests @$(DRUN) hyperledger/fabric-testenv:$(DOCKER_TAG) ./scripts/behave-setup.sh {code} 2) updated testenv dockerfile.in file with behave pre-requisties and build *testenv *image 3) Added virtual environment setup steps in behave-setup.sh as mentioned in README file https://gerrit.hyperledger.org/r/#/c/6389/7/bddtests/README.md to run behave tests in virtual environment.  Observed below errors while executing behave-setup.sh script   {code:java} vagrant@hyperledger-devenv:v0.3.0-d7920a9:/opt/gopath/src/github.com/hyperledger/fabric$ make behave-test mkdir -p build/image/testenv/payload cp build/docker/bin/orderer orderer/orderer.yaml common/configtx/tool/configtx.yaml build/docker/bin/peer peer/core.yaml build/msp-sampleconfig.tar.bz2 images/testenv/install-softhsm2.sh images/testenv/venv.sh build/image/testenv/payload Running behave tests The directory '/.cache/pip/http' or its parent directory is not owned by the current user and the cache has been disabled. Please check the permissions and owner of that directory. If executing pip with sudo, you may want sudo's -H flag. The directory '/.cache/pip' or its parent directory is not owned by the current user and caching wheels has been disabled. check the permissions and owner of that directory. If executing pip with sudo, you may want sudo's -H flag. Collecting virtualenv Downloading virtualenv-15.1.0-py2.py3-none-any.whl (1.8MB) Installing collected packages: virtualenv Exception: Traceback (most recent call last): File "/usr/local/lib/python2.7/dist-packages/pip/basecommand.py", line 215, in main status = self.run(options, args) File "/usr/local/lib/python2.7/dist-packages/pip/commands/install.py", line 342, in run prefix=options.prefix_path, File "/usr/local/lib/python2.7/dist-packages/pip/req/req_set.py", line 784, in install **kwargs File "/usr/local/lib/python2.7/dist-packages/pip/req/req_install.py", line 851, in install self.move_wheel_files(self.source_dir, root=root, prefix=prefix) File "/usr/local/lib/python2.7/dist-packages/pip/req/req_install.py", line 1064, in move_wheel_files isolated=self.isolated, File "/usr/local/lib/python2.7/dist-packages/pip/wheel.py", line 345, in move_wheel_files clobber(source, lib_dir, True) File "/usr/local/lib/python2.7/dist-packages/pip/wheel.py", line 323, in clobber shutil.copyfile(srcfile, destfile) File "/usr/lib/python2.7/shutil.py", line 83, in copyfile with open(dst, 'wb') as fdst: IOError:  Errno 13  Permission denied: '/usr/local/lib/python2.7/dist-packages/virtualenv.pyc' Makefile:142: recipe for target 'behave-test' failed make: ***  behave-test  Error 2 vagrant@hyperledger-devenv:v0.3.0-d7920a9:/opt/gopath/src/github.com/hyperledger/fabric$ {code}   ></body> </Action>
<Action id="22137" issue="15443" author="rameshthoomu" type="comment" created="2017-04-11 20:36:03.0" updateauthor="rameshthoomu" updated="2017-04-11 20:36:03.0"> <body><! CDATA Able to run behave tests in docker testenv container but observed bootstrap tests are failing with below errors.   http://www.heypasteit.com/clip/02M3O7..  ~jeffgarratt   ~greg.haskins  inputs on this please?  ></body> </Action>
<Action id="22138" issue="15443" author="rameshthoomu" type="comment" created="2017-04-11 20:36:46.0" updateauthor="rameshthoomu" updated="2017-04-11 20:36:46.0"> <body><! CDATA Below is the error log:  {code:java} And the user "dev0Org0" creates a ConfigUpdate Tx "configUpdateTx1" using cert alias "dev0Org0App1" using signed ConfigUpdateEnvelope "createChannelConfigUpdate1"                                                                               # steps/bootstrap_impl.py:194 And the user "dev0Org0" using cert alias "dev0Org0App1" broadcasts ConfigUpdate Tx "configUpdateTx1" to orderer "orderer0" to create channel "com.acme.blockchain.jdoe.Channel1"                                                                 # steps/bootstrap_impl.py:209 Assertion Failed: counter = 0, expected 1 Captured stdout: Will copy gensisiBlock over at this point  ipAddress in getABStubForComposeService == 192.168.32.2 Returning GRPC for address: 192.168.32.2 Got error: <_Rendezvous of RPC that terminated with (StatusCode.DEADLINE_EXCEEDED, Deadline Exceeded)> Got error Done {code}   ></body> </Action>
