<Action id="29869" issue="20194" author="rameshthoomu" type="comment" created="2017-08-15 18:19:39.0" updateauthor="rameshthoomu" updated="2017-08-15 18:20:19.0"> <body><! CDATA First Attempt:  {color:#d04437}*Except "Z" all tests passed*{color}.. Took sandbox node offline from production CI. We are using go1.8.3 in sandbox z machine caused this failure.. (https://jenkins.hyperledger.org/job/fabric-verify-z/11290/)  ></body> </Action>
<Action id="29874" issue="20194" author="rameshthoomu" type="comment" created="2017-08-15 19:33:37.0" updateauthor="rameshthoomu" updated="2017-08-15 19:33:37.0"> <body><! CDATA 2nd Attempt:  {color:#d04437}*Except "Z" all tests passed.*{color} Observed build failure on z https://jenkins.hyperledger.org/job/fabric-verify-z/11316/console  ></body> </Action>
<Action id="29878" issue="20194" author="rameshthoomu" type="comment" created="2017-08-15 21:10:45.0" updateauthor="rameshthoomu" updated="2017-08-15 21:10:45.0"> <body><! CDATA 3rd Attempt:  {color:#d04437}*WORKED AS EXPECTED*  {color:#333333}All tests are worked as expected{color}{color}     ></body> </Action>
<Action id="29903" issue="20194" author="rameshthoomu" type="comment" created="2017-08-16 13:36:13.0" updateauthor="rameshthoomu" updated="2017-08-16 13:36:13.0"> <body><! CDATA 4th Attempt:  End-2-End tests failed with build timeout error. Took 20 mins to download hyperledger/fabric-baseimage. Overall it took more than 50 mins and build aborted after configured buildtimeout (50 mins) .  https://jenkins.hyperledger.org/job/fabric-verify-end-2-end-x86_64/7247/console   Gossip unit-tests are failed on x86_64 build node:  https://jenkins.hyperledger.org/job/fabric-verify-x86_64/15718/console         ></body> </Action>
<Action id="29911" issue="20194" author="rameshthoomu" type="comment" created="2017-08-16 15:09:03.0" updateauthor="rameshthoomu" updated="2017-08-16 15:09:03.0"> <body><! CDATA *5th Attempt:*  *{color:#d04437}End-2-End tests failed with below error.{color}* {code:java} 00:16:09.846 Pulling peer0.org2.example.com (hyperledger/fabric-peer:latest)... 00:16:10.265 manifest for hyperledger/fabric-peer:latest not found 00:16:10.287 ERROR !!!! Unable to pull the images  00:16:10.294 Build step 'Execute shell' marked build as failure 00:16:10.301 $ ssh-agent -k {code}    ></body> </Action>
<Action id="29957" issue="20194" author="rameshthoomu" type="comment" created="2017-08-17 14:37:15.0" updateauthor="rameshthoomu" updated="2017-08-17 14:37:15.0"> <body><! CDATA 6th Attempt:  {color:#d04437}*PASSED*{color}  ></body> </Action>
<Action id="29962" issue="20194" author="rameshthoomu" type="comment" created="2017-08-17 15:59:51.0" updateauthor="rameshthoomu" updated="2017-08-17 15:59:51.0"> <body><! CDATA 7th Attempt  {color:#d04437}*PASSED*{color}  ></body> </Action>
<Action id="29967" issue="20194" author="rameshthoomu" type="comment" created="2017-08-17 17:58:05.0" updateauthor="rameshthoomu" updated="2017-08-17 17:58:05.0"> <body><! CDATA 8th Attempt:  {color:#d04437}*FAILED*{color} - e2e test job took more then 50 mins and caused build timeout https://jenkins.hyperledger.org/job/fabric-verify-end-2-end-x86_64/7316/console  ></body> </Action>
<Action id="29987" issue="20194" author="rameshthoomu" type="comment" created="2017-08-18 13:45:14.0" updateauthor="rameshthoomu" updated="2017-08-18 13:45:14.0"> <body><! CDATA 9th Attempt:  {color:#d04437}*PASSED* {color}  ></body> </Action>
<Action id="30005" issue="20194" author="rameshthoomu" type="comment" created="2017-08-18 18:41:10.0" updateauthor="rameshthoomu" updated="2017-08-18 18:41:10.0"> <body><! CDATA 10th attempt:  {color:#d04437}*FAILED*{color} e2e build failed with build timeout error {color:#ff0000}27 {color}{color:#ff0000}33{color}{color:#ff0000}.9{color}{color:#ff0000}M {color}{color:#ff0000}  27 9633k    0     0   560k      0  0:01:02  0:00:17  0:00:45  478{color}{color:#ff0000}k{color}Build timed out (after 50 minutes). Marking the build as failed.  ></body> </Action>
<Action id="34621" issue="20194" author="rameshthoomu" type="comment" created="2017-11-14 14:04:25.0" updateauthor="rameshthoomu" updated="2017-11-14 14:04:25.0"> <body><! CDATA Seems CI is stable now, I see builds are failing inconsistently due to the below issues * Patches needs to be rebased on the latest fixes. I see most of the patches are failing in this area * While fetching the couchdb, zookeeper images reference from third party sites, we observed curl command is failing inconsistently. Below is the error log.  {code:java} 00:02:52.012 Step 7/15 : RUN mkdir -p /usr/share/maven /usr/share/maven/ref   && curl -fsSL http://www-us.apache.org/dist/maven/maven-3/$MAVEN_VERSION/binaries/apache-maven-$MAVEN_VERSION-bin.tar.gz     | tar -xzC /usr/share/maven --strip-components=1   && ln -s /usr/share/maven/bin/mvn /usr/bin/mvn 00:02:52.073  ---> Running in e92471f132b4 00:02:53.628 curl: (18) transfer closed with 5813293 bytes remaining to read{code}  ></body> </Action>
