<Issue id="44433" key="FAB-17549" number="17549" project="10002" reporter="sykesm" creator="sykesm" type="10004" summary="Data race reported in configuration package tests" priority="3" resolution="10000" status="6" created="2020-02-26 16:16:14.0" updated="2020-03-16 19:15:43.0" resolutiondate="2020-02-26 16:28:20.0" votes="0" watches="2" workflowId="58341" archived="N"> <description><! CDATA {code} ================== WARNING: DATA RACE Write at 0x00c0004de9e0 by goroutine 93: github.com/hyperledger/fabric/pkg/config.TestSign.func1() /home/sykesm/workspace/fabric/src/github.com/hyperledger/fabric/pkg/config/signer_test.go:181 +0x153 testing.tRunner() /usr/local/go/src/testing/testing.go:909 +0x199  Previous write at 0x00c0004de9e0 by goroutine 101: github.com/hyperledger/fabric/pkg/config.TestSign.func1() /home/sykesm/workspace/fabric/src/github.com/hyperledger/fabric/pkg/config/signer_test.go:181 +0x153 testing.tRunner() /usr/local/go/src/testing/testing.go:909 +0x199  Goroutine 93 (running) created at: testing.(*T).Run() /usr/local/go/src/testing/testing.go:960 +0x651 github.com/hyperledger/fabric/pkg/config.TestSign() /home/sykesm/workspace/fabric/src/github.com/hyperledger/fabric/pkg/config/signer_test.go:177 +0x617 testing.tRunner() /usr/local/go/src/testing/testing.go:909 +0x199  Goroutine 101 (running) created at: testing.(*T).Run() /usr/local/go/src/testing/testing.go:960 +0x651 github.com/hyperledger/fabric/pkg/config.TestSign() /home/sykesm/workspace/fabric/src/github.com/hyperledger/fabric/pkg/config/signer_test.go:177 +0x617 testing.tRunner() /usr/local/go/src/testing/testing.go:909 +0x199 ================== --- FAIL: TestSign (0.06s) --- FAIL: TestSign/success (0.00s) testing.go:853: race detected during execution of test --- FAIL: TestNewSigningIdentity (0.08s) --- FAIL: TestNewCreateChannelTxFailure (0.04s) --- FAIL: TestNewCreateChannelTxFailure/When_creating_the_default_config_template_with_no_Admins_policies_defined_fails (0.00s) --- FAIL: TestNewCreateChannelTxFailure/When_creating_the_default_config_template_with_no_Writers_policies_defined_fails (0.00s) --- FAIL: TestNewCreateChannelTxFailure/When_no_BlockValidation_policy_is_defined (0.00s) testing.go:853: race detected during execution of test --- FAIL: TestNewCreateChannelTx (0.04s) --- FAIL: TestNewCreateChannelTx/When_creating_new_create_channel_Tx_with_orderer_defined_in_profile (0.01s) testing.go:853: race detected during execution of test FAIL coverage: 89.3% of statements FAIL	github.com/hyperledger/fabric/pkg/config	0.195s {code}  This is running with master from this morning with commit fd00849a0741ed46ae0faaf3bf37b72f37e1875d included.  ></description> </Issue>
