<Issue id="42530" key="FABN-1388" number="1388" project="10604" reporter="vijaypunugubati" assignee="harrisob@us.ibm.com" creator="vijaypunugubati" type="10004" summary="fabric-merge-end-2-end job: Failed to find the module lib/gateway in cucumber test." priority="2" resolution="10000" status="6" created="2019-09-27 14:18:25.0" updated="2019-10-01 12:27:23.0" resolutiondate="2019-10-01 12:27:23.0" votes="0" watches="3" workflowId="55596"> <description><! CDATA fabric-merge-end-2-end job: Failed to find the module lib/gateway in cucumber test.  *Branch:*Â Master  *Platform:* x86_64  *Error Snippet:* {code:java} /00:31:47.675  14:20:32  Starting 'run-test-cucumber'... 00:31:47.934  00:31:47.934 > fabric-sdk-node@2.0.0-snapshot test:cucumber /w/workspace/fabric-merge-end-2-end-x86_64/gopath/src/github.com/hyperledger/fabric-sdk-node 00:31:47.934 > cucumber-js ./test/scenario/features/*.feature 00:31:47.934  00:31:48.750 Error: Cannot find module './lib/gateway' 00:31:48.750     at Function.Module._resolveFilename (internal/modules/cjs/loader.js:582:15) 00:31:48.750     at Function.Module._load (internal/modules/cjs/loader.js:508:25) 00:31:48.750     at Module.require (internal/modules/cjs/loader.js:637:17) 00:31:48.750     at require (internal/modules/cjs/helpers.js:22:18) 00:31:48.750     at Object.<anonymous> (/w/workspace/fabric-merge-end-2-end-x86_64/gopath/src/github.com/hyperledger/fabric-sdk-node/fabric-network/index.js:146:26) 00:31:48.750     at Module._compile (internal/modules/cjs/loader.js:701:30) 00:31:48.750     at Object.Module._extensions..js (internal/modules/cjs/loader.js:712:10) 00:31:48.750     at Module.load (internal/modules/cjs/loader.js:600:32) 00:31:48.751     at tryModuleLoad (internal/modules/cjs/loader.js:539:12) 00:31:48.751     at Function.Module._load (internal/modules/cjs/loader.js:531:3) 00:31:48.751     at Module.require (internal/modules/cjs/loader.js:637:17) 00:31:48.751     at require (internal/modules/cjs/helpers.js:22:18) 00:31:48.751     at Object.<anonymous> (/w/workspace/fabric-merge-end-2-end-x86_64/gopath/src/github.com/hyperledger/fabric-sdk-node/test/scenario/features/lib/network.js:7:28) 00:31:48.751     at Module._compile (internal/modules/cjs/loader.js:701:30) 00:31:48.751     at Object.Module._extensions..js (internal/modules/cjs/loader.js:712:10) 00:31:48.751     at Module.load (internal/modules/cjs/loader.js:600:32) 00:31:48.758 npm ERR! code ELIFECYCLE 00:31:48.758 npm ERR! errno 1 00:31:48.759 npm ERR! fabric-sdk-node@2.0.0-snapshot test:cucumber: `cucumber-js ./test/scenario/features/*.feature` 00:31:48.764 npm ERR! Exit status 1 00:31:48.764 npm ERR!  00:31:48.764 npm ERR! Failed at the fabric-sdk-node@2.0.0-snapshot test:cucumber script. 00:31:48.764 npm ERR! This is probably not a problem with npm. There is likely additional logging output above. 00:31:48.778  00:31:48.778 npm ERR! A complete log of this run can be found in: 00:31:48.778 npm ERR!     /home/jenkins/.npm/_logs/2019-09-26T14_20_33_816Z-debug.log 00:31:48.782  14:20:33  'run-test-cucumber' errored after 1.11 s 00:31:48.783  14:20:33   31mError 39m in plugin " 36mgulp-shell 39m" 00:31:48.783 Message: 00:31:48.783     Command `export HFC_LOGGING='{"debug":"/w/workspace/fabric-merge-end-2-end-x86_64/gopath/src/github.com/hyperledger/fabric-sdk-node/test/temp/debugc.log"}'; npm run test:cucumber` failed with exit code 1 00:31:48.784  14:20:33  'run-test-merge' errored after 2.86 s/ code placeholder {code} *Build Logs:*Â  https://jenkins.hyperledger.org/view/Merge/job/fabric-merge-end-2-end-x86_64/6454/console   Â   ></description> </Issue>
