<Action id="52378" issue="34572" author="sambhavdutt" type="comment" created="2018-10-17 16:19:50.0" updateauthor="sambhavdutt" updated="2018-10-17 16:19:50.0"> <body><! CDATA The latest daily end-2-end is failing with the npm install error again in release-1.2 branch,  *fabric commit: 937b2bc4760f3b3949437e427e11c98f8e2f72ad*  {code:java} 11:36:43 Tests run: 47, Failures: 2, Errors: 0, Skipped: 3, Time elapsed: 271.733 sec <<< FAILURE! - in org.hyperledger.fabric.sdkintegration.IntegrationSuite 11:36:43 setup(org.hyperledger.fabric.sdkintegration.End2endNodeIT)  Time elapsed: 38.676 sec  <<< FAILURE! 11:36:43 java.lang.AssertionError:  11:36:43 Not enough endorsers for instantiate :1endorser failed with failed to execute transaction 3074b3c11b3175ed91e73b7511cf48b59d5f5e5ae93f3ad44b229a3943b21a99: error starting container: error starting container: Failed to generate platform-specific docker build: Error returned from build: 1 "npm WARN deprecated @types/winston@2.4.4: This is a stub types definition. winston provides its own type definitions, so you do not need this installed. 11:36:43 npm ERR! code EINTEGRITY 11:36:43 npm ERR! sha512-xmhA11h2XhqpSVzDAmoQAYdNQ+swILXpKOiRpAEQ2kX55ioxVADc6v7SkS4zQBxm4klhQHgGqpGKvoL6LGx4VQ== integrity checksum failed when using sha512: wanted sha512-xmhA11h2XhqpSVzDAmoQAYdNQ+swILXpKOiRpAEQ2kX55ioxVADc6v7SkS4zQBxm4klhQHgGqpGKvoL6LGx4VQ== but got sha512-Z5JQ1Th+GiAOAaIcooRjWua+hBnLvqBzxytSWezrKMDtBtoR2Wuy8s3i6weijJ7wVjgOeRckmw5TVTDWUoETkw==. (9415424 bytes) 11:36:43  11:36:43 npm ERR! A complete log of this run can be found in: 11:36:43 npm ERR!     /root/.npm/_logs/2018-10-17T15_35_05_132Z-debug.log {code}  *Build Logs*  https://jenkins.hyperledger.org/view/Daily/job/fabric-end-2-end-daily-release-1.2-x86_64/110/consoleFull  https://logs.hyperledger.org/production/vex-yul-hyp-jenkins-3/fabric-end-2-end-daily-release-1.2-x86_64/110/  ></body> </Action>
