<Issue id="34572" key="FABN-1360" number="1360" project="10604" reporter="sambhavdutt" assignee="rameshthoomu" creator="sambhavdutt" type="10004" summary="fabric-end-2-end-daily tests in release-1.2 are failing intermittently due to npm error." priority="3" resolution="10000" status="6" created="2018-10-10 15:20:22.0" updated="2019-08-28 19:20:03.0" resolutiondate="2018-10-28 22:53:59.0" votes="0" watches="1" workflowId="45975"> <description><! CDATA Observed the following errors in *fabric-end-2-end-daily tests in release-1.2-x86_64* job,   {code:java} 23:27:16 Failed tests:  23:27:16   End2endAndBackAgainNodeIT.setup:35->End2endAndBackAgainIT.runFabricTest:269->End2endAndBackAgainIT.reconstructChannel:733 Peer peer0.org2.example.com is missing instantiated chaincode name: example_cc_node, path:null, version: null 23:27:16   End2endNodeIT.setup:49->End2endIT.runFabricTest:226->End2endIT.runChannel:518 Not enough endorsers for instantiate :1endorser failed with failed to execute transaction 49464b3070f504d2d5898fe00d0332f82291f6325095ea70d5df28ee5f44a26f: error starting container: error starting container: Failed to generate platform-specific docker build: Error returned from build: 1 "npm WARN deprecated @types/winston@2.4.4: This is a stub types definition. winston provides its own type definitions, so you do not need this installed. 23:27:16 npm WARN tar ENOENT: no such file or directory, open '/chaincode/output/node_modules/.staging/nan-d288489e/nan.h' 23:27:16 npm WARN tar ENOENT: no such file or directory, open '/chaincode/output/node_modules/.staging/@types/node-4d8ae03d/inspector.d.ts' 23:27:16 npm WARN example_cc@1.0.0 No description 23:27:16 npm WARN example_cc@1.0.0 No repository field. 23:27:16  23:27:16 npm ERR! code EINTEGRITY 23:27:16 npm ERR! sha1-Iqu5ZW00owuVMENnIINeicLlwxY= integrity checksum failed when using sha1: wanted sha1-Iqu5ZW00owuVMENnIINeicLlwxY= but got sha1-Ertl2pR92AQYR/vWFJB89O8CqLs=. (171669 bytes) 23:27:16  23:27:16 npm ERR! A complete log of this run can be found in: 23:27:16 npm ERR!     /root/.npm/_logs/2018-10-10T03_24_58_961Z-debug.log {code}  *Build Logs*  https://jenkins.hyperledger.org/view/Daily/job/fabric-end-2-end-daily-release-1.2-x86_64/102/consoleFull  https://logs.hyperledger.org/production/vex-yul-hyp-jenkins-3/fabric-end-2-end-daily-release-1.2-x86_64/102/  ></description> </Issue>
