<Issue id="37125" key="FABN-1118" number="1118" project="10604" reporter="antoniovassell" assignee="bestbeforetoday" creator="antoniovassell" type="10004" summary="Tests are failing on release-1.4 branch" priority="2" resolution="10000" status="6" created="2019-01-24 21:25:32.0" updated="2019-02-21 10:01:57.0" resolutiondate="2019-02-21 10:01:57.0" votes="0" watches="3" workflowId="48703"> <description><! CDATA Executing `npm test` results in failure.       {code:java} 1113 passing (2s) 2 failing 1) Orderer #constructor should not permit creation without an url: AssertionError: expected  Function  to throw error matching /Parameter "url" must be a string, not undefined/ but got 'The "url" argument must be of type string. Received type undefined' at Context.it (fabric-client/test/Orderer.js:44:19) 2) Peer #constructor should not permit creation without an url: AssertionError: expected  Function  to throw error matching /Parameter "url" must be a string, not undefined/ but got 'The "url" argument must be of type string. Received type undefined' at Context.it (fabric-client/test/Peer.js:41:19)   {code}       ></description> </Issue>
