<Issue id="37655" key="FABCJ-198" number="198" project="11208" reporter="vijaypunugubati" creator="vijaypunugubati" type="10000" summary="Not enough endorsers for instantiating container fail test in sdkintegration.IntegrationSuite" priority="3" resolution="10203" status="6" created="2019-02-13 14:40:43.0" updated="2019-11-30 21:10:47.0" resolutiondate="2019-02-14 14:18:00.0" votes="0" watches="5" workflowId="56813"> <description><! CDATA *Summary:* Failed Tests:  End2endJavaIT.setup:60->End2endIT.runFabricTest:228->End2endIT.runChannel:527 AssertionError:  Not enough endorsers for instantiating container, Failed to generate platform-specific docker build.  *Intermittent:* ** First-time  *Branch:* Master**  *Platform:* ** x86_64  *Error Snippet:* {code:java} /org.hyperledger.fabric.sdkintegration.IntegrationSuite 00:46:05.080 setup(org.hyperledger.fabric.sdkintegration.End2endJavaIT)  Time elapsed: 92.49 sec  <<< FAILURE! 00:46:05.080 java.lang.AssertionError:  00:46:05.080 Not enough endorsers for instantiate :1endorser failed with error starting container: error starting container: Failed to generate platform-specific docker build: Error returned from build: 1 "./build.sh: line 35: /root/.sdkman/bin/sdkman-init.sh: No such file or directory/ code placeholder {code} {code:java} /00:46:11.467  00:46:11.467 FAILURE: Build failed with an exception. 00:46:11.467  00:46:11.467 * What went wrong: 00:46:11.467 A problem occurred configuring root project 'fabric-chaincode-example-gradle'. 00:46:11.467 > Could not resolve all artifacts for configuration ':classpath'. 00:46:11.467    > Could not download shadow.jar (com.github.jengelman.gradle.plugins:shadow:2.0.3) 00:46:11.467       > Could not get resource 'https://plugins.gradle.org/m2/com/github/jengelman/gradle/plugins/shadow/2.0.3/shadow-2.0.3.jar'. 00:46:11.467          > Connection reset 00:46:11.467  00:46:11.467 * Try: 00:46:11.467 Run with --stacktrace option to get the stack trace. Run with --info or --debug option to get more log output. Run with --scan to get full insights. 00:46:11.467  00:46:11.467 * Get more help at https://help.gradle.org 00:46:11.467  00:46:11.467 BUILD FAILED in 9s 00:46:11.467 ". Was verified:false 00:46:11.467 	at org.hyperledger.fabric.sdkintegration.End2endJavaIT.setup(End2endJavaIT.java:60) 00:46:11.467  00:46:11.501 / code placeholder {code} *Build Logs:*  https://jenkins.hyperledger.org/view/Daily/job/fabric-end-2-end-daily-master-x86_64/26/consoleFull      ></description> </Issue>
