<Issue id="34321" key="FABCJ-167" number="167" project="11208" reporter="sambhavdutt" creator="sambhavdutt" type="10000" summary="The fabric-chaincode-java-merge jobs fail during the gradle build." priority="3" resolution="10000" status="6" created="2018-10-03 14:40:34.0" updated="2019-11-30 21:10:41.0" resolutiondate="2018-10-04 14:16:33.0" votes="0" watches="6" workflowId="56782"> <description><! CDATA The fabric chaincode java merge jobs have failed during the gradle install, posting the errors observed in two jobs back to back.   {code:java} 08:05:09  91mBUILD FAILED in 38s 08:05:09  08:05:11 :fabric-chaincode-docker:buildImage FAILED 08:05:11  08:05:11 FAILURE: Build failed with an exception. 08:05:11  08:05:11 * What went wrong: 08:05:11 Execution failed for task ':fabric-chaincode-docker:buildImage'. 08:05:11 > Could not build image: The command '/bin/bash -c source /root/.sdkman/bin/sdkman-init.sh; gradle build shadowJar' returned a non-zero code: 1 {code}    {code:java} 13:49:53 FAILURE: Build failed with an exception. 13:49:53  13:49:53 * What went wrong: 13:49:53 Execution failed for task ':fabric-chaincode-docker:buildImage'. 13:49:53 > Could not build image: The command '/bin/bash -c source /root/.sdkman/bin/sdkman-init.sh; sdk install gradle 4.6' returned a non-zero code: 1 {code}  *Build Log*  https://jenkins.hyperledger.org/view/fabric-chaincode-java/job/fabric-chaincode-java-merge-master-x86_64/4/consoleFull  https://jenkins.hyperledger.org/view/fabric-chaincode-java/job/fabric-chaincode-java-merge-master-x86_64/5/console  ></description> </Issue>
