<Issue id="42455" key="FABCJ-172" number="172" project="11208" reporter="vijaypunugubati" assignee="vijaypunugubati" creator="vijaypunugubati" type="10000" summary="fabric-chaincode-java-merge job: cloudflare timeout error to get list of version from Maven artifactory in fabric-chaincode-shim:testCompileClasspath" priority="3" resolution="10000" status="6" created="2019-09-23 14:58:59.0" updated="2019-11-30 21:10:42.0" resolutiondate="2019-09-25 08:27:41.0" votes="0" watches="4" workflowId="56787"> <description><! CDATA Timeout error to get list of version from junit-dep in Maven artifactory for fabric-chaincode-shim:testCompileClasspath.  *Branch:* Master  *Platform:* x86_64  *Error Snippet:*  {code:java} /00:01:19.604 > Task :fabric-chaincode-shim:assemble 00:01:49.602 > Task :fabric-chaincode-shim:compileTestJava 00:01:55.102 > Task :fabric-chaincode-shim:compileTestJava FAILED 00:01:55.102  00:01:55.102 FAILURE: Build failed with an exception. 00:01:55.102  00:01:55.102 * What went wrong: 00:01:55.120 Execution failed for task ':fabric-chaincode-shim:compileTestJava'. 00:01:55.120 > Could not resolve all files for configuration ':fabric-chaincode-shim:testCompileClasspath'. 00:01:55.120    > Could not resolve junit:junit-dep: 4.9,). 00:01:55.120      Required by: 00:01:55.120          project :fabric-chaincode-shim > com.github.stefanbirkner:system-rules:1.17.0 00:01:55.120       > Failed to list versions for junit:junit-dep. 00:01:55.120          > Unable to load Maven meta-data from https://jitpack.io/junit/junit-dep/maven-metadata.xml. 00:01:55.120             > Could not get resource 'https://jitpack.io/junit/junit-dep/maven-metadata.xml'. 00:01:55.120                > Could not GET 'https://jitpack.io/junit/junit-dep/maven-metadata.xml'. Received status code 522 from server: Origin Connection Time-out 00:01:55.120  00:01:55.120 * Try: 00:01:55.120 Run with --stacktrace option to get the stack trace. Run with --info or --debug option to get more log output. Run with --scan to get full insights. 00:01:55.120  00:01:55.120 * Get more help at https://help.gradle.org 00:01:55.202  00:01:55.202 Deprecated Gradle features were used in this build, making it incompatible with Gradle 6.0. 00:01:55.202 Use '--warning-mode all' to show the individual deprecation warnings. 00:01:55.203 See https://docs.gradle.org/5.6.2/userguide/command_line_interface.html#sec:command_line_warnings/ code placeholder {code} *Build Logs:*    https://jenkins.hyperledger.org/view/Merge/job/fabric-chaincode-java-merge-x86_64/104/console    https://jenkins.hyperledger.org/view/Merge/job/fabric-chaincode-java-merge-x86_64/lastFailedBuild/artifact/   ></description> </Issue>
