<Issue id="41103" key="FAB-15936" number="15936" project="10002" reporter="vijaypunugubati" assignee="scottz" creator="vijaypunugubati" type="10004" summary="All LTE performance tests fail consistently upon startup" priority="3" resolution="10000" status="6" created="2019-07-11 20:54:40.0" updated="2019-07-18 18:02:49.0" resolutiondate="2019-07-18 18:02:49.0" votes="0" watches="3" workflowId="54103"> <description><! CDATA Ledger component performance tests were failed on all 18 cases.  *Branch:* release-1.4**  *Platform:* ** *x86_64*  *Error* *Snippet:* {code:java} /00:02:32.224 ============================= test session starts ============================== 00:02:32.224 platform linux2 -- Python 2.7.12, pytest-2.8.7, py-1.4.31, pluggy-0.3.1 -- /usr/bin/python 00:02:32.227 cachedir: .cache 00:02:32.228 rootdir: /w/workspace/fabric-test-daily-lte-release-1.4-x86_64/gopath/src/github.com/hyperledger/fabric-test/regression/daily, inifile:  00:02:32.264 collecting ... collected 18 items 00:02:32.264  00:03:01.454 ledger_lte.py::perf_goleveldb::test_FAB_3790_VaryNumParallelTxPerChain FAILED 00:03:04.683 ledger_lte.py::perf_goleveldb::test_FAB_3795_VaryNumChains FAILED 00:03:05.389 ledger_lte.py::perf_goleveldb::test_FAB_3798_VaryNumParallelTxWithSingleChain FAILED 00:03:06.033 ledger_lte.py::perf_goleveldb::test_FAB_3799_VaryNumChainsWithNoParallelism FAILED 00:03:07.436 ledger_lte.py::perf_goleveldb::test_FAB_3800a_VaryNumWritesInEachTx FAILED 00:03:08.360 ledger_lte.py::perf_goleveldb::test_FAB_3800b_VaryNumReadsInEachTx FAILED 00:03:09.384 ledger_lte.py::perf_goleveldb::test_FAB_3801_VaryKVSize FAILED 00:03:10.035 ledger_lte.py::perf_goleveldb::test_FAB_3802_VaryBatchSize FAILED 00:03:10.676 ledger_lte.py::perf_goleveldb::test_FAB_3803_VaryNumTxs FAILED 00:03:21.093 ledger_lte.py::perf_couchdb::test_FAB_3870_VaryNumParallelTxPerChain FAILED 00:03:33.033 ledger_lte.py::perf_couchdb::test_FAB_3871_VaryNumChain FAILED 00:03:45.182 ledger_lte.py::perf_couchdb::test_FAB_3872_VaryNumParallelTxWithSingleChain FAILED 00:03:57.829 ledger_lte.py::perf_couchdb::test_FAB_3873_VaryNumChainWithNoParallelism FAILED 00:04:06.061 ledger_lte.py::perf_couchdb::test_FAB_3874_VaryKVSize FAILED 00:04:15.428 ledger_lte.py::perf_couchdb::test_FAB_3875_VaryBatchSize FAILED 00:04:23.365 ledger_lte.py::perf_couchdb::test_FAB_3876a_VaryNumWritesInEachTx FAILED 00:04:31.209 ledger_lte.py::perf_couchdb::test_FAB_3876b_VaryNumReadsInEachTx FAILED 00:04:39.069 ledger_lte.py::perf_couchdb::test_FAB_3877_VaryNumTxs FAILED 00:04:39.071 / code placeholder {code} **      *Build:*  https://jenkins.hyperledger.org/view/fabric-test/job/fabric-test-daily-lte-release-1.4-x86_64/177/console   *Build Logs:*    https://jenkins.hyperledger.org/view/fabric-test/job/fabric-test-daily-lte-release-1.4-x86_64/   *{color:#de350b}Follow the below pic to see the log files on Jenkins page.{color}*!Screen Shot 2019-07-11 at 4.52.01 PM.png!  For example, click "Last Failed Build" under the *Permalinks* section header. View a recent build from July 11th, go to the fabric-test/regression/daily/ folder to find this logfile (and all the others showing similar error) https://jenkins.hyperledger.org/view/fabric-test/job/fabric-test-daily-lte-release-1.4-x86_64/lastFailedBuild/artifact/gopath/src/github.com/hyperledger/fabric-test/regression/daily/output_VaryBatchSize.log  {quote}found fabric repo.... Note: This is a Benchmark test. Please make sure to set an appropriate value for ulimit in your OS. Recommended value is 10000 for default parameters. Current ulimit=1048576 Parameter file: parameters_daily_CI.sh INFO: outputDIR  /w/workspace/fabric-test-daily-lte-release-1.4-x86_64/gopath/src/github.com/hyperledger/fabric-test/tools/LTE/TestResults/experiments/BenchmarkInsertTxs  already exists. Output will be appended to existing file go test -v -timeout 1000m github.com/hyperledger/fabric/test/tools/LTE/experiments -testParams="-DataDir=/tmp/fabric/test/tools/LTE/data, -NumChains=10, -NumParallelTxPerChain=10, -NumWritesPerTx=4, -NumReadsPerTx=4, -BatchSize=10, -NumKVs=100000, -KVSize=200, -UseJSONFormat=false" -bench=BenchmarkInsertTxs # github.com/hyperledger/fabric/test/tools/LTE/chainmgmt ../chainmgmt/chains.go:124:59: not enough arguments in call to c.PeerLedger.CommitWithPvtData 	have (*"github.com/hyperledger/fabric/core/ledger".BlockAndPvtData) 	want (*"github.com/hyperledger/fabric/core/ledger".BlockAndPvtData, *"github.com/hyperledger/fabric/core/ledger".CommitOptions) FAIL	github.com/hyperledger/fabric/test/tools/LTE/experiments  build failed  Failed to run the test.{quote}   ></description> </Issue>
