<Issue id="36772" key="FAB-13690" number="13690" project="10002" reporter="jyellick" assignee="sykesm" creator="jyellick" type="10004" summary="Flake for core/comm/TestNewConnection" priority="3" resolution="10000" status="6" created="2019-01-15 04:30:25.0" updated="2019-03-20 06:33:41.0" resolutiondate="2019-01-21 03:35:43.0" votes="0" watches="2" workflowId="48333"> <description><! CDATA {noformat} 23:10:26 ok  	github.com/hyperledger/fabric/core/chaincode/shim/ext/statebased	0.536s	coverage: 89.1% of statements 23:10:26 2019-01-15 04:02:38.884 UTC  ConnProducer  DisableEndpoint -> WARN 001 Only 1 endpoint remained, will not black-list it 23:10:26 2019-01-15 04:02:39.362 UTC  ConnProducer  NewConnection -> ERRO 003 Failed connecting to a , error: Failed connecting to a 23:10:26 2019-01-15 04:02:39.423 UTC  ConnProducer  NewConnection -> ERRO 004 Failed connecting to b , error: Failed connecting to b 23:10:26 2019-01-15 04:02:39.423 UTC  ConnProducer  NewConnection -> ERRO 005 Failed connecting to c , error: Failed connecting to c 23:10:26 2019-01-15 04:02:39.423 UTC  ConnProducer  NewConnection -> ERRO 006 Failed connecting to a , error: Failed connecting to a 23:10:26 2019-01-15 04:02:39.430 UTC  comm  GetPeerCredentials -> WARN 007 Failed adding certificates to peer's client TLS trust pool: asn1: syntax error: data truncated 23:10:26 2019-01-15 04:02:40.375 UTC  comm  GetDeliverServiceCredentials -> ERRO 008 Attempted to obtain root CA certs of a non existent channel: C 23:10:26 --- FAIL: TestNewConnection (0.02s) 23:10:26     --- FAIL: TestNewConnection/client_/_server_wrong_port (1.00s) 23:10:26         client_test.go:355: failed to create new connection: context deadline exceeded 23:10:26         <autogenerated>:1:  23:10:26             	Error Trace:	client_test.go:356 23:10:26             	Error:      	"failed to create new connection: context deadline exceeded" does not contain "connection refused" 23:10:26             	Test:       	TestNewConnection/client_/_server_wrong_port 23:10:26 FAIL 23:10:26 coverage: 91.3% of statements 23:10:26 FAIL	github.com/hyperledger/fabric/core/comm	9.098s {noformat}  https://jenkins.hyperledger.org/job/fabric-verify-unit-tests-x86_64/7976/console  ></description> </Issue>
