<Issue id="35846" key="FABCN-243" number="243" project="11207" reporter="sambhavdutt" creator="sambhavdutt" type="10000" summary="fabric-end-2-end-daily &lt;x86_64&gt; &lt;release-1.3&gt; failed once in BYFN Node Chaincode test. NPM Error." priority="3" resolution="10201" status="6" created="2018-12-04 04:33:59.0" updated="2019-11-30 21:14:55.0" resolutiondate="2018-12-05 09:08:28.0" votes="0" watches="6" workflowId="57061"> <description><! CDATA The fabric-end-2-end-daily <x86_64> <release-1.3> failed first time in BYFN Node Chaincode test due to NPM Error. This test passed all tests in the last build. Observed the below errors, ,   {code:java} 00:23:01.933 Error: could not assemble transaction, err proposal response was not  successful, error code 500, msg error starting container: error starting container: Failed to generate platform-specific docker build: Error returned from build: 1 "npm WARN deprecated @types/winston@2.4.4: This is a stub types definition. winston provides its own type definitions, so you do not need this installed. 00:23:01.933 npm WARN deprecated boom@4.3.1: This version is no longer maintained. Please upgrade to the latest version. 00:23:01.933 npm ERR! code EINTEGRITY 00:23:01.933 npm ERR! sha512-xmhA11h2XhqpSVzDAmoQAYdNQ+swILXpKOiRpAEQ2kX55ioxVADc6v7SkS4zQBxm4klhQHgGqpGKvoL6LGx4VQ== integrity checksum failed when using sha512: wanted sha512-xmhA11h2XhqpSVzDAmoQAYdNQ+swILXpKOiRpAEQ2kX55ioxVADc6v7SkS4zQBxm4klhQHgGqpGKvoL6LGx4VQ== but got sha512-IASkDFcdCT8lK6eZumelNZOCKVYTK2QVPCT7Me5+e0XgLVNCnIYrNlhUyVR8+hllvEoOa16X4WtNAOBD10gFtQ==. (294286 bytes) 00:23:01.933  00:23:01.933 npm ERR! A complete log of this run can be found in: 00:23:01.933 npm ERR!     /root/.npm/_logs/2018-12-03T23_49_43_047Z-debug.log 00:23:01.933 " 00:23:01.937 + res=1 00:23:01.937 + set +x 00:23:01.938 2018-12-03 23:49:37.193 UTC  chaincodeCmd  checkChaincodeCmdParams -> INFO 001 Using default escc 00:23:01.938 2018-12-03 23:49:37.193 UTC  chaincodeCmd  checkChaincodeCmdParams -> INFO 002 Using default vscc 00:23:01.938 2018-12-03 23:49:37.205 UTC  chaincodeCmd  install -> INFO 003 Installed remotely response:<status:200 payload:"OK" >  00:23:01.940 !!!!!!!!!!!!!!! Chaincode upgrade on peer0.org1 has failed !!!!!!!!!!!!!!!! 00:23:01.940 ========= ERROR !!! FAILED to execute End-2-End Scenario =========== {code}  *Build Logs*  https://jenkins.hyperledger.org/view/Daily/job/fabric-end-2-end-daily-release-1.3-x86_64/76/consoleFull  https://logs.hyperledger.org/production/vex-yul-hyp-jenkins-3/fabric-end-2-end-daily-release-1.3-x86_64/76/Docker_Container_Logs/   ></description> </Issue>
