<Issue id="41104" key="FABN-1312" number="1312" project="10604" reporter="vijaypunugubati" assignee="harrisob@us.ibm.com" creator="vijaypunugubati" type="10004" summary="npm failed to install from &quot;node_modules/fabric-ca-client&quot; " priority="3" resolution="10000" status="6" created="2019-07-11 21:18:08.0" updated="2019-07-30 17:47:05.0" resolutiondate="2019-07-30 17:47:05.0" votes="0" watches="2" workflowId="54104"> <description><! CDATA npm install Could not install from "node_modules/fabric-ca-client" as it does not contain a package.json file.  *Branch:* master  *Platform:* *x86_64*  *Error* *Snippet:*  {code:java} /00:08:38.676 ======== Performance Test using PTE and NL tools ======== 00:08:41.657 npm ERR! code ENOLOCAL 00:08:41.658 npm ERR! Could not install from "node_modules/fabric-ca-client" as it does not contain a package.json file. 00:08:43.247  00:08:43.247 npm ERR! A complete log of this run can be found in: 00:08:43.248 npm ERR!     /home/jenkins/.npm/_logs/2019-07-11T17_58_34_558Z-debug.log 00:08:43.253 FAILED: Failed to install npm. Cannot run pte test suite./ code placeholder{code} Build console:  https://jenkins.hyperledger.org/view/fabric-test/job/fabric-test-verify-x86_64/3114/console    And also the developers observed some of the node_modules have the issues when they tried to use them up like    `npm install fabric-network@2.0.0-snapshot.213`  `npm install fabric-client@2.0.0-snapshot.251 (Not FOUND)`  `npm install fabric-client@2.0.0-snapshot.252 (Broken)`  The issue was resolved now, I recommend to have a document for the future reference. Bret Harrison has fixed it, and it would be more helpful if Bret explains more about this.  ></description> </Issue>
