<Issue id="19242" key="FABC-166" number="166" project="10607" reporter="lehors" assignee="lehors" creator="lehors" type="10004" summary="make unit-tests fails on Windows 7 TestMaxEnrollmentLimited" priority="3" resolution="10000" status="6" created="2017-07-13 19:36:54.0" updated="2018-07-18 22:03:43.0" resolutiondate="2017-09-27 18:51:35.0" votes="0" watches="1" workflowId="32346"> <description><! CDATA This is with vagrant on a Windows 7 box. I get the following error: {code:java} 2017/07/12 00:59:58  DEBUG  Directing traffic to default CA 2017/07/12 00:59:58  DEBUG  DB: Getting identity admin 2017/07/12 00:59:58  DEBUG  DB: Login user admin with max enrollments of -1 and state of 8 2017/07/12 00:59:58  DEBUG  Max enrollment value (-1) of identity is greater than allowed by CA, using CA max enrollment value of 1 2017/07/12 00:59:58  DEBUG  Failed to login 'admin': The identity admin has already enrolled 1 times, it has reached its maximum enrollment allowance 2017/07/12 00:59:58  DEBUG  Received response statusCode=400 (400 Bad Request) --- FAIL: TestMaxEnrollmentLimited (0.55s) server_test.go:986: Test max enrollment limited server_test.go:999: Enrollment failed, error: Error response from server was: Authorization failure panic: runtime error: invalid memory address or nil pointer dereference  recovered  panic: runtime error: invalid memory address or nil pointer dereference  signal SIGSEGV: segmentation violation code=0x1 addr=0x0 pc=0x4cb657   goroutine 754  running : panic(0xaa1440, 0xc42000e0f0) /opt/go/src/runtime/panic.go:500 +0x1a1 testing.tRunner.func1(0xc42007a600) /opt/go/src/testing/testing.go:579 +0x25d panic(0xaa1440, 0xc42000e0f0) /opt/go/src/runtime/panic.go:458 +0x243 github.com/hyperledger/fabric-ca/lib_test.TestMaxEnrollmentLimited(0xc42007a600) /opt/gopath/src/github.com/hyperledger/fabric-ca/lib/server_test.go:1001 +0x247 testing.tRunner(0xc42007a600, 0xb98208) /opt/go/src/testing/testing.go:610 +0x81 created by testing.(*T).Run /opt/go/src/testing/testing.go:646 +0x2ec FAIL	github.com/hyperledger/fabric-ca/lib	117.907s error: exit status 1 panic: EOF  goroutine 1  running : panic(0x4daca0, 0xc42000a180) /opt/go/src/runtime/panic.go:500 +0x1a1 main.main() /opt/gopath/src/github.com/AlekSi/gocov-xml/gocov-xml.go:60 +0x15fd *** END FAILURES *** Makefile:148: recipe for target 'unit-tests' failed make: ***  unit-tests  Error 1 {code}  ></description> </Issue>
