<Action id="54841" issue="36184" author="sambhavdutt" type="comment" created="2018-12-16 17:34:24.0" updateauthor="sambhavdutt" updated="2018-12-16 17:36:05.0"> <body><! CDATA +Summary:+ Chaincode instantiation failed in the recent build in the Headless & Integration tests. +Consistent:+ Yes +Platform:+ x86_64  +Branch:+ release-1.4 +Commit:+ 284ff108728254160051c31ab6c92005554f6be0 {code:java} 11:48:49 # npm ERR! code EINTEGRITY 11:48:49 # npm ERR! sha512-LWoGYW+ylOo2Ldvq/1i/SEwDsIxmDEJK9KoHPHEQkkwdG5zC+9D3/wJsgf/JFvpUoHrPdzLfBUqxfzRVCR90jw== integrity checksum failed when using sha512: wanted sha512-LWoGYW+ylOo2Ldvq/1i/SEwDsIxmDEJK9KoHPHEQkkwdG5zC+9D3/wJsgf/JFvpUoHrPdzLfBUqxfzRVCR90jw== but got sha512-WjOGKCsh6aowDH3RqtHvHlqantvmFWR6zAJEz3rSbo5meGkz153E7OWB3P3FGWYCkxds0skBUYPsFHyc2mxnUA==. (2030332 bytes) 11:48:49 #  11:48:49 # npm ERR! A complete log of this run can be found in: 11:48:49 # npm ERR!     /root/.npm/_logs/2018-12-16T16_48_26_334Z-debug.log 11:48:49 # " 11:48:49 not ok 477 Error: All proposals were not good at e2eUtils.tlsEnroll.then.then.then.then.then (/w/workspace/fabric-sdk-node-merge-x86_64/gopath/src/github.com/hyperledger/fabric-sdk-node/test/integration/e2e/e2eUtils.js:363:11) at <anonymous> at process._tickDomainCallback (internal/process/next_tick.js:228:7) 11:48:49   --- 11:48:49     operator: fail 11:48:49     at: e2eUtils.tlsEnroll.then.then.then.then.then.then.catch (/w/workspace/fabric-sdk-node-merge-x86_64/gopath/src/github.com/hyperledger/fabric-sdk-node/test/integration/e2e/e2eUtils.js:411:6) 11:48:49     stack: |- 11:48:49       Error: Error: All proposals were not good 11:48:49           at e2eUtils.tlsEnroll.then.then.then.then.then (/w/workspace/fabric-sdk-node-merge-x86_64/gopath/src/github.com/hyperledger/fabric-sdk-node/test/integration/e2e/e2eUtils.js:363:11) 11:48:49           at <anonymous> 11:48:49           at process._tickDomainCallback (internal/process/next_tick.js:228:7) 11:48:49           at Test.assert  as _assert  (/w/workspace/fabric-sdk-node-merge-x86_64/gopath/src/github.com/hyperledger/fabric-sdk-node/node_modules/tape/lib/test.js:224:54) 11:48:49           at Test.bound  as _assert  (/w/workspace/fabric-sdk-node-merge-x86_64/gopath/src/github.com/hyperledger/fabric-sdk-node/node_modules/tape/lib/test.js:76:32) 11:48:49           at Test.fail (/w/workspace/fabric-sdk-node-merge-x86_64/gopath/src/github.com/hyperledger/fabric-sdk-node/node_modules/tape/lib/test.js:317:10) 11:48:49           at Test.bound  as fail  (/w/workspace/fabric-sdk-node-merge-x86_64/gopath/src/github.com/hyperledger/fabric-sdk-node/node_modules/tape/lib/test.js:76:32) 11:48:49           at e2eUtils.tlsEnroll.then.then.then.then.then.then.catch (/w/workspace/fabric-sdk-node-merge-x86_64/gopath/src/github.com/hyperledger/fabric-sdk-node/test/integration/e2e/e2eUtils.js:411:6) 11:48:49           at <anonymous> 11:48:49           at process._tickDomainCallback (internal/process/next_tick.js:228:7) 11:48:49   ... 11:48:49 not ok 478 Failed to instantiate chaincode  11:48:49   --- 11:48:49     operator: fail 11:48:49     at: e2eUtils.instantiateChaincodeWithId.then (/w/workspace/fabric-sdk-node-merge-x86_64/gopath/src/github.com/hyperledger/fabric-sdk-node/test/integration/network-e2e/instantiate-chaincode.js:32:7) 11:48:49     stack: |- 11:48:49       Error: Failed to instantiate chaincode {code} *Build Log*  https://jenkins.hyperledger.org/view/fabric-sdk-node/job/fabric-sdk-node-merge-x86_64/143/consoleFull   ></body> </Action>
<Action id="54870" issue="36184" author="vijaypunugubati" type="comment" created="2018-12-17 15:24:51.0" updateauthor="vijaypunugubati" updated="2018-12-17 15:24:51.0"> <body><! CDATA +Summary:+ Chaincode instantiation failed in the recent build in the Headless & Integration tests. +Consistent:+ Yes +Platform:+ x86_64  +Branch:+ Master +Commit:+ e3fcc273c61b35c650fd8cadebe1f8ff07f8c56b {code:java} /08:58:15 # Proposal failed to e2enodecc :: Error: error starting container: error starting container: Failed to generate platform-specific docker build: Failed to pull hyperledger/fabric-ccenv:latest: API error (500): Get https://registry-1.docker.io/v2/: EOF 08:58:15 not ok 179 Error: All proposals were not good at e2eUtils.tlsEnroll.then.then.then.then.then (/w/workspace/fabric-sdk-node-merge-x86_64/gopath/src/github.com/hyperledger/fabric-sdk-node/test/integration/e2e/e2eUtils.js:363:11) at <anonymous> at process._tickDomainCallback (internal/process/next_tick.js:229:7) 08:58:15   --- 08:58:15     operator: fail 08:58:15     at: e2eUtils.tlsEnroll.then.then.then.then.then.then.catch (/w/workspace/fabric-sdk-node-merge-x86_64/gopath/src/github.com/hyperledger/fabric-sdk-node/test/integration/e2e/e2eUtils.js:411:6) 08:58:15     stack: |- 08:58:15       Error: Error: All proposals were not good 08:58:15           at e2eUtils.tlsEnroll.then.then.then.then.then (/w/workspace/fabric-sdk-node-merge-x86_64/gopath/src/github.com/hyperledger/fabric-sdk-node/test/integration/e2e/e2eUtils.js:363:11) 08:58:15           at <anonymous> 08:58:15           at process._tickDomainCallback (internal/process/next_tick.js:229:7) 08:58:15           at Test.assert  as _assert  (/w/workspace/fabric-sdk-node-merge-x86_64/gopath/src/github.com/hyperledger/fabric-sdk-node/node_modules/tape/lib/test.js:224:54) 08:58:15           at Test.bound  as _assert  (/w/workspace/fabric-sdk-node-merge-x86_64/gopath/src/github.com/hyperledger/fabric-sdk-node/node_modules/tape/lib/test.js:76:32) 08:58:15           at Test.fail (/w/workspace/fabric-sdk-node-merge-x86_64/gopath/src/github.com/hyperledger/fabric-sdk-node/node_modules/tape/lib/test.js:317:10) 08:58:15           at Test.bound  as fail  (/w/workspace/fabric-sdk-node-merge-x86_64/gopath/src/github.com/hyperledger/fabric-sdk-node/node_modules/tape/lib/test.js:76:32) 08:58:15           at e2eUtils.tlsEnroll.then.then.then.then.then.then.catch (/w/workspace/fabric-sdk-node-merge-x86_64/gopath/src/github.com/hyperledger/fabric-sdk-node/test/integration/e2e/e2eUtils.js:411:6) 08:58:15           at <anonymous> 08:58:15           at process._tickDomainCallback (internal/process/next_tick.js:229:7) 08:58:15   ... 08:58:15 not ok 180 Failed to instantiate chaincode/ code placeholder {code}  ></body> </Action>
<Action id="54986" issue="36184" author="rameshthoomu" type="comment" created="2018-12-19 16:31:30.0" updateauthor="rameshthoomu" updated="2018-12-19 16:31:30.0"> <body><! CDATA Not seeing this in the latest builds. Closing this  https://jenkins.hyperledger.org/job/fabric-sdk-node-merge-x86_64/155/consoleFull  ></body> </Action>
<Action id="54987" issue="36184" author="rameshthoomu" type="comment" body="This is working as expected now. Could be a flake error" created="2018-12-19 16:31:58.0" updateauthor="rameshthoomu" updated="2018-12-19 16:31:58.0"/>
