<Issue id="39426" key="FGJ-16" number="16" project="11000" reporter="sambhavdutt" creator="sambhavdutt" type="10004" summary="Maven tests fail consistently due to java.lang Assertion Error" priority="4" resolution="10203" status="6" created="2019-04-21 17:12:29.0" updated="2019-07-16 12:42:14.0" resolutiondate="2019-07-16 12:42:14.0" votes="0" watches="2" workflowId="52305"> <description><! CDATA There have been consistent fails observed during _mvn install_  java.lang Asserion error has been observed in all fails.  *Branch:* master *Platform:* x86_64 *Error Snippet:*  {code:java} 00:02:27.110  INFO  --- maven-surefire-plugin:2.22.1:test (setup) @ fabric-gateway-java --- 00:02:27.110  INFO   00:02:27.110  INFO  ------------------------------------------------------- 00:02:27.110  INFO   T E S T S 00:02:27.110  INFO  ------------------------------------------------------- 00:02:27.372  INFO  Running scenario.SetupScenarioTest 00:02:35.492  ERROR  Tests run: 1, Failures: 1, Errors: 0, Skipped: 0, Time elapsed: 6.716 s <<< FAILURE! - in scenario.SetupScenarioTest 00:02:35.492  ERROR  startFabric  Time elapsed: 6.709 s  <<< FAILURE! 00:02:35.492 java.lang.AssertionError: expected:<1> but was:<0> 00:02:35.492 	at scenario.SetupScenarioTest.startFabric(SetupScenarioTest.java:9) 00:02:35.492  00:02:35.492  INFO   00:02:35.492  INFO  Results: 00:02:35.492  INFO   00:02:35.492  ERROR  Failures:  00:02:35.492  ERROR    SetupScenarioTest.startFabric:9 expected:<1> but was:<0> 00:02:35.492  INFO   00:02:35.492  ERROR  Tests run: 1, Failures: 1, Errors: 0, Skipped: 0 00:02:35.492  INFO   00:02:35.492  INFO  ------------------------------------------------------------------------ 00:02:35.492  INFO  BUILD FAILURE 00:02:35.492  INFO  ------------------------------------------------------------------------ 00:02:35.492  INFO  Total time: 28.971 s 00:02:35.492  INFO  Finished at: 2019-04-21T16:14:05Z 00:02:35.492  INFO  ------------------------------------------------------------------------ 00:02:35.492  ERROR  Failed to execute goal org.apache.maven.plugins:maven-surefire-plugin:2.22.1:test (setup) on project fabric-gateway-java: There are test failures. 00:02:35.492  ERROR   00:02:35.492  ERROR  Please refer to /w/workspace/fabric-gateway-java-merge-x86_64/gopath/src/github.com/hyperledger/fabric-gateway-java/target/surefire-reports for the individual test results. 00:02:35.492  ERROR  Please refer to dump files (if any exist)  date .dump,  date -jvmRun N .dump and  date .dumpstream. 00:02:35.492  ERROR  ->  Help 1  00:02:35.492  ERROR   00:02:35.492  ERROR  To see the full stack trace of the errors, re-run Maven with the -e switch. 00:02:35.492  ERROR  Re-run Maven using the -X switch to enable full debug logging. {code}  *Build Log*  https://jenkins.hyperledger.org/sandbox/me/my-views/view/all/job/fabric-gateway-java-merge-x86_64/1/consoleFull  ></description> </Issue>
