<Action id="55491" issue="36610" author="sambhavdutt" type="comment" created="2019-01-10 13:06:34.0" updateauthor="sambhavdutt" updated="2019-01-10 13:06:34.0"> <body><! CDATA There is another flaky test case fail *test_FAB_3875_VaryBatchSize* in *release-1.3* due to Assertion Error. The LTE tests started at 8:43 PM EST on 9th Jan, and took about 3:30 hours:mins to complete which is the standard time for a successful LTE run.   There are no changes made in the code that could have triggered this fail.  *Intermittent:* No  *Branch:* release-1.3  *Error Snippet:* {code:java} E       AssertionError: varyBatchSize for CouchDB performance test failed.  E       Please check the logfile output_VaryBatchSize_couchdb.log for more details.  ledger_lte.py:322: AssertionError {code} *Build Log*   https://logs.hyperledger.org/production/vex-yul-hyp-jenkins-3/fabric-test-daily-lte-release-1.3-x86_64/68/   ></body> </Action>
