<Issue id="41489" key="FABJ-462" number="462" project="10605" reporter="vijaypunugubati" assignee="bestbeforetoday" creator="vijaypunugubati" type="10004" summary="fabric-merge-end-2-end job: sdk-java tests fail consistent on org.hyperledger.fabric.sdkintegration.IntegrationSuite" priority="1" resolution="10000" status="6" created="2019-07-29 18:17:01.0" updated="2019-08-14 13:15:09.0" resolutiondate="2019-08-02 15:05:22.0" votes="0" watches="4" workflowId="54506"> <description><! CDATA 4 tests on sdk-java(org.hyperledger.fabric.sdkintegration.IntegrationSuite) failed to start with trouble in starting container peer0.org1.example.com.  *Branch:* Master  *Platform:* x86_64  *Error Snippet:*  {code:java} /00:37:09.710  ERROR  Tests run: 50, Failures: 4, Errors: 0, Skipped: 0, Time elapsed: 419.508 s <<< FAILURE! - in org.hyperledger.fabric.sdkintegration.IntegrationSuite 00:37:09.710  ERROR  test01UserChannel(org.hyperledger.fabric.sdkintegration.UpdateChannelIT)  Time elapsed: 12.181 s  <<< FAILURE! 00:37:09.710 org.junit.ComparisonFailure: expected:<...rpcs://localhost:705 6 > but was:<...rpcs://localhost:705 1 > 00:37:09.710 	at org.hyperledger.fabric.sdkintegration.UpdateChannelIT.test01UserChannel(UpdateChannelIT.java:314) 00:37:09.710  00:37:09.710  ERROR  setup(org.hyperledger.fabric.sdkintegration.End2endNodeIT)  Time elapsed: 29.636 s  <<< FAILURE! 00:37:09.710 java.lang.AssertionError:  00:37:09.710 Not enough endorsers for instantiate :1endorser failed with error starting container: error building image: docker image build failed: docker build failed: Error returned from build: 1 "npm WARN deprecated @types/winston@2.4.4: This is a stub types definition. winston provides its own type definitions, so you do not need this installed. 00:37:09.710 npm ERR! Unexpected end of JSON input while parsing near '...3w6WeBk3jqRzafNOpMV\n' 00:37:09.710  00:37:09.710 npm ERR! A complete log of this run can be found in: 00:37:09.710 npm ERR!     /root/.npm/_logs/2019-07-29T10_09_25_482Z-debug.log 00:37:09.710 ". Was verified:false 00:37:09.710 	at org.hyperledger.fabric.sdkintegration.End2endNodeIT.setup(End2endNodeIT.java:51) 00:37:09.710  00:37:09.710  ERROR  setup(org.hyperledger.fabric.sdkintegration.End2endAndBackAgainNodeIT)  Time elapsed: 0.486 s  <<< FAILURE! 00:37:09.710 java.lang.AssertionError: Peer peer0.org1.example.com is missing instantiated chaincode name: example_cc_node, path:null, version: 1 00:37:09.710 	at org.hyperledger.fabric.sdkintegration.End2endAndBackAgainNodeIT.setup(End2endAndBackAgainNodeIT.java:36) 00:37:09.710  00:37:09.710  ERROR  setup(org.hyperledger.fabric.sdkintegration.End2endLifecycleIT)  Time elapsed: 18.496 s  <<< FAILURE! 00:37:09.710 java.lang.AssertionError: expected:<SUCCESS> but was:<FAILURE> 00:37:09.710 	at org.hyperledger.fabric.sdkintegration.End2endLifecycleIT.verifyByQueryNamespaceDefinitions(End2endLifecycleIT.java:654) 00:37:09.710 	at org.hyperledger.fabric.sdkintegration.End2endLifecycleIT.runChannel(End2endLifecycleIT.java:453) 00:37:09.711 	at org.hyperledger.fabric.sdkintegration.End2endLifecycleIT.runFabricTest(End2endLifecycleIT.java:239) 00:37:09.711 	at org.hyperledger.fabric.sdkintegration.End2endLifecycleIT.setup(End2endLifecycleIT.java:174) 00:37:09.711  00:37:10.227  INFO   00:37:10.227  INFO  Results: 00:37:10.229  INFO   00:37:10.229  ERROR  Failures:  00:37:10.229  ERROR    End2endAndBackAgainNodeIT.setup:36->End2endAndBackAgainIT.runFabricTest:253->End2endAndBackAgainIT.reconstructChannel:741 Peer peer0.org1.example.com is missing instantiated chaincode name: example_cc_node, path:null, version: 1 00:37:10.229  ERROR    End2endLifecycleIT.setup:174->runFabricTest:239->runChannel:453->verifyByQueryNamespaceDefinitions:654 expected:<SUCCESS> but was:<FAILURE> 00:37:10.229  ERROR    End2endNodeIT.setup:51->End2endIT.runFabricTest:209->End2endIT.runChannel:541 Not enough endorsers for instantiate :1endorser failed with error starting container: error building image: docker image build failed: docker build failed: Error returned from build: 1 "npm WARN deprecated @types/winston@2.4.4: This is a stub types definition. winston provides its own type definitions, so you do not need this installed. 00:37:10.229 npm ERR! Unexpected end of JSON input while parsing near '...3w6WeBk3jqRzafNOpMV\n' 00:37:10.229  00:37:10.229 npm ERR! A complete log of this run can be found in: 00:37:10.229 npm ERR!     /root/.npm/_logs/2019-07-29T10_09_25_482Z-debug.log 00:37:10.229 ". Was verified:false 00:37:10.230  ERROR    UpdateChannelIT.test01UserChannel:314 expected:<...rpcs://localhost:705 6 > but was:<...rpcs://localhost:705 1 > 00:37:10.230  INFO   00:37:10.230  ERROR  Tests run: 50, Failures: 4, Errors: 0, Skipped: 0/ code placeholder {code}  **  https://jenkins.hyperledger.org/view/Merge/job/fabric-merge-end-2-end-x86_64/5912/consoleFull    *{color:#172b4d}+Build Logs:+{color}* https://jenkins.hyperledger.org/view/Merge/job/fabric-merge-end-2-end-x86_64/lastFailedBuild/|https://jenkins.hyperledger.org/view/Merge/job/fabric-merge-end-2-end-x86_64/lastFailedBuild/   ></description> </Issue>
