<Action id="48770" issue="32654" author="sambhavdutt" type="comment" created="2018-08-12 21:13:49.0" updateauthor="sambhavdutt" updated="2018-08-12 21:26:38.0"> <body><! CDATA The latest test for ledger_lte is failing in *fabric-test-daily-lte-master-x86_64*, the following errors are observed.  *Commit: 474f9d2* {code:java} 01:09:30 ledger_lte.py::perf_couchdb::test_FAB_3871_VaryNumChain FAILED  02:05:09 ===============FAILURES========================== 02:05:09 ___________________ perf_couchdb.test_FAB_3871_VaryNumChain ____________________ 02:05:09  02:05:09 self = <ledger_lte.perf_couchdb testMethod=test_FAB_3871_VaryNumChain> 02:05:09  02:05:09     def test_FAB_3871_VaryNumChain(self): 02:05:09         ''' 02:05:09              In this Performance test, we observe the performance (time to 02:05:09              complete a set number of Ledger operations) of the Ledger component, 02:05:09              with couchdb as the state database. We vary the number of chains 02:05:09              (ledgers). 02:05:09      02:05:09              Passing criteria: Underlying LTE test completed successfully with 02:05:09              exit code 0 02:05:09             ''' 02:05:09         logfile = open("output_VaryNumChains_couchdb.log", "w") 02:05:09         returncode = subprocess.call( 02:05:09                 "./runbenchmarks.sh -f parameters_couchdb_daily_CI.sh " 02:05:09                 "varyNumChains",shell=True, stderr=subprocess.STDOUT, 02:05:09                 stdout=logfile, cwd=tool_directory) 02:05:09         logfile.close() 02:05:09         self.assertEqual(returncode, 0, msg="VaryNumChains performance test" 02:05:09                 "for CouchDB failed. \nPlease check the logfile "+logfile.name+ 02:05:09 >               " for more " "details.") 02:05:09 E       AssertionError: VaryNumChains performance testfor CouchDB failed.  02:05:09 E       Please check the logfile output_VaryNumChains_couchdb.log for more details. 02:05:09  02:05:09 ledger_lte.py:239: AssertionError 02:05:09 ======= ==1 failed, 17 passed in 12573.48 seconds==================== {code}  *Build Logs*  https://jenkins.hyperledger.org/view/Daily/job/fabric-test-daily-lte-master-x86_64/5/console  https://logs.hyperledger.org/production/vex-yul-hyp-jenkins-3/fabric-test-daily-lte-master-x86_64/5/  ></body> </Action>
<Action id="52026" issue="32654" author="adnanchoudhury" type="comment" body="closing this as tests as latest builds (48, 49, 50) are passing" created="2018-10-10 15:43:42.0" updateauthor="adnanchoudhury" updated="2018-10-10 15:43:42.0"/>
