<Issue id="35169" key="FAB-12763" number="12763" project="10002" reporter="yacovm" assignee="yacovm" creator="yacovm" type="10004" summary="test flake in TestStreamAbort " priority="3" resolution="10000" status="6" created="2018-11-07 13:28:04.0" updated="2019-03-20 06:47:36.0" resolutiondate="2018-11-07 14:43:57.0" votes="0" watches="2" workflowId="46608"> <description><! CDATA ps 14:48:40 --- FAIL: TestStreamAbort (0.16s) 14:48:40     --- FAIL: TestStreamAbort/Evicted_from_membership (0.08s) 14:48:40         <autogenerated>:1:  14:48:40             	Error Trace:	comm_test.go:350 14:48:40             	            				asm_amd64.s:1333 14:48:40             	Error:      	Error message not equal: 14:48:40             	            	expected: "rpc error: code = Canceled desc = context canceled" 14:48:40             	            	actual  : "rpc error: code = Internal desc = grpc: error while marshaling: proto: Marshal called with nil" 14:48:40             	Test:       	TestStreamAbort/Evicted_from_membership  ></description> </Issue>
