<Issue id="34306" key="FABCN-169" number="169" project="11207" reporter="sambhavdutt" creator="sambhavdutt" type="10000" summary="fabric-end-2-end-daily-release-1.2-x86_64 job is failing due to node chaincode." priority="3" resolution="10000" status="6" created="2018-10-03 05:45:32.0" updated="2019-11-30 21:14:36.0" resolutiondate="2018-10-04 14:08:41.0" votes="0" watches="3" workflowId="56987"> <description><! CDATA The fabric end-2-end-daily-release-1.2 job is failing due to the node chaincode error, Posting the errors,   {code:java} 03:25:56 Tests run: 47, Failures: 0, Errors: 1, Skipped: 3, Time elapsed: 477.072 sec <<< FAILURE! - in org.hyperledger.fabric.sdkintegration.IntegrationSuite 03:25:56 setup(org.hyperledger.fabric.sdkintegration.End2endAndBackAgainNodeIT)  Time elapsed: 98.967 sec  <<< ERROR! 03:25:56 java.lang.RuntimeException:  03:25:56 java.util.concurrent.ExecutionException: java.lang.AssertionError: Test failed with java.lang.AssertionError exception Not enough endorsers for upgrade :1.  failed to execute transaction c30332fa20d01518a75c90d57e288a1a450c9bb21d4a1685af32dbf6fa99360a: error starting container: error starting container: Failed to generate platform-specific docker build: Error returned from build: 1 "npm WARN deprecated @types/winston@2.4.4: This is a stub types definition. winston provides its own type definitions, so you do not need this installed. 03:25:56 npm WARN tar ENOENT: no such file or directory, open '/chaincode/output/node_modules/.staging/long-ce340240/dist/long.min.js' 03:25:56 npm WARN tar ENOENT: no such file or directory, open '/chaincode/output/node_modules/.staging/long-ce340240/dist/long.min.js.gz' 03:25:56 npm WARN tar ENOENT: no such file or directory, open '/chaincode/output/node_modules/.staging/long-ce340240/dist/long.min.map' 03:25:56 npm WARN tar ENOENT: no such file or directory, open '/chaincode/output/node_modules/.staging/jsrsasign-ad843b72/lib/jsrsasign-jwths-min.js' 03:25:56 npm WARN tar ENOENT: no such file or directory, open '/chaincode/output/node_modules/.staging/nan-d288489e/README.md' 03:25:56 npm WARN tar ENOENT: no such file or directory, open '/chaincode/output/node_modules/.staging/@types/node-4d8ae03d/inspector.d.ts' 03:25:56 npm WARN tar ENOENT: no such file or directory, open '/chaincode/output/node_modules/.staging/bytebuffer-f77373f8/dist/bytebuffer.js' 03:25:56 npm WARN example_cc@1.0.0 No description 03:25:56 npm WARN example_cc@1.0.0 No repository field. 03:25:56  03:25:56 npm ERR! code EINTEGRITY {code}  *Build Log*  https://logs.hyperledger.org/production/vex-yul-hyp-jenkins-3/fabric-end-2-end-daily-release-1.2-x86_64/94/  ></description> </Issue>
