<Issue id="36951" key="FAB-13767" number="13767" project="10002" reporter="sambhavdutt" creator="sambhavdutt" type="10004" summary="All perf_couchdb test cases are failing in the daily lte tests with Assertion error" priority="3" resolution="10203" status="6" created="2019-01-18 19:44:53.0" updated="2019-07-30 19:49:58.0" resolutiondate="2019-07-30 19:49:58.0" votes="0" watches="3" workflowId="48517"> <description><! CDATA The test cases for all perf_couchdb(9 in all) are failing twice in a row in the daily tests for ledger_lte. The lte tests took around 2 hours to complete, a successful lte test run takes an average of four hours. There were no changes in fabric-test in the recent commit that might have caused this.  *Consistent:* Yes *Branch:* master, release-1.4  *Error Snippet:*  {code:java} -->test_FAB_3870_VaryNumParallelTxPerChain(self) 22:13:24 E       AssertionError: VaryNumParallelTxPerChain for CouchDB performance testfailed.  22:13:24 E       Please check the logfile output_VaryNumParallelTxPerChain_couchdb.log for more details. 22:13:24  22:13:24 ledger_lte.py:217: AssertionError =========== --> def test_FAB_3871_VaryNumChain(self):  22:13:24 ledger_lte.py:239: AssertionError =========== -->def test_FAB_3872_VaryNumParallelTxWithSingleChain(self)  ledger_lte.py:260: AssertionError =========== --> def test_FAB_3873_VaryNumChainWithNoParallelism(self)  22:13:24 ledger_lte.py:281: AssertionError =========== --> def test_FAB_3874_VaryKVSize(self):  22:13:24 ledger_lte.py:300: AssertionError =========== --> def test_FAB_3875_VaryBatchSize(self):  22:13:24 ledger_lte.py:322: AssertionError =========== --> def test_FAB_3876a_VaryNumWritesInEachTx(self):  22:13:24 ledger_lte.py:343: AssertionError =========== --> def test_FAB_3876b_VaryNumReadsInEachTx(self):  22:13:24 ledger_lte.py:364: AssertionError =========== def test_FAB_3877_VaryNumTxs(self):  22:13:24 ledger_lte.py:386: AssertionError ==================== 9 failed, 9 passed in 7066.10 seconds ========= {code}   *Build Logs:*  https://logs.hyperledger.org/production/vex-yul-hyp-jenkins-3/fabric-test-daily-lte-release-1.4-x86_64/31/LTE_Test_Logs/  https://logs.hyperledger.org/production/vex-yul-hyp-jenkins-3/fabric-test-daily-lte-master-x86_64/137/LTE_Test_Logs/  ></description> </Issue>
