<Issue id="33984" key="FABN-931" number="931" project="10604" reporter="ratnakar" creator="ratnakar" type="10004" summary="Unable to execute compatibility test due to Type scripts compilation errors " priority="2" resolution="10203" status="6" created="2018-09-21 15:02:11.0" updated="2018-09-21 15:33:10.0" resolutiondate="2018-09-21 15:17:16.0" votes="0" watches="3" workflowId="45302"> <description><! CDATA Please Refer the Case 4 of  FAB-12001|https://jira.hyperledger.org/browse/FAB-12001 Â  NodeJs Integration Test Suite is at 1.2 and rest of the components  Node.js SDK , Fabric and  Fabric-CA are at V1.3  Test failure {code} test/typescript/test.ts(42,2): error TS2305: Module '"/Users/ratnakar/workspace/go/src/github.com/hyperledger/fabric-sdk-node/node_modules/fabric-client/types/index"' has no exported member 'EventHub'. test/typescript/test.ts(392,5): error TS2322: Type '{ proposalResponses: ProposalResponse  ; proposal: Proposal; admin: boolean; }' is not assignable to type 'TransactionRequest'. Object literal may only specify known properties, and 'admin' does not exist in type 'TransactionRequest'.  19:09:45  gulp-debug: fabric-client/lib/User.js  19:09:45  'compile' errored after 5.32 s  19:09:45  ^  31mError^  39m in plugin "^  36mgulp-shell^  39m" Message: Command `npm run compile` failed with exit code 2  .... .....   19:09:50  'test' errored after 13 s  19:09:50  ^  31mError^  39m in plugin "^  36mgulp-shell^  39m" Message: Command `./node_modules/nyc/bin/nyc.js gulp run-test` failed with exit code 1 {code}  ></description> </Issue>
