<Issue id="42148" key="FAB-16490" number="16490" project="10002" reporter="vijaypunugubati" creator="vijaypunugubati" type="10004" summary="fabric-test-daily-behave-maste job: Failure on complete regression test suite." priority="2" resolution="10000" status="6" created="2019-08-30 20:27:11.0" updated="2019-09-13 14:10:15.0" resolutiondate="2019-09-13 14:10:06.0" votes="0" watches="2" workflowId="55195"> <description><! CDATA The complete regression test suite was failed with the error ''unable to get the chaincode packages (dependencies)" from fabric as they were recently moved to new repo's named *"fabric-protos, fabric-chaincode-go"*  *Branch:* Master  *Platform:* x86_64  *Error Snippet:*  {color:#de350b}*This is one failure observed across all the feature tests fail.*{color} {code:java} /Error: error getting chaincode deployment spec for mycc: error getting chaincode package bytes: failed to calculate dependencies: incomplete package: github.com/hyperledger/fabric/core/chaincode/shim/ code placeholder {code} *Links for the new repo's:*    https://github.com/hyperledger/fabric-protos    https://github.com/hyperledger/fabric-chaincode-go   *Ref for the files has to be changed in the fabric-test repo:*   https://github.com/hyperledger/fabric-test/search?q=protos&unscoped_q=protos   *Ref for the commit that changed in fabric repo:*   https://github.com/hyperledger/fabric/commit/957e218dc468b1c099a7733a73f66931dae742c4   As in future there won't be using the vendor from fabric repo i.e. GOPATH, planning to do much of using the modules from new repo's mentioned above.  *Build logs:*   https://jenkins.hyperledger.org/view/fabric-test/job/fabric-test-daily-behave-master-x86_64/336/consoleFull    https://logs.hyperledger.org/production/vex-yul-hyp-jenkins-3/fabric-test-daily-behave-master-x86_64/336/Behave_Test_Logs/   ></description> </Issue>
