<Issue id="40220" key="FABN-1260" number="1260" project="10604" reporter="sambhavdutt" assignee="harrisob@us.ibm.com" creator="sambhavdutt" type="10004" summary="npm run compile is failing consistently in gulp tests" priority="3" resolution="10000" status="6" created="2019-05-30 14:36:29.0" updated="2019-05-30 18:15:22.0" resolutiondate="2019-05-30 18:15:22.0" votes="0" watches="4" workflowId="53123"> <description><! CDATA npm run compile is failing consistently in gulp tests, observed error   _+test/typescript/test.ts(744,2): error TS2563: The containing function or module body is too large for control flow analysis in gulp tests+_  *Branch:* master *Platform:* x86_64 *Error Snippet:*  {code:java} *12:56:41* > tsc --project test/typescript*12:56:41* *12:56:45* test/typescript/test.ts(744,2): error TS2563: The containing function or module body is too large for control flow analysis.*12:56:45* npm ERR! code ELIFECYCLE*12:56:45* npm ERR! errno 2*12:56:45* npm ERR! fabric-sdk-node@2.0.0-snapshot compile: `tsc --project test/typescript`*12:56:45* npm ERR! Exit status 2*12:56:45* npm ERR! *12:56:45* npm ERR! Failed at the fabric-sdk-node@2.0.0-snapshot compile script.*12:56:45* npm ERR! This is probably not a problem with npm. There is likely additional logging output above.*12:56:45* *12:56:45* npm ERR! A complete log of this run can be found in:*12:56:45* npm ERR!     /home/jenkins/.npm/_logs/2019-05-29T16_56_45_654Z-debug.log*12:56:45*  16:56:45  'compile' errored after 4.92 s*12:56:45*  16:56:45  Error in plugin "gulp-shell"*12:56:45* Message:*12:56:45*     Command `npm run compile` failed with exit code 2*12:56:45*  16:56:45  'run-end-to-end' errored after 6.74 s*12:56:45*  16:56:45  Error in plugin "run-sequence(compile)"*12:56:45* Error*12:56:45*     at finish (/w/workspace/fabric-merge-end-2-end-x86_64/gopath/src/github.com/hyperledger/fabric-sdk-node/node_modules/run-sequence/index.js:82:12)*12:56:45*     at Gulp.onError (/w/workspace/fabric-merge-end-2-end-x86_64/gopath/src/github.com/hyperledger/fabric-sdk-node/node_modules/run-sequence/index.js:93:3)*12:56:45*     at emitOne (events.js:121:20)*12:56:45*     at Gulp.emit (events.js:211:7) Â  {code}  *Build Log*  https://logs.hyperledger.org/production/vex-yul-hyp-jenkins-3/fabric-merge-end-2-end-x86_64/5430/  ></description> </Issue>
