<Issue id="38761" key="FAB-14816" number="14816" project="10002" reporter="sykesm" assignee="mastersingh24" creator="sykesm" type="10004" summary="Race in comm/server_test" priority="3" resolution="10000" status="6" created="2019-03-26 15:20:58.0" updated="2019-03-29 12:50:33.0" resolutiondate="2019-03-29 12:50:33.0" votes="0" watches="1" workflowId="50410"> <description><! CDATA {code} 11:10:30 ================== 11:10:30 WARNING: DATA RACE 11:10:30 Write at 0x00c0002502a0 by goroutine 36: 11:10:30   github.com/hyperledger/fabric/core/comm_test.TestCipherSuites.func1() 11:10:30       /w/workspace/fabric-verify-unit-tests-x86_64/gopath/src/github.com/hyperledger/fabric/core/comm/server_test.go:1671 +0x298 11:10:30   testing.tRunner() 11:10:30       /opt/go/go1.11.5.linux.amd64/src/testing/testing.go:827 +0x162 11:10:30  11:10:30 Previous write at 0x00c0002502a0 by goroutine 35: 11:10:30   github.com/hyperledger/fabric/core/comm_test.TestCipherSuites.func1() 11:10:30       /w/workspace/fabric-verify-unit-tests-x86_64/gopath/src/github.com/hyperledger/fabric/core/comm/server_test.go:1671 +0x298 11:10:30   testing.tRunner() 11:10:30       /opt/go/go1.11.5.linux.amd64/src/testing/testing.go:827 +0x162 11:10:30  11:10:30 Goroutine 36 (running) created at: 11:10:30   testing.(*T).Run() 11:10:30       /opt/go/go1.11.5.linux.amd64/src/testing/testing.go:878 +0x659 11:10:30   github.com/hyperledger/fabric/core/comm_test.TestCipherSuites() 11:10:30       /w/workspace/fabric-verify-unit-tests-x86_64/gopath/src/github.com/hyperledger/fabric/core/comm/server_test.go:1663 +0xc2b 11:10:30   testing.tRunner() 11:10:30       /opt/go/go1.11.5.linux.amd64/src/testing/testing.go:827 +0x162 11:10:30  11:10:30 Goroutine 35 (finished) created at: 11:10:30   testing.(*T).Run() 11:10:30       /opt/go/go1.11.5.linux.amd64/src/testing/testing.go:878 +0x659 11:10:30   github.com/hyperledger/fabric/core/comm_test.TestCipherSuites() 11:10:30       /w/workspace/fabric-verify-unit-tests-x86_64/gopath/src/github.com/hyperledger/fabric/core/comm/server_test.go:1663 +0xc2b 11:10:30   testing.tRunner() 11:10:30       /opt/go/go1.11.5.linux.amd64/src/testing/testing.go:827 +0x162 11:10:30 ================== 11:10:30 --- FAIL: TestCipherSuites (0.00s) 11:10:30     --- FAIL: TestCipherSuites/server_default_/_client_no_match (0.00s) 11:10:30         server_test.go:1665: Running test server default / client no match ... 11:10:30         server_test.go:1675: remote error: tls: handshake failure 11:10:30         testing.go:771: race detected during execution of test 11:10:30 --- FAIL: TestBindingInspector (1.18s) 11:10:30     testing.go:771: race detected during execution of test {code}  ></description> </Issue>
