<Issue id="39263" key="FAB-15155" number="15155" project="10002" reporter="sykesm" assignee="dereckluo" creator="sykesm" type="10004" summary="TestSend/Send_step_succeed failures in CR unit tests" priority="3" resolution="10000" status="6" created="2019-04-11 20:38:09.0" updated="2019-07-01 15:11:59.0" resolutiondate="2019-07-01 15:11:59.0" votes="0" watches="4" workflowId="52140"> <description><! CDATA {code} 4:11:38 --- FAIL: TestSend (0.02s) 14:11:38 2019-04-11 18:10:11.485 UTC  test  RetrieveVerifier -> ERRO 302 No verifier for channel mychannel exists 14:11:38     --- FAIL: TestSend/Send_step_succeed (0.00s) 14:11:38         <autogenerated>:1:  14:11:38             	Error Trace:	rpc_test.go:249 14:11:38             	Error:      	Not equal:  14:11:38             	            	expected: 1 14:11:38             	            	actual  : 2 14:11:38             	Test:       	TestSend/Send_step_succeed {code}  https://jenkins.hyperledger.org/job/fabric-verify-unit-tests-x86_64/11466/consoleFull  ></description> </Issue>
