<Issue id="13238" key="FAB-907" number="907" project="10002" reporter="ratnakar" assignee="malik-altaf" creator="ratnakar" type="10004" summary="Unable to run the unit tests written for Fabrick-sdk-java" priority="2" resolution="10000" status="6" created="2016-10-29 17:10:59.0" updated="2019-04-23 13:06:15.0" resolutiondate="2016-11-04 15:43:23.0" votes="0" watches="3" workflowId="36585"> <description><! CDATA From the documentation provided here https://github.com/hyperledger/fabric-sdk-java.   After the environment setup, Unit tests are executed with either of the below commands, However it fails with error "*UNKNOWN: Identity or token does not match*"   {code:java} * mvn install * mvn test {code}   Gist of error logs:   {code:java} INFO:  ManagedChannelImpl@ba8d91c  Created with target localhost:7051 org.hyperledger.fabric.sdk.exception.EnrollmentException: Failed to enroll user 	at org.hyperledger.fabric.sdk.MemberServicesImpl.enroll(MemberServicesImpl.java:218) 	at org.hyperledger.fabric.sdk.Member.enroll(Member.java:215) 	at org.hyperledger.fabric.sdk.Chain.enroll(Chain.java:296) 	at org.hyperledger.fabric.sdk.PeerClientTest.init(PeerClientTest.java:25) 	at sun.reflect.NativeMethodAccessorImpl.invoke0(Native Method) 	at sun.reflect.NativeMethodAccessorImpl.invoke(NativeMethodAccessorImpl.java:62) 	at sun.reflect.DelegatingMethodAccessorImpl.invoke(DelegatingMethodAccessorImpl.java:43) 	at java.lang.reflect.Method.invoke(Method.java:498) 	at org.junit.runners.model.FrameworkMethod$1.runReflectiveCall(FrameworkMethod.java:50) 	at org.junit.internal.runners.model.ReflectiveCallable.run(ReflectiveCallable.java:12) 	at org.junit.runners.model.FrameworkMethod.invokeExplosively(FrameworkMethod.java:47) 	at org.junit.internal.runners.statements.RunBefores.evaluate(RunBefores.java:24) 	at org.junit.runners.ParentRunner.runLeaf(ParentRunner.java:325) 	at org.junit.runners.BlockJUnit4ClassRunner.runChild(BlockJUnit4ClassRunner.java:78) 	at org.junit.runners.BlockJUnit4ClassRunner.runChild(BlockJUnit4ClassRunner.java:57) 	at org.junit.runners.ParentRunner$3.run(ParentRunner.java:290) 	at org.junit.runners.ParentRunner$1.schedule(ParentRunner.java:71) 	at org.junit.runners.ParentRunner.runChildren(ParentRunner.java:288) 	at org.junit.runners.ParentRunner.access$000(ParentRunner.java:58) 	at org.junit.runners.ParentRunner$2.evaluate(ParentRunner.java:268) 	at org.junit.runners.ParentRunner.run(ParentRunner.java:363) 	at org.apache.maven.surefire.junit4.JUnit4TestSet.execute(JUnit4TestSet.java:53) 	at org.apache.maven.surefire.junit4.JUnit4Provider.executeTestSet(JUnit4Provider.java:123) 	at org.apache.maven.surefire.junit4.JUnit4Provider.invoke(JUnit4Provider.java:104) 	at sun.reflect.NativeMethodAccessorImpl.invoke0(Native Method) 	at sun.reflect.NativeMethodAccessorImpl.invoke(NativeMethodAccessorImpl.java:62) 	at sun.reflect.DelegatingMethodAccessorImpl.invoke(DelegatingMethodAccessorImpl.java:43) 	at java.lang.reflect.Method.invoke(Method.java:498) 	at org.apache.maven.surefire.util.ReflectionUtils.invokeMethodWithArray(ReflectionUtils.java:164) 	at org.apache.maven.surefire.booter.ProviderFactory$ProviderProxy.invoke(ProviderFactory.java:110) 	at org.apache.maven.surefire.booter.SurefireStarter.invokeProvider(SurefireStarter.java:175) 	at org.apache.maven.surefire.booter.SurefireStarter.runSuitesInProcessWhenForked(SurefireStarter.java:107) 	at org.apache.maven.surefire.booter.ForkedBooter.main(ForkedBooter.java:68) Caused by: io.grpc.StatusRuntimeException: UNKNOWN: Identity or token does not match. 	at io.grpc.Status.asRuntimeException(Status.java:536) 	at io.grpc.stub.ClientCalls.getUnchecked(ClientCalls.java:208) 	at io.grpc.stub.ClientCalls.blockingUnaryCall(ClientCalls.java:141) 	at org.hyperledger.protos.ECAPGrpc$ECAPBlockingStub.createCertificatePair(ECAPGrpc.java:321) 	at org.hyperledger.fabric.sdk.MemberServicesImpl.enroll(MemberServicesImpl.java:190) 	... 32 more  {code}   *NOTE: It is not clear on what to be added in '+_test.properties_+', Is it not a pre-req to have something in this file ?*  It would be great to have a sample program on how to use fabric-sdk-java.   ></description> </Issue>
