<Issue id="35134" key="FABCN-207" number="207" project="11207" reporter="sambhavdutt" assignee="harrisob@us.ibm.com" creator="sambhavdutt" type="10000" summary="fabric-chaincode-node-merge jobs are failing consistently in x and z platforms due to NPM error." priority="3" resolution="10000" status="6" created="2018-11-06 15:09:20.0" updated="2019-11-30 21:14:45.0" resolutiondate="2018-11-07 14:13:55.0" votes="0" watches="5" workflowId="57025"> <description><! CDATA Noticed the errors below in the chaincode-node merge jobs, {code:java} 09:19:47 npm ERR! code ENOENT 09:19:47 npm ERR! errno -2 09:19:47 npm ERR! syscall stat 09:19:47 npm ERR! enoent ENOENT: no such file or directory, stat '/chaincode/output/fabric-shim-1.4.0-beta.tgz' 09:19:47 npm ERR! enoent This is related to npm not being able to find a file. 09:19:47 npm ERR! enoent  09:19:47  09:19:47 npm ERR! A complete log of this run can be found in: 09:19:47 npm ERR!     /root/.npm/_logs/2018-11-06T14_19_46_611Z-debug.log 09:19:47 " 09:19:47  14:19:47  'st-instantiate_chaincode' errored after 2.49 s 09:19:47  14:19:47  Error in plugin "gulp-shell" 09:19:47 Message: 09:19:47     Command `docker exec cli peer chaincode instantiate -o orderer.example.com:7050  -l node -C mychannel -n mysmartcontract -v v0 -c '{"Args": "org.mynamespace.updates:setup" }' -P 'OR ("Org1MSP.member")'` failed with exit code 1 09:19:47  14:19:47  'test-e2e' errored after 2.98 min 09:19:47  14:19:47  Error in plugin "run-sequence(st-instantiate_chaincode)" 09:19:47 Error 09:19:47     at finish (/w/workspace/fabric-chaincode-node-merge-x86_64/gopath/src/github.com/hyperledger/fabric-chaincode-node/node_modules/run-sequence/index.js:82:12) 09:19:47     at Gulp.onError (/w/workspace/fabric-chaincode-node-merge-x86_64/gopath/src/github.com/hyperledger/fabric-chaincode-node/node_modules/run-sequence/index.js:93:3)  09:19:47     at ChildProcess.child.on (/w/workspace/fabric-chaincode-node-merge-x86_64/gopath/src/github.com/hyperledger/fabric-chaincode-node/node_modules/gulp-shell/index.js:72:7) 09:19:47  14:19:47  'invokeAllFns' errored after 6.04 s 09:19:47  14:19:47  Error in plugin "run-sequence(test-e2e)" 09:19:47 Error 09:19:47     at finish (/w/workspace/fabric-chaincode-node-merge-x86_64/gopath/src/github.com/hyperledger/fabric-chaincode-node/node_modules/run-sequence/index.js:82:12) 09:19:47     at Gulp.onError (/w/workspace/fabric-chaincode-node-merge-x86_64/gopath/src/github.com/hyperledger/fabric-chaincode-node/node_modules/run-sequence/index.js:93:3) 09:19:47     at emitOne (events.js:121:20) 09:19:47     at Gulp.emit (events.js:211:7) 09:19:47     at Gulp.Orchestrator._emitTaskDone (/w/workspace/fabric-chaincode-node-merge-x86_64/gopath/src/github.com/hyperledger/fabric-chaincode-node/node_modules/orchestrator/index.js:264:8) {code} *Build Log*   https://jenkins.hyperledger.org/view/fabric-chaincode-node/job/fabric-chaincode-node-merge-x86_64/169/consoleFull   https://logs.hyperledger.org/production/vex-yul-hyp-jenkins-3/fabric-chaincode-node-merge-x86_64/169/  ></description> </Issue>
