<Issue id="33527" key="FAB-11881" number="11881" project="10002" reporter="sambhavdutt" creator="sambhavdutt" type="10004" summary="Linter test is failing consistently in fabric-verify jobs." priority="1" resolution="10002" status="6" created="2018-09-05 20:13:02.0" updated="2019-03-19 11:13:21.0" resolutiondate="2018-09-05 20:44:12.0" votes="0" watches="4" workflowId="44816"> <description><! CDATA The make linter test is failing consistently in the fabric verify jobs from some time,  {code:java} 15:51:44 github.com/grpc-ecosystem/go-grpc-middleware: hash of vendored tree not equal to digest in Gopkg.lock  (CHECK IGNORED: marked noverify in Gopkg.toml) 15:51:45 LINT: Running code checks.. 15:51:47 Checking with gofmt 15:51:50 Checking with goimports 15:52:09 Checking with go vet 15:52:32 # github.com/hyperledger/fabric/gossip/privdata 15:52:32 gossip/privdata/reconcile.go:171:33: pvtDataInfo.ChaincodeName undefined (type *"github.com/hyperledger/fabric/core/ledger".MissingCollectionPvtDataInfo has no field or method ChaincodeName) 15:52:32 gossip/privdata/reconcile.go:172:33: pvtDataInfo.CollectionName undefined (type *"github.com/hyperledger/fabric/core/ledger".MissingCollectionPvtDataInfo has no field or method CollectionName) 15:52:32 gossip/privdata/reconcile.go:176:74: pvtDataInfo.ChaincodeName undefined (type *"github.com/hyperledger/fabric/core/ledger".MissingCollectionPvtDataInfo has no field or method ChaincodeName) 15:52:32 gossip/privdata/reconcile.go:176:101: pvtDataInfo.CollectionName undefined (type *"github.com/hyperledger/fabric/core/ledger".MissingCollectionPvtDataInfo has no field or method CollectionName) 15:52:32 gossip/privdata/reconcile.go:185:29: pvtDataInfo.CollectionName undefined (type *"github.com/hyperledger/fabric/core/ledger".MissingCollectionPvtDataInfo has no field or method CollectionName) 15:52:32 gossip/privdata/reconcile.go:186:29: pvtDataInfo.ChaincodeName undefined (type *"github.com/hyperledger/fabric/core/ledger".MissingCollectionPvtDataInfo has no field or method ChaincodeName) 15:52:46 # github.com/hyperledger/fabric/gossip/privdata 15:52:46 gossip/privdata/reconcile.go:171:33: pvtDataInfo.ChaincodeName undefined (type *"github.com/hyperledger/fabric/core/ledger".MissingCollectionPvtDataInfo has no field or method ChaincodeName) 15:52:46 gossip/privdata/reconcile.go:172:33: pvtDataInfo.CollectionName undefined (type *"github.com/hyperledger/fabric/core/ledger".MissingCollectionPvtDataInfo has no field or method CollectionName) 15:52:46 gossip/privdata/reconcile.go:176:74: pvtDataInfo.ChaincodeName undefined (type *"github.com/hyperledger/fabric/core/ledger".MissingCollectionPvtDataInfo has no field or method ChaincodeName) 15:52:46 gossip/privdata/reconcile.go:176:101: pvtDataInfo.CollectionName undefined (type *"github.com/hyperledger/fabric/core/ledger".MissingCollectionPvtDataInfo has no field or method CollectionName) 15:52:46 gossip/privdata/reconcile.go:185:29: pvtDataInfo.CollectionName undefined (type *"github.com/hyperledger/fabric/core/ledger".MissingCollectionPvtDataInfo has no field or method CollectionName) 15:52:46 gossip/privdata/reconcile.go:186:29: pvtDataInfo.ChaincodeName undefined (type *"github.com/hyperledger/fabric/core/ledger".MissingCollectionPvtDataInfo has no field or method ChaincodeName) 15:52:46 gossip/privdata/reconcile_test.go:58:23: unknown field 'CollectionName' in struct literal of type "github.com/hyperledger/fabric/core/ledger".MissingCollectionPvtDataInfo 15:52:46 gossip/privdata/reconcile_test.go:58:46: unknown field 'ChaincodeName' in struct literal of type "github.com/hyperledger/fabric/core/ledger".MissingCollectionPvtDataInfo 15:52:46 gossip/privdata/reconcile_test.go:94:23: unknown field 'CollectionName' in struct literal of type "github.com/hyperledger/fabric/core/ledger".MissingCollectionPvtDataInfo 15:52:46 gossip/privdata/reconcile_test.go:94:46: unknown field 'ChaincodeName' in struct literal of type "github.com/hyperledger/fabric/core/ledger".MissingCollectionPvtDataInfo 15:52:46 gossip/privdata/reconcile_test.go:94:46: too many errors 15:52:55 Makefile:213: recipe for target 'linter' failed 15:52:55 make: ***  linter  Error 2 15:52:55 + ' ' 2 = 0 ' ' 15:52:55 + echo '------> make basic-checks FAILED' 15:52:55 ------> make basic-checks FAILED {code}    *Build Logs*  https://jenkins.hyperledger.org/view/fabric/job/fabric-verify-build-checks-x86_64/4796/console  https://logs.hyperledger.org/production/vex-yul-hyp-jenkins-3/fabric-verify-build-checks-x86_64/4796/  ></description> </Issue>
