<Issue id="33387" key="FAB-11818" number="11818" project="10002" reporter="sambhavdutt" creator="sambhavdutt" type="10004" summary="CouchDB indexing test failed in daily behave tests as peer0.org1.example.com-mycc3-1 is not running." priority="1" resolution="10000" status="6" created="2018-08-31 00:48:16.0" updated="2019-03-19 11:13:42.0" resolutiondate="2018-09-28 20:55:10.0" votes="0" watches="5" workflowId="44675"> <description><! CDATA CouchDB index testing failed in Regression tests, for *fabric-test-daily-behave-master-x86_64* job as peer0.org1.example.com-mycc3-1 is not running, Posting the errors observed,   {code:java} CouchDB_index.Testing Fabric CouchDB indexing.FAB-7270, FAB-7271, FAB-7272: Test CouchDB indexing using CC upgrade with marbles chaincode using NODE with 3 channels and 3 upgrade -- @1.2   Error Message  The expected chaincode container 38553828ac3f11e8876ffa163ec5f729-peer0.org1.example.com-mycc3-1 is not running  Stacktrace  Failing step: And an admin upgrades the chaincode with name "mycc3" on channel "mychannel3" to version "1" with args  ""  ... failed in 128.130s Location: CouchDB_index.feature:207 Assertion Failed: The expected chaincode container 38553828ac3f11e8876ffa163ec5f729-peer0.org1.example.com-mycc3-1 is not running . . Captured stdout: testConfigs: configs/38553828ac3f11e8876ffa163ec5f729  'index_behave_test_v1.json', 'index_behave_test_3.json', 'index_behave_test_2.json', 'index_behave_test_1.json', 'index_behave_test.json', 'indexOwner.json'  . . And an admin upgrades the chaincode with name "mycc2" on channel "mychannel2" to version "1" with args  ""  ... passed in 44.277s And an admin installs chaincode at path "../../fabric-samples/chaincode/marbles02/node" of language "NODE" as version "1" with args  ""  with name "mycc3" ... passed in 6.998s And an admin upgrades the chaincode with name "mycc3" on channel "mychannel3" to version "1" with args  ""  ... failed in 128.130s When a user queries on the channel "mychannel1" using chaincode named "mycc1" with args  "queryMarbles", "{\\"selector\\":{\\"docType\\":\\"marble\\",\\"owner\\":\\"matt\\", \\"color\\":\\"green\\"}, \\"use_index\\": \\"_design/indexdoc_behave_test\\", \\"index_behave_test\\" }"  on "peer0.org1.example.com" ... skipped in 0.000s . . 10:35:20.271 UTC  chaincodeCmd  upgrade -> DEBU 04e\x1b 0m endorse upgrade proposal, get response <status:500 message:"error starting container: error starting container: Failed to generate platform-specific docker build: Error returned from build: 1 \\"npm WARN deprecated @types/winston@2.4.4: This is a stub types definition. winston provides its own type definitions, so you do not need this installed.\\nnpm ERR! code EINTEGRITY\\nnpm ERR! sha512-xmhA11h2XhqpSVzDAmoQAYdNQ+swILXpKOiRpAEQ2kX55ioxVADc6v7SkS4zQBxm4klhQHgGqpGKvoL6LGx4VQ== integrity checksum failed when using sha512: wanted sha512- {code}  *Build Logs*  https://jenkins.hyperledger.org/job/fabric-test-daily-behave-master-x86_64/19/testReport/CouchDB_index/Testing%20Fabric%20CouchDB%20indexing/FAB_7270__FAB_7271__FAB_7272__Test_CouchDB_indexing_using_CC_upgrade_with_marbles_chaincode_using_NODE_with_3_channels_and_3_upgrade_____1_2_/  https://logs.hyperledger.org/production/vex-yul-hyp-jenkins-3/fabric-test-daily-behave-master-x86_64/19/  ></description> </Issue>
