<Issue id="35072" key="FAB-12697" number="12697" project="10002" reporter="sambhavdutt" assignee="scottz" creator="sambhavdutt" type="10004" summary="The OTE tests are failing in all test cases for FAB_6996_30ktx_1ch_solo" priority="2" resolution="10000" status="6" created="2018-11-02 19:05:33.0" updated="2019-03-19 11:13:08.0" resolutiondate="2018-11-05 14:41:35.0" votes="0" watches="5" workflowId="46507"> <description><! CDATA Observed the below test cases failing for the orderer performance tests, testMethod=test_FAB_6996_30ktx_1ch_solo,  {code:java} 11:44:27 orderer_ote.py::perf_orderer::test_FAB_6996_30ktx_1ch_solo FAILED 11:46:39 orderer_ote.py::perf_orderer::test_FAB_7024_30ktx_1ch_solo_500batchsize FAILED 11:48:54 orderer_ote.py::perf_orderer::test_FAB_7026_30ktx_3ch_solo FAILED 11:51:09 orderer_ote.py::perf_orderer::test_FAB_7027_30ktx_3ch_solo_500batchsize FAILED 11:53:34 orderer_ote.py::perf_orderer::test_FAB_7036_30ktx_1ch_3ord_5kb FAILED 11:56:02 orderer_ote.py::perf_orderer::test_FAB_7037_30ktx_1ch_3ord_5kb_500batchsize FAILED 11:58:30 orderer_ote.py::perf_orderer::test_FAB_7038_30ktx_3ch_3ord_5kb FAILED 12:00:56 orderer_ote.py::perf_orderer::test_FAB_7039_30ktx_3ch_3ord_5kb_500batchsize FAILED 12:03:23 orderer_ote.py::perf_orderer::test_FAB_7058_30ktx_1ch_6ord_5kb FAILED 12:05:51 orderer_ote.py::perf_orderer::test_FAB_7059_30ktx_1ch_6ord_5kb_500batchsize FAILED 12:08:24 orderer_ote.py::perf_orderer::test_FAB_7060_30ktx_3ch_6ord_5kb FAILED 12:10:58 orderer_ote.py::perf_orderer::test_FAB_7061_30ktx_3ch_6ord_5kb_500batchsize FAILED 12:13:14 orderer_ote.py::perf_orderer::test_FAB_7070_30ktx_1ch_solo_10kpayload FAILED 12:15:29 orderer_ote.py::perf_orderer::test_FAB_7071_30ktx_1ch_solo_500batchsize_10kpayload FAILED 12:17:45 orderer_ote.py::perf_orderer::test_FAB_7072_30ktx_3ch_solo_10kpayload FAILED 12:20:01 orderer_ote.py::perf_orderer::test_FAB_7073_30ktx_3ch_solo_500batchsize_10kpayload FAILED 12:22:23 orderer_ote.py::perf_orderer::test_FAB_7074_15ktx_1ch_3ord_5kb_10kpayload FAILED 12:24:48 orderer_ote.py::perf_orderer::test_FAB_7075_15ktx_1ch_3ord_5kb_500batchsize_10kpayload FAILED 12:27:14 orderer_ote.py::perf_orderer::test_FAB_7076_15ktx_3ch_3ord_5kb_10kpayload FAILED 12:29:37 orderer_ote.py::perf_orderer::test_FAB_7077_15ktx_3ch_3ord_5kb_500batchsize_10kpayload FAILED 12:31:59 orderer_ote.py::perf_orderer::test_FAB_7078_15ktx_1ch_6ord_5kb_10kpayload FAILED 12:34:29 orderer_ote.py::perf_orderer::test_FAB_7079_15ktx_1ch_6ord_5kb_500batchsize_10kpayload FAILED 12:37:08 orderer_ote.py::perf_orderer::test_FAB_7080_15ktx_3ch_6ord_5kb_10kpayload FAILED 12:39:45 orderer_ote.py::perf_orderer::test_FAB_7081_15ktx_3ch_6ord_5kb_500batchsize_10kpayload FAILED {code}  *Build Logs*  https://logs.hyperledger.org/production/vex-yul-hyp-jenkins-3/fabric-test-daily-ote-master-x86_64/73/  https://jenkins.hyperledger.org/view/fabric-test/job/fabric-test-daily-ote-master-x86_64/73/console  ></description> </Issue>
