<Issue id="35262" key="FAB-12812" number="12812" project="10002" reporter="sambhavdutt" assignee="scottz" creator="sambhavdutt" type="10004" summary="fabric-test-pte-daily-master failed in Perf_Stress_LevelDB test_FAB3808_2i_FAB3811_2q, Assertion error 0 transactions received" priority="2" resolution="10000" status="6" created="2018-11-09 20:10:21.0" updated="2019-03-19 11:13:34.0" resolutiondate="2018-11-12 10:52:51.0" votes="0" watches="4" workflowId="46705"> <description><! CDATA The pte daily test suite job starting Nov 8 at 8:32 PM EST completed after four hours; all the other pte test cases passed. And on the previous day, the same test passed.  *23:27:16* systest_pte.py::Perf_Stress_LevelDB::test_FAB3808_2i_FAB3811_2q FAILED    *{{Observed assertion error:}}* {{ *00:40:24* count = subprocess.check_output(}}{{"grep \"CONSTANT INVOKE Overall transactions: sent 20000 received 20000\" FAB-3808-2i-pteReport.log | wc -l",*00:40:24* cwd=logs_directory, shell=True)}}  {{*00:40:24* self.assertEqual(int(count.strip()), 1, msg=invokeFailure)*00:40:24* E AssertionError: Error: incorrect number of INVOKE transactions sent or received}}   {{Moreover upon inspection of the logs, it was seen that 20000 TX were sent, *but zero were received*.}}     *Error Log*   https://logs.hyperledger.org/production/vex-yul-hyp-jenkins-3/fabric-test-daily-pte-master-x86_64/79/PTE_Test_Logs/FAB-3808-2i_1109041638.log.gz   Also observed these errors, {code:java} Creating orderer2.example.com   ... done Creating peer0.org1.example.com ...  00:40:25  Creating peer0.org2.example.com ... done Creating peer1.org2.example.com ...  00:40:25  Creating peer0.org1.example.com ... done Creating peer1.org1.example.com ...  00:40:25  Creating peer1.org2.example.com ... done  Creating peer1.org1.example.com ... done 2018-11-09T04:08:17.883Z - error:  Orderer.js : sendDeliver - rejecting - status:NOT_FOUND 00:40:25 error:  PTE 0 main : Error: Invalid results returned ::NOT_FOUND 00:40:25     at ClientDuplexStream.deliver.on (/w/workspace/fabric-test-daily-pte-master-x86_64/gopath/src/github.com/hyperledger/fabric-test/tools/PTE/node_modules/fabric-client/lib/Orderer.js:266:23) 00:40:25     at emitOne (events.js:116:13) 00:40:25     at ClientDuplexStream.emit (events.js:211:7) 00:40:25     at addChunk (_stream_readable.js:263:12) 00:40:25     at readableAddChunk (_stream_readable.js:250:11) 00:40:25     at ClientDuplexStream.Readable.push (_stream_readable.js:208:10) 00:40:25     at Object.onReceiveMessage (/w/workspace/fabric-test-daily-pte-master-x86_64/gopath/src/github.com/hyperledger/fabric-test/tools/PTE/node_modules/grpc/src/client_interceptors.js:1276:19) 00:40:25     at InterceptingListener.recvMessageWithContext (/w/workspace/fabric-test-daily-pte-master-x86_64/gopath/src/github.com/hyperledger/fabric-test/tools/PTE/node_modules/grpc/src/client_interceptors.js:603:19) 00:40:25     at /w/workspace/fabric-test-daily-pte-master-x86_64/gopath/src/github.com/hyperledger/fabric-test/tools/PTE/node_modules/grpc/src/client_interceptors.js:702:14 00:40:25 2018-11-09T04:08:18.024Z - error:  Orderer.js : sendDeliver - rejecting - status:NOT_FOUND  {code}       *Build Logs*   https://logs.hyperledger.org/production/vex-yul-hyp-jenkins-3/fabric-test-daily-pte-master-x86_64/79/    https://jenkins.hyperledger.org/view/fabric-test/job/fabric-test-daily-pte-master-x86_64/79/consoleFull   ></description> </Issue>
