<Issue id="43231" key="FAB-17034" number="17034" project="10002" reporter="rameshthoomu" creator="rameshthoomu" type="10004" summary="Unable to download node packages while instantiating marbel02/node chaincode. " priority="3" resolution="10201" status="6" created="2019-11-08 12:02:52.0" updated="2019-11-08 13:22:48.0" resolutiondate="2019-11-08 13:22:48.0" votes="0" watches="2" workflowId="56337"> <description><! CDATA Unable to download node packages while instantiating marbel02/node chaincode in fabric-test CouchDB index test {code:java} 03:23:52.739 UTC  chaincodeCmd  checkChaincodeCmdParams -> INFO 002\x1b 0m Using default vscc\nError: could not assemble transaction, err proposal response was not successful, error code 500, msg error starting container: error starting container: Failed to generate platform-specific docker build: Error returned from build: 1 "\n> @ampretia/x509@0.4.0 install /chaincode/output/node_modules/@ampretia/x509\n> node-gyp rebuild\n\ngyp WARN install got an error, rolling back install\ngyp ERR! configure error \ngyp ERR! stack Error: read ECONNRESET\ngyp ERR! stack     at TLSWrap.onread (net.js:622:25)\ngyp ERR! System Linux 4.4.0-97-generic\ngyp ERR! command "/usr/local/bin/node" "/usr/local/lib/node_modules/npm/node_modules/node-gyp/bin/node-gyp.js" "rebuild"\ngyp ERR! cwd /chaincode/output/node_modules/@ampretia/x509\ngyp ERR! node -v v8.16.1\ngyp ERR! node-gyp -v v5.0.5\ngyp ERR! not ok \nnpm WARN notsup Unsupported engine for fabric-shim@1.4.2: wanted: {"node":"^8.9.0","npm":"^5.5.1"} (current: {"node":"8.16.1","npm":"6.12.0"})\nnpm WARN notsup Not compatible with your version of node/npm: fabric-shim@1.4.2\nnpm WARN marbles@1.0.0 No repository field.\n\nnpm ERR! code ELIFECYCLE\nnpm ERR! errno 1\nnpm ERR! @ampretia/x509@0.4.0 install: `node-gyp rebuild`\nnpm ERR! Exit status 1\nnpm ERR! \nnpm ERR! Failed at the @ampretia/x509@0.4.0 install script.\nnpm ERR! This is probably not a problem with npm. There is likely additional logging output above.\n\nnpm ERR! A complete log of this run can be found in:\nnpm ERR!     /root/.npm/_logs/2019-11-07T03_24_06_183Z-debug.log\n"\n'}{code} With the above error, I see all the Couchdb index tests are failing with chaincode container not existed error message.   https://jenkins.hyperledger.org/view/fabric-test/job/fabric-test-daily-behave-release-1.4-x86_64/2/testReport/junit/CouchDB_index/Testing%20Fabric%20CouchDB%20indexing/FAB_7260__FAB_7261__Test_CouchDB_indexing_using_install_after_instantiate_with_marbles_chaincode_using_NODE_with_3_channels_and_1_index_____1_2_/   ></description> </Issue>
