<Issue id="42237" key="FAB-16539" number="16539" project="10002" reporter="vijaypunugubati" creator="vijaypunugubati" type="10004" summary="fabric-samples-merge job: endorsement failure during invoke on fabcar-java test" priority="3" resolution="10001" status="6" created="2019-09-09 14:12:27.0" updated="2019-11-11 20:50:43.0" resolutiondate="2019-11-11 20:50:43.0" votes="0" watches="3" workflowId="55291"> <description><! CDATA On the first time failure observed on Sep 06 2019 The endorsement failure during {color:#de350b}invoke{color} on fabcar-java test  *Branch:*Â Master  *Platform:* x86_64  *Error Snippet:* {code:java} /00:24:57.542  Error: endorsement failure during invoke. response: status:500 message:"error in simulation: failed to execute transaction 98754aa08e3500430f52bc32c62d61e98b501b51c6dd5f204224a9ff80820751: could not launch chaincode fabcarv1:3015ed9537e9e5ba022796c5ce8bb297dc46d87e545069e8efc76519c6eca56b: error starting container: error building image: failed external (no builders defined) and docker build: docker image build failed: docker build failed: Error returned from build: 1 \"Gradle build\nStarting a Gradle Daemon (subsequent builds will be faster)\nDownload https://plugins.gradle.org/m2/com/github/johnrengelman/shadow/com.github.johnrengelman.shadow.gradle.plugin/2.0.4/com.github.johnrengelman.shadow.gradle.plugin-2.0.4.pom\nDownload https://plugins.gradle.org/m2/com/github/jengelman/gradle/plugins/shadow/2.0.4/shadow-2.0.4.pom\nDownload https://plugins.gradle.org/m2/org/codehaus/groovy/groovy-backports-compat23/2.4.4/groovy-backports-compat23-2.4.4.pom\nDownload https://plugins.gradle.org/m2/com/github/jengelman/gradle/plugins/shadow/2.0.4/shadow-2.0.4.jar\nDownload https://plugins.gradle.org/m2/org/codehaus/groovy/groovy-backports-compat23/2.4.4/groovy-backports-compat23-2.4.4.jar\n\nFAILURE: Build failed with an exception.\n\n* What went wrong:\nA problem occurred configuring root project 'java-chaincode-bootstrap'.\n> Could not resolve all artifacts for configuration ':classpath'.\n   > Could not download shadow.jar (com.github.jengelman.gradle.plugins:shadow:2.0.4)\n      > Could not get resource 'https://plugins.gradle.org/m2/com/github/jengelman/gradle/plugins/shadow/2.0.4/shadow-2.0.4.jar'.\n         > Connection reset\n\n* Try:\nRun with --stacktrace option to get the stack trace. Run with --info or --debug option to get more log output. Run with --scan to get full insights.\n\n* Get more help at https://help.gradle.org\n\nBUILD FAILED in 15s\n\""  00:24:57.542   31m fabcar-java test case is FAILED  0m/ code placeholder {code} *Build Logs:*Â    https://jenkins.hyperledger.org/view/Merge/job/fabric-samples-merge-x86_64/lastFailedBuild/artifact/fabcar/fabcar-java/    https://jenkins.hyperledger.org/view/Merge/job/fabric-samples-merge-x86_64/145/consoleFull   ></description> </Issue>
