<Issue id="36717" key="FAB-13653" number="13653" project="10002" reporter="yacovm" assignee="yacovm" creator="yacovm" type="10004" summary="TestTicker/Stop_ticker_serially failed in CI" priority="3" resolution="10000" status="6" created="2019-01-12 15:02:01.0" updated="2019-04-03 01:35:53.0" resolutiondate="2019-04-01 21:28:07.0" votes="0" watches="3" workflowId="48269"> <description><! CDATA 16:35:21 --- FAIL: TestTicker (0.08s) 16:35:21     --- FAIL: TestTicker/Stop_ticker_serially (0.02s) 16:35:21         <autogenerated>:1:  16:35:21             	Error Trace:	sched_test.go:48 16:35:21             	Error:      	Should be false 16:35:21             	Test:       	TestTicker/Stop_ticker_serially    https://jenkins.hyperledger.org/job/fabric-verify-unit-tests-x86_64/7883/console  ></description> </Issue>
