<Issue id="32040" key="FAB-11228" number="11228" project="10002" reporter="jtclark" assignee="scottz" creator="jtclark" type="10004" summary="fabric-test-svt-x86_64 has failed." priority="3" resolution="10002" status="6" created="2018-07-18 19:22:57.0" updated="2019-03-19 11:13:04.0" resolutiondate="2018-07-20 14:06:32.0" votes="0" watches="2" workflowId="43140"> <description><! CDATA *fabric-test-svt-x86_64* fails with the following error:  {code:java}  09:56:35.776 =================================== FAILURES =================================== 09:56:35.776 ____________ perf_goleveldb.test_FAB_3790_VaryNumParallelTxPerChain ____________ 09:56:35.776  09:56:35.783 self = <ledger_lte.perf_goleveldb testMethod=test_FAB_3790_VaryNumParallelTxPerChain> 09:56:35.783  09:56:35.784     def test_FAB_3790_VaryNumParallelTxPerChain(self): 09:56:35.785         ''' 09:56:35.785              In this Performance test, we observe the performance (time to 09:56:35.785              complete a set number of Ledger operations) of the Ledger component, 09:56:35.785              with goleveldb as the state database. We vary the number of parallel 09:56:35.785              transactions per chain and observe the performance. 09:56:35.785      09:56:35.786              Passing criteria: Underlying LTE test completed successfully with 09:56:35.786              exit code 0 09:56:35.786             ''' 09:56:35.786         logfile = open("output_VaryNumParallelTxPerChain.log", "w") 09:56:35.786         returncode = subprocess.call( 09:56:35.786                 "./runbenchmarks.sh -f parameters_daily_CI.sh " 09:56:35.786                 "varyNumParallelTxPerChain", 09:56:35.786                 shell=True, stderr=subprocess.STDOUT, stdout=logfile, 09:56:35.787                 cwd=tool_directory) 09:56:35.787         logfile.close() 09:56:35.787         self.assertEqual(returncode, 0, msg="VaryNumParallelTxPerChain " 09:56:35.787                 "performance test failed. \nPlease check the logfile " 09:56:35.787 >               +logfile.name+" for more details.") 09:56:35.787 E       AssertionError: VaryNumParallelTxPerChain performance test failed.  09:56:35.788 E       Please check the logfile output_VaryNumParallelTxPerChain.log for more details. 09:56:35.788  09:56:35.788 ledger_lte.py:32: AssertionError 09:56:35.788 __________________ perf_goleveldb.test_FAB_3795_VaryNumChains __________________ 09:56:35.788  09:56:35.788 self = <ledger_lte.perf_goleveldb testMethod=test_FAB_3795_VaryNumChains> 09:56:35.788  09:56:35.788     def test_FAB_3795_VaryNumChains(self): 09:56:35.789         ''' 09:56:35.789              In this Performance test, we observe the performance (time to 09:56:35.789              complete a set number of Ledger operations) of the Ledger component, 09:56:35.789              with goleveldb as the state database. We vary the number of chains 09:56:35.789              (ledgers). 09:56:35.789      09:56:35.789              Passing criteria: Underlying LTE test completed successfully with 09:56:35.790              exit code 0 09:56:35.790             ''' 09:56:35.790         logfile = open("output_VaryNumChains.log", "w") 09:56:35.790         returncode = subprocess.call( 09:56:35.790                 "./runbenchmarks.sh -f parameters_daily_CI.sh varyNumChains", 09:56:35.790                 shell=True, stderr=subprocess.STDOUT, stdout=logfile, 09:56:35.790                 cwd=tool_directory) 09:56:35.790         logfile.close() 09:56:35.790         self.assertEqual(returncode, 0, msg="VaryNumChains performance test" 09:56:35.791 >               " failed. \nPlease check the logfile "+logfile.name+" for more " 09:56:35.791                 "details.") 09:56:35.791 E       AssertionError: VaryNumChains performance test failed.  09:56:35.791 E       Please check the logfile output_VaryNumChains.log for more details. 09:56:35.791  09:56:35.791 ledger_lte.py:51: AssertionError 09:56:35.791 ________ perf_goleveldb.test_FAB_3798_VaryNumParallelTxWithSingleChain _________ 09:56:35.791  09:56:35.791 self = <ledger_lte.perf_goleveldb testMethod=test_FAB_3798_VaryNumParallelTxWithSingleChain> 09:56:35.792  09:56:35.792     def test_FAB_3798_VaryNumParallelTxWithSingleChain(self): 09:56:35.792         ''' 09:56:35.792              In this Performance test, we observe the performance (time to 09:56:35.792              complete a set number of Ledger operations) of the Ledger component, 09:56:35.792              with goleveldb as the state database. We vary the number of parallel 09:56:35.792              transactions on a single chain. 09:56:35.792      09:56:35.792              Passing criteria: Underlying LTE test completed successfully with 09:56:35.793              exit code 0 09:56:35.793             ''' 09:56:35.793         logfile = open("output_VaryNumParallelTxWithSingleChain.log", "w") 09:56:35.793         returncode = subprocess.call( 09:56:35.793                 "./runbenchmarks.sh -f parameters_daily_CI.sh " 09:56:35.793                 "varyNumParallelTxWithSingleChain", 09:56:35.793                 shell=True, stderr=subprocess.STDOUT, stdout=logfile, 09:56:35.793                 cwd=tool_directory) 09:56:35.794         logfile.close() 09:56:35.794         self.assertEqual(returncode, 0, msg="VaryNumParallelTxWithSingleChain " 09:56:35.794                 "performance test failed. \nPlease check the logfile " 09:56:35.794 >               +logfile.name+" for more details.") 09:56:35.794 E       AssertionError: VaryNumParallelTxWithSingleChain performance test failed.  09:56:35.794 E       Please check the logfile output_VaryNumParallelTxWithSingleChain.log for more details. 09:56:35.794  09:56:35.794 ledger_lte.py:73: AssertionError 09:56:35.794 _________ perf_goleveldb.test_FAB_3799_VaryNumChainsWithNoParallelism __________ 09:56:35.794  09:56:35.795 self = <ledger_lte.perf_goleveldb testMethod=test_FAB_3799_VaryNumChainsWithNoParallelism> 09:56:35.795  09:56:35.795     def test_FAB_3799_VaryNumChainsWithNoParallelism(self): 09:56:35.795         ''' 09:56:35.795              In this Performance test, we observe the performance (time to 09:56:35.795              complete a set number of Ledger operations) of the Ledger component, 09:56:35.795              with goleveldb as the state database. We vary the number of chains 09:56:35.795              without any parallelism within a single chain. 09:56:35.795      09:56:35.796              Passing criteria: Underlying LTE test completed successfully with 09:56:35.796              exit code 0 09:56:35.796             ''' 09:56:35.796         logfile = open("output_VaryNumChainsWithNoParallelism.log", "w") 09:56:35.796         returncode = subprocess.call( 09:56:35.796                 "./runbenchmarks.sh -f parameters_daily_CI.sh " 09:56:35.796                 "varyNumChainsWithNoParallelism", 09:56:35.797                 shell=True, stderr=subprocess.STDOUT, stdout=logfile, 09:56:35.797                 cwd=tool_directory) 09:56:35.797         logfile.close() 09:56:35.797         self.assertEqual(returncode, 0, msg="varyNumChainsWithNoParallelism " 09:56:35.797                 "performance test failed. \nPlease check the logfile " 09:56:35.797 >               +logfile.name+" for more details.") 09:56:35.797 E       AssertionError: varyNumChainsWithNoParallelism performance test failed.  09:56:35.797 E       Please check the logfile output_VaryNumChainsWithNoParallelism.log for more details. 09:56:35.798  09:56:35.798 ledger_lte.py:94: AssertionError 09:56:35.798 _______________ perf_goleveldb.test_FAB_3800_VaryNumKeysInEachTx _______________ 09:56:35.798  09:56:35.798 self = <ledger_lte.perf_goleveldb testMethod=test_FAB_3800_VaryNumKeysInEachTx> 09:56:35.798  09:56:35.798     def test_FAB_3800_VaryNumKeysInEachTx(self): 09:56:35.798         ''' 09:56:35.798              In this Performance test, we observe the performance (time to 09:56:35.799              complete a set number of Ledger operations) of the Ledger component, 09:56:35.799              with goleveldb as the state database. We vary the number of keys in 09:56:35.799              each transaction. 09:56:35.799      09:56:35.799              Passing criteria: Underlying LTE test completed successfully with 09:56:35.799              exit code 0 09:56:35.799             ''' 09:56:35.799         logfile = open("output_VaryNumKeysInEachTx.log", "w") 09:56:35.800         returncode = subprocess.call( 09:56:35.800                 "./runbenchmarks.sh -f parameters_daily_CI.sh " 09:56:35.800                 "varyNumKeysInEachTx", 09:56:35.800                 shell=True, stderr=subprocess.STDOUT, stdout=logfile, 09:56:35.800                 cwd=tool_directory) 09:56:35.800         logfile.close() 09:56:35.800         self.assertEqual(returncode, 0, msg="varyNumKeysInEachTx performance " 09:56:35.800                 "test failed. \nPlease check the logfile "+logfile.name 09:56:35.800 >               +" for more details.") 09:56:35.801 E       AssertionError: varyNumKeysInEachTx performance test failed.  09:56:35.801 E       Please check the logfile output_VaryNumKeysInEachTx.log for more details. 09:56:35.801  09:56:35.801 ledger_lte.py:154: AssertionError 09:56:35.801 ___________________ perf_goleveldb.test_FAB_3801_VaryKVSize ____________________ 09:56:35.801  09:56:35.801 self = <ledger_lte.perf_goleveldb testMethod=test_FAB_3801_VaryKVSize> 09:56:35.801  09:56:35.801     def test_FAB_3801_VaryKVSize(self): 09:56:35.801         ''' 09:56:35.801              In this Performance test, we observe the performance (time to 09:56:35.801              complete a set number of Ledger operations) of the Ledger component, 09:56:35.801              with goleveldb as the state database. We vary the size of key-value. 09:56:35.801      09:56:35.801              Passing criteria: Underlying LTE test completed successfully with 09:56:35.801              exit code 0 09:56:35.801             ''' 09:56:35.801         logfile = open("output_VaryKVSize.log", "w") 09:56:35.801         returncode = subprocess.call( 09:56:35.801                 "./runbenchmarks.sh -f parameters_daily_CI.sh varyKVSize", 09:56:35.801                 shell=True, stderr=subprocess.STDOUT, stdout=logfile, 09:56:35.801                 cwd=tool_directory) 09:56:35.801         logfile.close() 09:56:35.801         self.assertEqual(returncode, 0, msg="varyKVSize performance test" 09:56:35.801 >               " failed. \nPlease check the logfile "+logfile.name+" for more " 09:56:35.801                 "details.") 09:56:35.801 E       AssertionError: varyKVSize performance test failed.  09:56:35.801 E       Please check the logfile output_VaryKVSize.log for more details. 09:56:35.801  09:56:35.801 ledger_lte.py:112: AssertionError 09:56:35.801 __________________ perf_goleveldb.test_FAB_3802_VaryBatchSize __________________ 09:56:35.801  09:56:35.801 self = <ledger_lte.perf_goleveldb testMethod=test_FAB_3802_VaryBatchSize> 09:56:35.801  09:56:35.801     def test_FAB_3802_VaryBatchSize(self): 09:56:35.801         ''' 09:56:35.801              In this Performance test, we observe the performance (time to 09:56:35.801              complete a set number of Ledger operations) of the Ledger component, 09:56:35.801              with goleveldb as the state database. We vary the value of the batch 09:56:35.801              size 09:56:35.801      09:56:35.801              Passing criteria: Underlying LTE test completed successfully with 09:56:35.801              exit code 0 09:56:35.801             ''' 09:56:35.801         logfile = open("output_VaryBatchSize.log", "w") 09:56:35.801         returncode = subprocess.call( 09:56:35.801                 "./runbenchmarks.sh -f parameters_daily_CI.sh varyBatchSize", 09:56:35.801                 shell=True, stderr=subprocess.STDOUT, stdout=logfile, 09:56:35.801                 cwd=tool_directory) 09:56:35.801         logfile.close() 09:56:35.801         self.assertEqual(returncode, 0, msg="varyBatchSize performance test" 09:56:35.801 >               " failed. \nPlease check the logfile "+logfile.name+" for more " 09:56:35.801                 "details.") 09:56:35.801 E       AssertionError: varyBatchSize performance test failed.  09:56:35.801 E       Please check the logfile output_VaryBatchSize.log for more details. 09:56:35.801  09:56:35.801 ledger_lte.py:132: AssertionError 09:56:35.801 ___________________ perf_goleveldb.test_FAB_3803_VaryNumTxs ____________________ 09:56:35.801  09:56:35.801 self = <ledger_lte.perf_goleveldb testMethod=test_FAB_3803_VaryNumTxs> 09:56:35.801  09:56:35.801     def test_FAB_3803_VaryNumTxs(self): 09:56:35.801         ''' 09:56:35.801              In this Performance test, we observe the performance (time to 09:56:35.801              complete a set number of Ledger operations) of the Ledger component, 09:56:35.801              with goleveldb as the state database. We vary the number of 09:56:35.801              transactions carried out. 09:56:35.801      09:56:35.801              Passing criteria: Underlying LTE test completed successfully with 09:56:35.801              exit code 0 09:56:35.801             ''' 09:56:35.801         logfile = open("output_VaryNumTxs.log", "w") 09:56:35.801         returncode = subprocess.call( 09:56:35.801                 "./runbenchmarks.sh -f parameters_daily_CI.sh varyNumTxs", 09:56:35.801                 shell=True, stderr=subprocess.STDOUT, stdout=logfile, 09:56:35.801                 cwd=tool_directory) 09:56:35.801         logfile.close() 09:56:35.802         self.assertEqual(returncode, 0, msg="varyNumTxs performance test" 09:56:35.802 >               " failed. \nPlease check the logfile "+logfile.name+" for more " 09:56:35.802                 "details.") 09:56:35.802 E       AssertionError: varyNumTxs performance test failed.  09:56:35.802 E       Please check the logfile output_VaryNumTxs.log for more details. 09:56:35.802  09:56:35.802 ledger_lte.py:173: AssertionError 09:56:35.802 _____________ perf_couchdb.test_FAB_3870_VaryNumParallelTxPerChain _____________ 09:56:35.802  09:56:35.802 self = <ledger_lte.perf_couchdb testMethod=test_FAB_3870_VaryNumParallelTxPerChain> 09:56:35.802  09:56:35.802     def test_FAB_3870_VaryNumParallelTxPerChain(self): 09:56:35.802         ''' 09:56:35.802              In this Performance test, we observe the performance (time to 09:56:35.802              complete a set number of Ledger operations) of the Ledger component, 09:56:35.802              with couchdb as the state database. We vary the number of parallel 09:56:35.802              transactions per chain and observe the performance. 09:56:35.802      09:56:35.802              Passing criteria: Underlying LTE test completed successfully with 09:56:35.802              exit code 0 09:56:35.802             ''' 09:56:35.802         logfile = open("output_VaryNumParallelTxPerChain_couchdb.log", "w") 09:56:35.802         returncode = subprocess.call( "./runbenchmarks.sh -f " 09:56:35.802                 "parameters_couchdb_daily_CI.sh varyNumParallelTxPerChain", 09:56:35.802                 shell=True, stderr=subprocess.STDOUT, stdout=logfile, 09:56:35.802                 cwd=tool_directory) 09:56:35.802         logfile.close() 09:56:35.802         self.assertEqual(returncode, 0, 09:56:35.802                 msg="VaryNumParallelTxPerChain for CouchDB performance test" 09:56:35.802 >               "failed. \nPlease check the logfile " +logfile.name+" for more" 09:56:35.802                 " details.") 09:56:35.802 E       AssertionError: VaryNumParallelTxPerChain for CouchDB performance testfailed.  09:56:35.802 E       Please check the logfile output_VaryNumParallelTxPerChain_couchdb.log for more details. 09:56:35.802  09:56:35.802 ledger_lte.py:196: AssertionError 09:56:35.802 ___________________ perf_couchdb.test_FAB_3871_VaryNumChain ____________________ 09:56:35.802  09:56:35.802 self = <ledger_lte.perf_couchdb testMethod=test_FAB_3871_VaryNumChain> 09:56:35.802  09:56:35.802     def test_FAB_3871_VaryNumChain(self): 09:56:35.802         ''' 09:56:35.802              In this Performance test, we observe the performance (time to 09:56:35.802              complete a set number of Ledger operations) of the Ledger component, 09:56:35.802              with couchdb as the state database. We vary the number of chains 09:56:35.802              (ledgers). 09:56:35.802      09:56:35.802              Passing criteria: Underlying LTE test completed successfully with 09:56:35.802              exit code 0 09:56:35.802             ''' 09:56:35.802         logfile = open("output_VaryNumChains_couchdb.log", "w") 09:56:35.802         returncode = subprocess.call( 09:56:35.802                 "./runbenchmarks.sh -f parameters_couchdb_daily_CI.sh " 09:56:35.802                 "varyNumChains",shell=True, stderr=subprocess.STDOUT, 09:56:35.802                 stdout=logfile, cwd=tool_directory) 09:56:35.802         logfile.close() 09:56:35.802         self.assertEqual(returncode, 0, msg="VaryNumChains performance test" 09:56:35.802                 "for CouchDB failed. \nPlease check the logfile "+logfile.name+ 09:56:35.802 >               " for more " "details.") 09:56:35.802 E       AssertionError: VaryNumChains performance testfor CouchDB failed.  09:56:35.802 E       Please check the logfile output_VaryNumChains_couchdb.log for more details. 09:56:35.802  09:56:35.802 ledger_lte.py:218: AssertionError 09:56:35.802 _________ perf_couchdb.test_FAB_3872_VaryNumParallelTxWithSingleChain __________ 09:56:35.802  09:56:35.802 self = <ledger_lte.perf_couchdb testMethod=test_FAB_3872_VaryNumParallelTxWithSingleChain> 09:56:35.802  09:56:35.802     def test_FAB_3872_VaryNumParallelTxWithSingleChain(self): 09:56:35.802         ''' 09:56:35.802              In this Performance test, we observe the performance (time to 09:56:35.802              complete a set number of Ledger operations) of the Ledger component, 09:56:35.802              with couchdb as the state database. We vary the number of parallel 09:56:35.802              transactions on a single chain. 09:56:35.802      09:56:35.802              Passing criteria: Underlying LTE test completed successfully with 09:56:35.802              exit code 0 09:56:35.802             ''' 09:56:35.802         logfile = open("output_VaryNumParallelTxWithSingleChain_couchdb.log", 09:56:35.802                 "w") 09:56:35.802         returncode = subprocess.call( 09:56:35.802                 "./runbenchmarks.sh -f parameters_couchdb_daily_CI.sh " 09:56:35.802                 "varyNumParallelTxWithSingleChain", shell=True, 09:56:35.802                 stderr=subprocess.STDOUT, stdout=logfile, cwd=tool_directory) 09:56:35.802         logfile.close() 09:56:35.802         self.assertEqual(returncode, 0, msg="VaryNumParallelTxWithSingleChain " 09:56:35.802                 "performance test for CouchDB failed. \nPlease check the logfile " 09:56:35.802 >               +logfile.name+" for more details.") 09:56:35.802 E       AssertionError: VaryNumParallelTxWithSingleChain performance test for CouchDB failed.  09:56:35.803 E       Please check the logfile output_VaryNumParallelTxWithSingleChain_couchdb.log for more details. 09:56:35.803  09:56:35.803 ledger_lte.py:239: AssertionError 09:56:35.803 ___________ perf_couchdb.test_FAB_3873_VaryNumChainWithNoParallelism ___________ 09:56:35.803  09:56:35.803 self = <ledger_lte.perf_couchdb testMethod=test_FAB_3873_VaryNumChainWithNoParallelism> 09:56:35.803  09:56:35.803     def test_FAB_3873_VaryNumChainWithNoParallelism(self): 09:56:35.803         ''' 09:56:35.803              In this Performance test, we observe the performance (time to 09:56:35.803              complete a set number of Ledger operations) of the Ledger component, 09:56:35.803              with couchdb as the state database. We vary the number of chains 09:56:35.803              without any parallelism within a single chain. 09:56:35.803      09:56:35.803              Passing criteria: Underlying LTE test completed successfully with 09:56:35.803              exit code 0 09:56:35.803             ''' 09:56:35.803         logfile = open("output_VaryNumChainsWithNoParallelism_couchdb.log", "w") 09:56:35.803         returncode = subprocess.call( 09:56:35.803                 "./runbenchmarks.sh -f parameters_couchdb_daily_CI.sh " 09:56:35.803                 "varyNumChainsWithNoParallelism", shell=True, 09:56:35.803                 stderr=subprocess.STDOUT, stdout=logfile, cwd=tool_directory) 09:56:35.803         logfile.close() 09:56:35.803         self.assertEqual(returncode, 0, msg="varyNumChainsWithNoParallelism " 09:56:35.803                 "performance test for CouchDB failed. \nPlease check the logfile " 09:56:35.803 >               +logfile.name+" for more details.") 09:56:35.803 E       AssertionError: varyNumChainsWithNoParallelism performance test for CouchDB failed.  09:56:35.803 E       Please check the logfile output_VaryNumChainsWithNoParallelism_couchdb.log for more details. 09:56:35.803  09:56:35.803 ledger_lte.py:260: AssertionError 09:56:35.803 ____________________ perf_couchdb.test_FAB_3874_VaryKVSize _____________________ 09:56:35.803  09:56:35.803 self = <ledger_lte.perf_couchdb testMethod=test_FAB_3874_VaryKVSize> 09:56:35.803  09:56:35.803     def test_FAB_3874_VaryKVSize(self): 09:56:35.803         ''' 09:56:35.803              In this Performance test, we observe the performance (time to 09:56:35.803              complete a set number of Ledger operations) of the Ledger component, 09:56:35.803              with couchdb as the state database. We vary the size of key-value. 09:56:35.803      09:56:35.803              Passing criteria: Underlying LTE test completed successfully with 09:56:35.803              exit code 0 09:56:35.803             ''' 09:56:35.803         logfile = open("output_VaryKVSize_couchdb.log", "w") 09:56:35.803         returncode = subprocess.call( 09:56:35.803                 "./runbenchmarks.sh -f parameters_couchdb_daily_CI.sh varyKVSize", 09:56:35.803                 shell=True, stderr=subprocess.STDOUT, stdout=logfile, 09:56:35.803                 cwd=tool_directory) 09:56:35.803         logfile.close() 09:56:35.803         self.assertEqual(returncode, 0, msg="varyKVSize for CouchDB performance" 09:56:35.803 >               " test failed. \nPlease check the logfile "+logfile.name+" for " 09:56:35.803                 "more details.") 09:56:35.803 E       AssertionError: varyKVSize for CouchDB performance test failed.  09:56:35.803 E       Please check the logfile output_VaryKVSize_couchdb.log for more details. 09:56:35.803  09:56:35.803 ledger_lte.py:279: AssertionError 09:56:35.803 ___________________ perf_couchdb.test_FAB_3875_VaryBatchSize ___________________ 09:56:35.803  09:56:35.803 self = <ledger_lte.perf_couchdb testMethod=test_FAB_3875_VaryBatchSize> 09:56:35.803  09:56:35.803     def test_FAB_3875_VaryBatchSize(self): 09:56:35.803         ''' 09:56:35.803              In this Performance test, we observe the performance (time to 09:56:35.803              complete a set number of Ledger operations) of the Ledger component, 09:56:35.803              with couchdb as the state database. We vary the value of the batch 09:56:35.803              size 09:56:35.803      09:56:35.803              Passing criteria: Underlying LTE test completed successfully with 09:56:35.803              exit code 0 09:56:35.803             ''' 09:56:35.803         logfile = open("output_VaryBatchSize_couchdb.log", "w") 09:56:35.803         returncode = subprocess.call( 09:56:35.803                 "./runbenchmarks.sh -f parameters_couchdb_daily_CI.sh " 09:56:35.803                 "varyBatchSize", shell=True, stderr=subprocess.STDOUT, 09:56:35.803                 stdout=logfile, cwd=tool_directory) 09:56:35.803         logfile.close() 09:56:35.804         self.assertEqual(returncode, 0, msg="varyBatchSize for CouchDB " 09:56:35.804                 "performance test failed. \nPlease check the logfile " 09:56:35.804 >               +logfile.name+" for more etails.") 09:56:35.804 E       AssertionError: varyBatchSize for CouchDB performance test failed.  09:56:35.804 E       Please check the logfile output_VaryBatchSize_couchdb.log for more etails. 09:56:35.804  09:56:35.804 ledger_lte.py:301: AssertionError 09:56:35.804 ________________ perf_couchdb.test_FAB_3876_VaryNumKeysInEachTX ________________ 09:56:35.804  09:56:35.804 self = <ledger_lte.perf_couchdb testMethod=test_FAB_3876_VaryNumKeysInEachTX> 09:56:35.804  09:56:35.804     def test_FAB_3876_VaryNumKeysInEachTX(self): 09:56:35.804         ''' 09:56:35.804              In this Performance test, we observe the performance (time to 09:56:35.804              complete a set number of Ledger operations) of the Ledger component, 09:56:35.804              with couchdb as the state database. We vary the number of keys in 09:56:35.804              each transaction. 09:56:35.804      09:56:35.804              Passing criteria: Underlying LTE test completed successfully with 09:56:35.804              exit code 0 09:56:35.804             ''' 09:56:35.804         logfile = open("output_VaryNumKeysInEachTx_couchdb.log", "w") 09:56:35.804         returncode = subprocess.call( 09:56:35.804                 "./runbenchmarks.sh -f parameters_couchdb_daily_CI.sh " 09:56:35.804                 "varyNumKeysInEachTx", shell=True, stderr=subprocess.STDOUT, 09:56:35.804                 stdout=logfile, cwd=tool_directory) 09:56:35.804         logfile.close() 09:56:35.804         self.assertEqual(returncode, 0, msg="varyNumKeysInEachTx for CouchDB " 09:56:35.804                 "performance test failed. \nPlease check the logfile " 09:56:35.804 >               +logfile.name +" for more details.") 09:56:35.804 E       AssertionError: varyNumKeysInEachTx for CouchDB performance test failed.  09:56:35.804 E       Please check the logfile output_VaryNumKeysInEachTx_couchdb.log for more details. 09:56:35.804  09:56:35.804 ledger_lte.py:322: AssertionError 09:56:35.804 ____________________ perf_couchdb.test_FAB_3877_VaryNumTxs _____________________ 09:56:35.804  09:56:35.804 self = <ledger_lte.perf_couchdb testMethod=test_FAB_3877_VaryNumTxs> 09:56:35.804  09:56:35.804     def test_FAB_3877_VaryNumTxs(self): 09:56:35.804         self.assertTrue(True) 09:56:35.804         ''' 09:56:35.804              In this Performance test, we observe the performance (time to 09:56:35.804              complete a set number of Ledger operations) of the Ledger component, 09:56:35.804              with couchdb as the state database. We vary the number of 09:56:35.804              transactions carried out. 09:56:35.804      09:56:35.804              Passing criteria: Underlying LTE test completed successfully with 09:56:35.804              exit code 0 09:56:35.804             ''' 09:56:35.804         logfile = open("output_VaryNumTxs_couchdb.log", "w") 09:56:35.804         returncode = subprocess.call( 09:56:35.804                 "./runbenchmarks.sh -f parameters_couchdb_daily_CI.sh varyNumTxs", 09:56:35.804                 shell=True, stderr=subprocess.STDOUT, stdout=logfile, 09:56:35.804                 cwd=tool_directory) 09:56:35.804         logfile.close() 09:56:35.804         self.assertEqual(returncode, 0, msg="varyNumTxs for CouchDB " 09:56:35.804                 "performance test failed. \nPlease check the logfile " 09:56:35.804 >               +logfile.name+" for more " "details.") 09:56:35.804 E       AssertionError: varyNumTxs for CouchDB performance test failed.  09:56:35.804 E       Please check the logfile output_VaryNumTxs_couchdb.log for more details. 09:56:35.804  09:56:35.804 ledger_lte.py:344: AssertionError 09:56:35.804 ========================== 16 failed in 94.77 seconds ==========================  {code}  *COMMIT =========> 8b246d7*  *Console output:* https://jenkins.hyperledger.org/view/fabric-test/job/fabric-test-svt-x86_64/83/console  *Build Logs:*  Current Log: https://logs.hyperledger.org/production/vex-yul-hyp-jenkins-3/fabric-test-svt-x86_64/83  Previous Log: https://logs.hyperledger.org/production/vex-yul-hyp-jenkins-3/fabric-test-svt-x86_64/82  ></description> </Issue>
