<Issue id="24466" key="FAB-7102" number="7102" project="10002" reporter="sambhavdutt" creator="sambhavdutt" type="10004" summary="fabric-daily-test-x86_64 has failed due to incomplete data transfer and ledger errors." priority="3" resolution="10000" status="6" created="2017-11-24 22:22:42.0" updated="2019-03-19 11:12:51.0" resolutiondate="2017-12-09 16:43:43.0" votes="0" watches="1" workflowId="40585"> <description><! CDATA *fabric-saily-test-x86_64* failed due to the following errors,  10:42:31 + cd / 10:42:31 + curl -fsSL http://www.apache.org/dist/zookeeper/zookeeper-3.4.10/zookeeper-3.4.10.tar.gz 10:42:31 + tar -xz 10:42:36 curl: (18) transfer closed with 30516638 bytes remaining to read 10:42:36  10:42:36 gzip: stdin: unexpected end of file 10:42:36 tar: Unexpected EOF in archive 10:42:36 tar: Unexpected EOF in archive 10:42:36 tar: Error is not recoverable: exiting now 10:42:36 The command '/bin/sh -c set -x     && cd /     && curl -fsSL "http://www.apache.org/dist/zookeeper/$DISTRO_NAME/$DISTRO_NAME.tar.gz" | tar -xz     && mv "$DISTRO_NAME/conf/"* "$ZOO_CONF_DIR"' returned a non-zero code: 2 10:42:36 Makefile:291: recipe for target 'build/image/zookeeper/.dummy-x86_64-1.1.0-alpha-snapshot-784deb5' failed   14:14:38 ledger_lte.py::perf_couchdb::test_FAB_3870_VaryNumParallelTxPerChain FAILED 14:14:42 ledger_lte.py::perf_couchdb::test_FAB_3871_VaryNumChain FAILED 14:14:47 ledger_lte.py::perf_couchdb::test_FAB_3872_VaryNumParallelTxWithSingleChain FAILED 14:14:52 ledger_lte.py::perf_couchdb::test_FAB_3873_VaryNumChainWithNoParallelism FAILED 14:14:57 ledger_lte.py::perf_couchdb::test_FAB_3874_VaryKVSize FAILED 14:15:01 ledger_lte.py::perf_couchdb::test_FAB_3875_VaryBatchSize FAILED 14:15:06 ledger_lte.py::perf_couchdb::test_FAB_3876_VaryNumKeysInEachTX FAILED 14:15:11 ledger_lte.py::perf_couchdb::test_FAB_3877_VaryNumTxs FAILED 14:15:11  14:15:11  generated xml file: /w/workspace/fabric-daily-tests-x86_64/gopath/src/github.com/hyperledger/fabric/test/regression/daily/results_ledger_lte.xml  14:15:11 =================================== FAILURES ===================================  *Build Log*  https://jenkins.hyperledger.org/view/Daily/job/fabric-daily-tests-x86_64/162/console  ></description> </Issue>
