<Issue id="30061" key="FAB-9972" number="9972" project="10002" reporter="sambhavdutt" assignee="adnanchoudhury" creator="sambhavdutt" type="10004" summary="Ledger_lte CI tests fail in the fabric-test-daily job as Assertion error observed in couchDB and golevelDB." priority="2" resolution="10000" status="6" created="2018-05-09 13:01:02.0" updated="2019-03-19 11:13:07.0" resolutiondate="2018-07-30 18:55:54.0" votes="0" watches="2" workflowId="35747"> <description><! CDATA CouchDB and golevelDB performance tests are failing in ledger_lte due to Assertion error in fabric-test-daily CI job.  *fabric-test Commit: ed58dc8*  {code:java} AssertionError: VaryNumParallelTxPerChain for CouchDB performance testfailed.  Please check the logfile output_VaryNumParallelTxPerChain_couchdb.log for more details.  logfile = open("output_VaryNumParallelTxPerChain_couchdb.log", "w") returncode = subprocess.call( "./runbenchmarks.sh -f " "parameters_couchdb_daily_CI.sh varyNumParallelTxPerChain", shell=True, stderr=subprocess.STDOUT, stdout=logfile, cwd=tool_directory) logfile.close() self.assertEqual(returncode, 0, msg="VaryNumParallelTxPerChain for CouchDB performance test" >               "failed. \nPlease check the logfile " +logfile.name+" for more" " details.") E       AssertionError: VaryNumParallelTxPerChain for CouchDB performance testfailed.  E       Please check the logfile output_VaryNumParallelTxPerChain_couchdb.log for more details.  ledger_lte.py:196: AssertionError {code}  *Build Log*  https://logs.hyperledger.org/production/vex-yul-hyp-jenkins-3/fabric-test-daily-x86_64/346/  ></description> </Issue>
