<Issue id="37112" key="FAB-13871" number="13871" project="10002" reporter="sambhavdutt" assignee="latitiah" creator="sambhavdutt" type="10004" summary="OTE tests are failing consistently in FAB7936 test as &quot;Result=Passed&quot; was not found in the test" priority="2" resolution="10002" status="6" created="2019-01-24 15:43:22.0" updated="2019-03-19 11:12:53.0" resolutiondate="2019-01-24 17:39:25.0" votes="0" watches="5" workflowId="48689"> <description><! CDATA OTE tests are failing consistently in FAB-7936 test as "Result=Passed" was not found in the *OTE_Orderer_Traffic_Engine.test_FAB7936_100tx_3ch_3ord_3kb* test. This has been consistent in the master branch. The entire test is taking 45 minutes in the last run which is the usual time for the smoke tests.   *Intermittent:* Yes *Branch:* master  *Error Snippet:*  {code:java} 20:10:37 =================================== FAILURES =================================== 20:10:37 __________ OTE_Orderer_Traffic_Engine.test_FAB7936_100tx_3ch_3ord_3kb __________ 20:10:37  20:10:37 self = <orderer_ote.OTE_Orderer_Traffic_Engine testMethod=test_FAB7936_100tx_3ch_3ord_3kb> 20:10:37  20:10:37     def test_FAB7936_100tx_3ch_3ord_3kb(self):  20:10:37         result = subprocess.check_output("./runote.sh -t FAB-7936_100tx_3ch_3ord_3kb", cwd='../../tools/OTE', shell=True) 20:10:37 >       self.assertIn(TEST_PASS_STRING, result) 20:10:37 E       AssertionError: 'RESULT=PASSED' not found in "====================Starting FAB-7936_100tx_3ch_3ord_3kb test with OTE====================\nnumber of orderers: 3\nordererLogLevel:  INFO\nnumber of CA: 0\nnumber of organizations: 1\nnumber of peers {code}  *Build Logs:* https://logs.hyperledger.org/production/vex-yul-hyp-jenkins-3/fabric-test-merge-x86_64/588/  ></description> </Issue>
