<Issue id="36288" key="FABCN-170" number="170" project="11207" reporter="vijaypunugubati" creator="vijaypunugubati" type="10000" summary="npm error observed intermittently in fabric sdk-java" priority="3" resolution="10001" status="6" created="2018-12-19 15:09:30.0" updated="2019-11-30 21:14:37.0" resolutiondate="2019-02-18 10:59:33.0" votes="0" watches="6" workflowId="56988"> <description><! CDATA    npm error observed intermittently in fabric sdk-java, fail in fabric.sdkintegration.IntegrationSuite  Intermittent: Yes  Branch: master  Platform: x86_64  Error Snippet: {code:java} /19:35:39 Tests run: 47, Failures: 2, Errors: 0, Skipped: 0, Time elapsed: 788.79 sec <<< FAILURE! - in org.hyperledger.fabric.sdkintegration.IntegrationSuite 19:35:39 setup(org.hyperledger.fabric.sdkintegration.End2endNodeIT)  Time elapsed: 104.856 sec  <<< FAILURE! 19:35:39 java.lang.AssertionError:  19:35:39 Not enough endorsers for instantiate :1endorser failed with error starting container: error starting container: Failed to generate platform-specific docker build: Error returned from build: 1 "npm WARN deprecated @types/winston@2.4.4: This is a stub types definition. winston provides its own type definitions, so you do not need this installed. 19:35:39 npm WARN deprecated boom@4.3.1: This version is no longer maintained. Please upgrade to the latest version. 19:35:39 npm ERR! Unexpected end of JSON input while parsing near '...XrL2PBPPcib8o8dFZ2U4H' 19:35:39  19:35:39 npm ERR! A complete log of this run can be found in: 19:35:39 npm ERR!     /root/.npm/_logs/2018-12-19T00_28_11_516Z-debug.log 19:35:39 ". Was verified:false 19:35:39 	at org.hyperledger.fabric.sdkintegration.End2endNodeIT.setup(End2endNodeIT.java:51) 19:35:39  19:35:39 setup(org.hyperledger.fabric.sdkintegration.End2endAndBackAgainNodeIT)  Time elapsed: 72.77 sec  <<< FAILURE! 19:35:39 java.lang.AssertionError: Peer peer0.org2.example.com is missing instantiated chaincode name: example_cc_node, path:null, version: null 19:35:39 	at org.hyperledger.fabric.sdkintegration.End2endAndBackAgainNodeIT.setup(End2endAndBackAgainNodeIT.java:36) 19:35:39  19:35:39  19:35:39 Results : 19:35:39  19:35:39 Failed tests:  19:35:39   End2endAndBackAgainNodeIT.setup:36->End2endAndBackAgainIT.runFabricTest:269->End2endAndBackAgainIT.reconstructChannel:733 Peer peer0.org2.example.com is missing instantiated chaincode name: example_cc_node, path:null, version: null 19:35:39   End2endNodeIT.setup:51->End2endIT.runFabricTest:228->End2endIT.runChannel:527 Not enough endorsers for instantiate :1endorser failed with error starting container: error starting container: Failed to generate platform-specific docker build: Error returned from build: 1 "npm WARN deprecated @types/winston@2.4.4: This is a stub types definition. winston provides its own type definitions, so you do not need this installed. 19:35:39 npm WARN deprecated boom@4.3.1: This version is no longer maintained. Please upgrade to the latest version. 19:35:39 npm ERR! Unexpected end of JSON input while parsing near '...XrL2PBPPcib8o8dFZ2U4H' 19:35:39  19:35:39 npm ERR! A complete log of this run can be found in: 19:35:39 npm ERR!     /root/.npm/_logs/2018-12-19T00_28_11_516Z-debug.log 19:35:39 ". Was verified:false 19:35:39  19:35:39 Tests run: 47, Failures: 2, Errors: 0, Skipped: 0 19:35:39  19:35:39  WARNING  File encoding has not been set, using platform encoding UTF-8, i.e. build is platform dependent! The file encoding for reports output files should be provided by the POM property ${project.reporting.outputEncoding}. 19:35:39  INFO   19:35:39  INFO  --- maven-failsafe-plugin:2.19.1:verify (failsafe-integration-tests) @ fabric-sdk-java --- 19:35:39  WARNING  File encoding has not been set, using platform encoding UTF-8, i.e. build is platform dependent! The file encoding for reports output files should be provided by the POM property ${project.reporting.outputEncoding}. 19:35:39  INFO  ------------------------------------------------------------------------ 19:35:39  INFO  BUILD FAILURE 19:35:39  INFO  ------------------------------------------------------------------------ 19:35:39  INFO  Total time: 15:02 min 19:35:39  INFO  Finished at: 2018-12-19T00:35:39+00:00 19:35:39  INFO  Final Memory: 62M/1486M 19:35:39  INFO  ------------------------------------------------------------------------ 19:35:39  ERROR  Failed to execute goal org.apache.maven.plugins:maven-failsafe-plugin:2.19.1:verify (failsafe-integration-tests) on project fabric-sdk-java: There are test failures. 19:35:39  ERROR  / code placeholder {code}       Build Logs:   https://logs.hyperledger.org/production/vex-yul-hyp-jenkins-3/fabric-end-2-end-daily-master-x86_64/320/   ></description> </Issue>
