<Issue id="44164" key="FAB-17451" number="17451" project="10002" reporter="denyeart" creator="denyeart" type="10004" summary="gossip unit test flakes" priority="3" status="10300" created="2020-01-29 00:38:38.0" updated="2020-11-23 14:37:21.0" votes="0" watches="3" workflowId="58065" archived="N"> <description><! CDATA Three gossip failures in a row, so I'll open under a common bug...  *1)*  --- FAIL: TestWithStaticDeliverClientNotLeader (30.00s) gossip_service_test.go:627: Failed to establish full channel membership. Only 0 out of 2 peers have full membership  FAIL	github.com/hyperledger/fabric/gossip/service	92.374s  https://dev.azure.com/Hyperledger/Fabric/_build/results?buildId=6325&view=logs&jobId=0a97ca82-e6d7-53d3-520d-b1d88f915027&j=0a97ca82-e6d7-53d3-520d-b1d88f915027&t=02e77de7-5c5f-5e0e-2a53-20d32fa2f823  See attachment for issue #1.   *2)*  --- FAIL: TestWithStaticDeliverClientBothStaticAndLeaderElection (30.00s) gossip_service_test.go:627: Failed to establish full channel membership. Only 0 out of 2 peers have full membership  FAIL	github.com/hyperledger/fabric/gossip/service	117.405s  https://dev.azure.com/Hyperledger/Fabric/_build/results?buildId=6325&view=logs&jobId=0a97ca82-e6d7-53d3-520d-b1d88f915027&j=a11cdf60-0d11-5130-c801-1b4953009464&t=849b73ad-cbaa-5065-7214-c0ac3d42920d   *3)*  panic: test timed out after 20m0s  FAIL	github.com/hyperledger/fabric/gossip/comm	1200.118s  https://dev.azure.com/Hyperledger/Fabric/_build/results?buildId=6325&view=logs&jobId=0a97ca82-e6d7-53d3-520d-b1d88f915027&j=a11cdf60-0d11-5130-c801-1b4953009464&t=5e6c925f-2981-5207-dd06-5e1b24383e25  ></description> </Issue>
