<Issue id="46632" key="FABJ-549" number="549" project="10605" reporter="denyeart" assignee="lesleyannj" creator="denyeart" type="10004" summary="Java SDK integration test flake: AssertionError: expected:&lt;2&gt; but was:&lt;3&gt;" priority="3" resolution="10000" status="6" created="2021-03-10 03:36:38.0" updated="2021-03-11 15:09:23.0" resolutiondate="2021-03-11 15:09:23.0" votes="0" watches="2" workflowId="60578" archived="N"> <description><! CDATA Interop test failure in release-2.2:   https://dev.azure.com/Hyperledger/Fabric-Test/_build/results?buildId=31391&view=logs&j=d0d2be3f-824e-5af7-b144-d4454adf631e&t=ca4c72e8-a3d2-5aff-1db9-024a1d39dfd7&s=51ce7656-fdec-5b56-aa00-280146367767         2021-03-08T07:05:44.2474820Z  ERROR  Tests run: 51, Failures: 1, Errors: 0, Skipped: 0, Time elapsed: 1,059.268 s <<< FAILURE! - in org.hyperledger.fabric.sdkintegration.IntegrationSuite 2021-03-08T07:05:44.2475720Z  ERROR  org.hyperledger.fabric.sdkintegration.End2endJavaIT.setup Time elapsed: 89.178 s <<< FAILURE! 2021-03-08T07:05:44.2483746Z java.lang.AssertionError: expected:<2> but was:<3> 2021-03-08T07:05:44.2484462Z at org.hyperledger.fabric.sdkintegration.End2endJavaIT.setup(End2endJavaIT.java:60) 2021-03-08T07:05:44.2484788Z  2021-03-08T07:05:44.6902275Z  INFO   2021-03-08T07:05:44.6902764Z  INFO  Results: 2021-03-08T07:05:44.6903085Z  INFO   2021-03-08T07:05:44.6903402Z  ERROR  Failures:  2021-03-08T07:05:44.6904660Z  ERROR  End2endJavaIT.setup:60->End2endIT.runFabricTest:209->End2endIT.runChannel:786 expected:<2> but was:<3> 2021-03-08T07:05:44.6905484Z  INFO   2021-03-08T07:05:44.6905902Z  ERROR  Tests run: 51, Failures: 1, Errors: 0, Skipped: 0  ></description> </Issue>
