<Issue id="36490" key="FAB-13497" number="13497" project="10002" reporter="sambhavdutt" creator="sambhavdutt" type="10004" summary="gossip test is timing out intermittently  in the code-coverage &amp; unit-test daily tests" priority="3" resolution="10203" status="6" created="2019-01-06 16:22:25.0" updated="2019-03-19 10:57:24.0" resolutiondate="2019-01-22 14:55:55.0" votes="0" watches="3" workflowId="48028"> <description><! CDATA The gossip tests are timing out in the daily unit-test-code-coverage jobs, these timeouts are happening in multiple branches.  Intermittent: Yes  Platform: x86_64  Error Snippet:   {code:java} 00:43:50.677 /opt/go/go1.11.1.linux.amd64/src/runtime/<<<TestMembershipConvergence>>> 00:43:50.677 --- FAIL: TestMembershipConvergence (575.19s) 00:43:50.677     gossip_test.go:799: Sets of peers connected successfully 00:43:50.677     gossip_test.go:1531:  00:43:50.677         	Error Trace:	gossip_test.go:1531 00:43:50.677         	            				asm_amd64.s:1333 00:43:50.677         	Error:      	Didn't stop within a timely manner 00:43:50.677         	Test:       	TestMembershipConvergence 00:43:50.677     gossip_test.go:1591:  00:43:50.677         	Error Trace:	gossip_test.go:1591 00:43:50.677         	            				gossip_test.go:816 00:43:50.677         	Error:      	Timeout expired! 00:43:50.677         	Test:       	TestMembershipConvergence	/opt/go/go1.11.1.linux.amd64/src/runtime/<<<TestMembershipConvergence>>> 00:43:50.677 --- FAIL: TestMembershipConvergence (575.19s) 00:43:50.677     gossip_test.go:799: Sets of peers connected successfully 00:43:50.677     gossip_test.go:1531:  00:43:50.677         	Error Trace:	gossip_test.go:1531 00:43:50.677         	            				asm_amd64.s:1333 00:43:50.677         	Error:      	Didn't stop within a timely manner 00:43:50.677         	Test:       	TestMembershipConvergence 00:43:50.677     gossip_test.go:1591:  00:43:50.677         	Error Trace:	gossip_test.go:1591 00:43:50.677         	            				gossip_test.go:816 00:43:50.677         	Error:      	Timeout expired! 00:43:50.677         	Test:       	TestMembershipConvergence {code}  *Build Logs*  https://jenkins.hyperledger.org/view/Daily/job/fabric-unit-test-coverage-daily-master-x86_64/317/consoleFull    ></description> </Issue>
