<Issue id="42190" key="FABCN-284" number="284" project="11207" reporter="vijaypunugubati" creator="vijaypunugubati" type="10000" summary="fabric-chaincode-node-merge job: failed on test-fv-shim" priority="3" resolution="10203" status="6" created="2019-09-04 19:21:57.0" updated="2019-11-30 21:15:06.0" resolutiondate="2019-09-09 17:45:49.0" votes="0" watches="5" workflowId="57102"> <description><! CDATA fabric-chaincode-node-merge job: failed to launch chaincode CRUD on test-fv-shim test on test-e2e.  *Branch:*Â Master  *Platform:* x86_64  *Error Snippet:*Â  {code:java} /1) Chaincode CRUD Get should get single key value: 00:17:29.024       Error: Command failed: docker exec org2_cli peer chaincode query  -C mychannel -n crud -c '{"Args": "org.mynamespace.crud:getKey","string" }' 00:17:29.024  Error: endorsement failure during query. response: status:500 message:"error in simulation: failed to execute transaction e96d4f813fadf4b99c7bdb66a26fdb06591c2200c15cf1549452854d753a1bd9: could not launch chaincode crud:v0: error starting container: error building image: failed external (no builders defined) and docker build: docker image build failed: docker build failed: Error returned from build: 1 \"npm WARN deprecated @types/winston@2.4.4: This is a stub types definition. winston provides its own type definitions, so you do not need this installed.\nnpm ERR! Unexpected end of JSON input while parsing near '...t/cPe+aEBtrMq6BYqnf9w'\n\nnpm ERR! A complete log of this run can be found in:\nnpm ERR!     /root/.npm/_logs/2019-09-04T13_40_47_748Z-debug.log\n\""  00:17:29.024   00:17:29.024        at ChildProcess.exithandler (child_process.js:294:12) 00:17:29.024        at maybeClose (internal/child_process.js:970:16) 00:17:29.024        at Process.ChildProcess._handle.onexit (internal/child_process.js:259:5) 00:17:29.024   00:17:29.024   00:17:29.024   00:17:29.024   13:43:26  '<anonymous>' errored after 7.3 min 00:17:29.024   13:43:26  Error: child process exited with code 1 00:17:29.024      at ChildProcess.cmd.on (/w/workspace/fabric-chaincode-node-merge-x86_64/gopath/src/github.com/hyperledger/fabric-chaincode-node/build/test/fv.js:20:18) 00:17:29.024      at ChildProcess.emit (events.js:189:13) 00:17:29.024      at ChildProcess.EventEmitter.emit (domain.js:459:23) 00:17:29.024      at maybeClose (internal/child_process.js:970:16) 00:17:29.024      at Process.ChildProcess._handle.onexit (internal/child_process.js:259:5) 00:17:29.024   13:43:26  'test-fv-shim' errored after 7.3 min 00:17:29.024   13:43:26  'test-e2e' errored after 7.3 min 00:17:29.024   31m ERROR!!! test-e2e failed  0m/ code placeholder {code}  ></description> </Issue>
