<Action id="60592" issue="40182" author="rickr" type="comment" created="2019-06-03 13:04:57.0" updateauthor="rickr" updated="2019-06-03 13:04:57.0"> <body><! CDATA That's not the error for the test failure.  That stacktrace I beleive is actuall expected.  The  error for failure is  below.  This is a failure for the Java Chaincode initializing. So this must solved on the Fabric side of the fence.    *09:27:51*  ERROR  Tests run: 49, Failures: 1, Errors: 0, Skipped: 0, Time elapsed: 656.852 s <<< FAILURE! - in org.hyperledger.fabric.sdkintegration.IntegrationSuite*09:27:51*  ERROR  setup(org.hyperledger.fabric.sdkintegration.End2endLifecycleIT)  Time elapsed: 117.427 s  <<< FAILURE!*09:27:51* java.lang.AssertionError: *09:27:51* Not enough endorsers for executeChaincode(move a,b,100):4 endorser error: failed to execute transaction b40ce26afceabcd874160518ba99d10fff498f671c379f1f5d7e7fbd55273b17:  channel v2channel  could not launch chaincode JavaLABEL:18f6da7f3855ef130378007567e72c48b0800ccfe6fb2534d10e22aea3e22aa8: error starting container: error starting container: Failed to generate platform-specific docker build: Error returned from build: 1 "Gradle build*09:27:51* Starting a Gradle Daemon (subsequent builds will be faster)*09:27:51* Download   https://plugins.gradle.org/m2/com/github/johnrengelman/shadow/com.github.johnrengelman.shadow.gradle.plugin/2.0.3/com.github.johnrengelman.shadow.gradle.plugin-2.0.3.pom  *09:27:51* Download   https://plugins.gradle.org/m2/com/github/jengelman/gradle/plugins/shadow/2.0.3/shadow-2.0.3.pom  *09:27:51* Download   https://plugins.gradle.org/m2/org/ow2/asm/asm-commons/6.1/asm-commons-6.1.pom  *09:27:51* Download   https://plugins.gradle.org/m2/org/jdom/jdom2/2.0.6/jdom2-2.0.6.pom  *09:27:51* Download   https://plugins.gradle.org/m2/org/ow2/asm/asm/6.1/asm-6.1.pom  *09:27:51* Download   https://plugins.gradle.org/m2/org/apache/ant/ant/1.9.7/ant-1.9.7.pom  *09:27:51* Download   https://plugins.gradle.org/m2/org/apache/ant/ant-parent/1.9.7/ant-parent-1.9.7.pom  *09:27:51* Download   https://plugins.gradle.org/m2/org/ow2/asm/asm-analysis/6.1/asm-analysis-6.1.pom  *09:27:51* Download   https://plugins.gradle.org/m2/org/ow2/asm/asm-tree/6.1/asm-tree-6.1.pom   ></body> </Action>
<Action id="60593" issue="40182" author="sambhavdutt" type="comment" created="2019-06-03 13:19:20.0" updateauthor="sambhavdutt" updated="2019-06-03 13:19:20.0"> <body><! CDATA The failure during the instantiation has not been observed and the java integration tests have been passing from the last two builds.    *Build Log*  https://jenkins.hyperledger.org/view/fabric/job/fabric-merge-end-2-end-x86_64/5439/consoleFull  ></body> </Action>
